INFO:root:Processing smapi.CNTD3BWEB91E.LexisAdvance_2.01.15.09.53.28
INFO:root:Seen this file, starting at 492
INFO:root:Processing smapi.CNTD3BWEB93A.LexisAdvance_1.01.15.09.54.47
INFO:root:Seen this file, starting at 1799
INFO:root:Processing smapi.CNTD3BWEB93A.LexisAdvance_2.01.15.09.54.47
INFO:root:Seen this file, starting at 435
INFO:root:Processing smapi.CNTD3BWEB93A.LexisAdvance_0.01.15.09.54.47
INFO:root:Seen this file, starting at 506
INFO:root:Processing smapi.CNTD3BWEB91D.LexisAdvance_0.01.15.09.45.57
INFO:root:Seen this file, starting at 2458
INFO:root:Processing smapi.CNTD3BWEB91F.LexisAdvance_1.01.15.09.38.29
INFO:root:Seen this file, starting at 11693
INFO:root:Processing smapi.CNTD3BWEB91E.LexisAdvance_0.01.15.09.53.28
INFO:root:Seen this file, starting at 1989
INFO:root:Processing smapi.CNTD3BWEB91C.LexisAdvance_2.01.15.09.45.57
INFO:root:Seen this file, starting at 862
INFO:root:Processing smapi.CNTD3BWEB91E.LexisAdvance_1.01.15.09.53.28
INFO:root:Seen this file, starting at 665
INFO:root:Processing smapi.CNTD3BWEB91C.LexisAdvance_1.01.15.09.45.57
INFO:root:Seen this file, starting at 1330
INFO:root:Processing smapi.CNTD3BWEB91A.LexisAdvance_0.01.15.09.31.05
INFO:root:Seen this file, starting at 1527
INFO:root:Processing smapi.CNTD3BWEB91A.LexisAdvance_2.01.15.09.31.05
INFO:root:Seen this file, starting at 2192
INFO:root:No new data, same size, skipping
INFO:root:Processing smapi.CNTD3BWEB91D.LexisAdvance_2.01.15.09.45.57
INFO:root:Seen this file, starting at 1330
INFO:root:Processing smapi.CNTD3BWEB91F.LexisAdvance_2.01.15.09.38.29
INFO:root:Seen this file, starting at 8428
INFO:root:Processing smapi.CNTD3BWEB91B.LexisAdvance_0.01.15.09.38.26
INFO:root:Seen this file, starting at 2660
INFO:root:Processing smapi.CNTD3BWEB91B.LexisAdvance_1.01.15.09.38.26
INFO:root:Seen this file, starting at 1832
INFO:root:Processing smapi.CNTD3BWEB91B.LexisAdvance_2.01.15.09.38.26
INFO:root:Seen this file, starting at 1724
INFO:root:Processing smapi.CNTD3BWEB91F.LexisAdvance_0.01.15.09.38.29
INFO:root:Seen this file, starting at 13960
INFO:root:Processing smapi.CNTD3BWEB94A.LexisAdvance_1.01.15.09.53.50
INFO:root:Seen this file, starting at 170234
INFO:root:Processing smapi.CNTD3BWEB91C.LexisAdvance_0.01.15.09.45.57
INFO:root:Seen this file, starting at 1452
INFO:root:Processing smapi.CNTD3BWEB91D.LexisAdvance_1.01.15.09.45.57
INFO:root:Seen this file, starting at 1504
INFO:root:Processing smapi.CNTD3BWEB94A.LexisAdvance_2.01.15.09.53.50
INFO:root:Seen this file, starting at 150139
INFO:root:Processing smapi.CNTD3BWEB94A.LexisAdvance_0.01.15.09.53.50
INFO:root:Seen this file, starting at 139462
INFO:root:Processing smapi.CNTD3BWEB91A.LexisAdvance_1.01.15.09.31.05
INFO:root:Seen this file, starting at 1761
INFO:root:Total time was: 0.412675 seconds records: 386  Kbytes: 753 Files: 23
INFO:root:Total time was: 0.00687792 minutes
INFO:root:Started at: Wed Jan 15 10:04:19 2014
INFO:root:Ended at: Wed Jan 15 10:04:20 2014
INFO:root:State read value is 1
INFO:root:Going to sleep for 299.572571993 seconds
INFO:root:Processing smapi.CNTD3BWEB91E.LexisAdvance_2.01.15.09.53.28
INFO:root:Seen this file, starting at 984
INFO:root:Processing smapi.CNTD3BWEB93A.LexisAdvance_1.01.15.09.54.47
INFO:root:Seen this file, starting at 3598
INFO:root:Processing smapi.CNTD3BWEB93A.LexisAdvance_2.01.15.09.54.47
INFO:root:Seen this file, starting at 870
INFO:root:Processing smapi.CNTD3BWEB93A.LexisAdvance_0.01.15.09.54.47
INFO:root:Seen this file, starting at 1012
INFO:root:Processing smapi.CNTD3BWEB91D.LexisAdvance_0.01.15.09.45.57
INFO:root:Seen this file, starting at 2999
INFO:root:Processing smapi.CNTD3BWEB91F.LexisAdvance_1.01.15.09.38.29
INFO:root:Seen this file, starting at 12524
INFO:root:Processing smapi.CNTD3BWEB91E.LexisAdvance_0.01.15.09.53.28
INFO:root:Seen this file, starting at 3978
INFO:root:Processing smapi.CNTD3BWEB91C.LexisAdvance_2.01.15.09.45.57
INFO:root:Seen this file, starting at 1293
INFO:root:Processing smapi.CNTD3BWEB91E.LexisAdvance_1.01.15.09.53.28
INFO:root:Seen this file, starting at 1330
INFO:root:Processing smapi.CNTD3BWEB91C.LexisAdvance_1.01.15.09.45.57
INFO:root:Seen this file, starting at 1995
INFO:root:Processing smapi.CNTD3BWEB91D.LexisAdvance_2.01.15.09.45.57
INFO:root:Seen this file, starting at 1995
INFO:root:Processing smapi.CNTD3BWEB91F.LexisAdvance_2.01.15.09.38.29
INFO:root:Seen this file, starting at 11357
INFO:root:Processing smapi.CNTD3BWEB91A.LexisAdvance_2.01.15.10.01.05
INFO:root:New file
INFO:root:Processing smapi.CNTD3BWEB91A.LexisAdvance_0.01.15.10.01.05
INFO:root:New file
INFO:root:Processing smapi.CNTD3BWEB91B.LexisAdvance_0.01.15.09.38.26
INFO:root:Seen this file, starting at 3325
INFO:root:Processing smapi.CNTD3BWEB91B.LexisAdvance_1.01.15.09.38.26
INFO:root:Seen this file, starting at 2290
INFO:root:Processing smapi.CNTD3BWEB91B.LexisAdvance_2.01.15.09.38.26
INFO:root:Seen this file, starting at 2155
INFO:root:Processing smapi.CNTD3BWEB91F.LexisAdvance_0.01.15.09.38.29
INFO:root:Seen this file, starting at 15117
INFO:root:Processing smapi.CNTD3BWEB94A.LexisAdvance_1.01.15.09.53.50
INFO:root:Seen this file, starting at 406260
INFO:root:Processing smapi.CNTD3BWEB91C.LexisAdvance_0.01.15.09.45.57
INFO:root:Seen this file, starting at 2178
INFO:root:Processing smapi.CNTD3BWEB91D.LexisAdvance_1.01.15.09.45.57
INFO:root:Seen this file, starting at 2256
INFO:root:Processing smapi.CNTD3BWEB94A.LexisAdvance_2.01.15.09.53.50
INFO:root:Seen this file, starting at 420267
INFO:root:Processing smapi.CNTD3BWEB94A.LexisAdvance_0.01.15.09.53.50
INFO:root:Seen this file, starting at 387172
INFO:root:Total time was: 0.396293 seconds records: 340  Kbytes: 664 Files: 23
INFO:root:Total time was: 0.00660488 minutes
INFO:root:Started at: Wed Jan 15 10:09:19 2014
INFO:root:Ended at: Wed Jan 15 10:09:20 2014
INFO:root:State read value is 1
INFO:root:Going to sleep for 299.596400976 seconds
INFO:root:Processing smapi.CNTD3BWEB91F.LexisAdvance_2.01.15.10.08.30
INFO:root:New file
INFO:root:Processing smapi.CNTD3BWEB91E.LexisAdvance_2.01.15.09.53.28
INFO:root:Seen this file, starting at 1476
INFO:root:Processing smapi.CNTD3BWEB93A.LexisAdvance_1.01.15.09.54.47
INFO:root:Seen this file, starting at 5397
INFO:root:Processing smapi.CNTD3BWEB93A.LexisAdvance_2.01.15.09.54.47
INFO:root:Seen this file, starting at 1305
INFO:root:Processing smapi.CNTD3BWEB93A.LexisAdvance_0.01.15.09.54.47
INFO:root:Seen this file, starting at 1518
INFO:root:Processing smapi.CNTD3BWEB91A.LexisAdvance_1.01.15.10.01.05
INFO:root:New file
INFO:root:Processing smapi.CNTD3BWEB91D.LexisAdvance_0.01.15.09.45.57
INFO:root:Seen this file, starting at 3540
INFO:root:Processing smapi.CNTD3BWEB91F.LexisAdvance_0.01.15.10.08.30
INFO:root:New file
INFO:root:Processing smapi.CNTD3BWEB91B.LexisAdvance_1.01.15.10.08.26
INFO:root:New file
INFO:root:Processing smapi.CNTD3BWEB91E.LexisAdvance_0.01.15.09.53.28
INFO:root:Seen this file, starting at 5967
INFO:root:Processing smapi.CNTD3BWEB91C.LexisAdvance_2.01.15.09.45.57
INFO:root:Seen this file, starting at 1724
INFO:root:Processing smapi.CNTD3BWEB91E.LexisAdvance_1.01.15.09.53.28
INFO:root:Seen this file, starting at 1995
INFO:root:Processing smapi.CNTD3BWEB91F.LexisAdvance_1.01.15.10.08.30
INFO:root:New file
INFO:root:Processing smapi.CNTD3BWEB91C.LexisAdvance_1.01.15.09.45.57
INFO:root:Seen this file, starting at 2660
INFO:root:Processing smapi.CNTD3BWEB91D.LexisAdvance_2.01.15.09.45.57
INFO:root:Seen this file, starting at 2660
INFO:root:Processing smapi.CNTD3BWEB91A.LexisAdvance_2.01.15.10.01.05
INFO:root:Seen this file, starting at 665
INFO:root:Processing smapi.CNTD3BWEB91A.LexisAdvance_0.01.15.10.01.05
INFO:root:Seen this file, starting at 431
INFO:root:No new data, same size, skipping
INFO:root:Processing smapi.CNTD3BWEB94A.LexisAdvance_1.01.15.09.53.50
INFO:root:Seen this file, starting at 653149
INFO:root:Processing smapi.CNTD3BWEB91C.LexisAdvance_0.01.15.09.45.57
INFO:root:Seen this file, starting at 2904
INFO:root:Processing smapi.CNTD3BWEB91B.LexisAdvance_0.01.15.10.08.26
INFO:root:New file
INFO:root:Processing smapi.CNTD3BWEB91B.LexisAdvance_2.01.15.10.08.26
INFO:root:New file
INFO:root:Processing smapi.CNTD3BWEB91D.LexisAdvance_1.01.15.09.45.57
INFO:root:Seen this file, starting at 3008
INFO:root:Processing smapi.CNTD3BWEB94A.LexisAdvance_2.01.15.09.53.50
INFO:root:Seen this file, starting at 627745
INFO:root:Processing smapi.CNTD3BWEB94A.LexisAdvance_0.01.15.09.53.50
INFO:root:Seen this file, starting at 596028
INFO:root:Total time was: 0.565747 seconds records: 680  Kbytes: 1301 Files: 23
INFO:root:Total time was: 0.00942912 minutes
INFO:root:Started at: Wed Jan 15 10:14:19 2014
INFO:root:Ended at: Wed Jan 15 10:14:20 2014
INFO:root:State read value is 1
INFO:root:Going to sleep for 299.416548014 seconds
INFO:root:Processing smapi.CNTD3BWEB91F.LexisAdvance_2.01.15.10.08.30
INFO:root:Seen this file, starting at 831
INFO:root:Processing smapi.CNTD3BWEB91E.LexisAdvance_2.01.15.09.53.28
INFO:root:Seen this file, starting at 1968
INFO:root:Processing smapi.CNTD3BWEB93A.LexisAdvance_1.01.15.09.54.47
INFO:root:Seen this file, starting at 7196
INFO:root:Processing smapi.CNTD3BWEB93A.LexisAdvance_2.01.15.09.54.47
INFO:root:Seen this file, starting at 1740
INFO:root:Processing smapi.CNTD3BWEB93A.LexisAdvance_0.01.15.09.54.47
INFO:root:Seen this file, starting at 2024
INFO:root:Processing smapi.CNTD3BWEB91A.LexisAdvance_1.01.15.10.01.05
INFO:root:Seen this file, starting at 665
INFO:root:Processing smapi.CNTD3BWEB91D.LexisAdvance_0.01.15.09.45.57
INFO:root:Seen this file, starting at 4081
INFO:root:Processing smapi.CNTD3BWEB91F.LexisAdvance_0.01.15.10.08.30
INFO:root:Seen this file, starting at 2929
INFO:root:Processing smapi.CNTD3BWEB91B.LexisAdvance_1.01.15.10.08.26
INFO:root:Seen this file, starting at 458
INFO:root:Processing smapi.CNTD3BWEB91E.LexisAdvance_0.01.15.09.53.28
INFO:root:Seen this file, starting at 7956
INFO:root:Processing smapi.CNTD3BWEB91C.LexisAdvance_2.01.15.09.45.57
INFO:root:Seen this file, starting at 2155
INFO:root:Processing smapi.CNTD3BWEB91E.LexisAdvance_1.01.15.09.53.28
INFO:root:Seen this file, starting at 2660
INFO:root:Processing smapi.CNTD3BWEB91F.LexisAdvance_1.01.15.10.08.30
INFO:root:Seen this file, starting at 1157
INFO:root:Processing smapi.CNTD3BWEB91C.LexisAdvance_1.01.15.09.45.57
INFO:root:Seen this file, starting at 3325
INFO:root:Processing smapi.CNTD3BWEB91D.LexisAdvance_2.01.15.09.45.57
INFO:root:Seen this file, starting at 3325
INFO:root:Processing smapi.CNTD3BWEB91A.LexisAdvance_2.01.15.10.01.05
INFO:root:Seen this file, starting at 1096
INFO:root:No new data, same size, skipping
INFO:root:Processing smapi.CNTD3BWEB91A.LexisAdvance_0.01.15.10.01.05
INFO:root:Seen this file, starting at 431
INFO:root:Processing smapi.CNTD3BWEB94A.LexisAdvance_1.01.15.09.53.50
INFO:root:Seen this file, starting at 1093712
INFO:root:Processing smapi.CNTD3BWEB91C.LexisAdvance_0.01.15.09.45.57
INFO:root:Seen this file, starting at 3630
INFO:root:Processing smapi.CNTD3BWEB91B.LexisAdvance_0.01.15.10.08.26
INFO:root:Seen this file, starting at 665
INFO:root:Processing smapi.CNTD3BWEB91B.LexisAdvance_2.01.15.10.08.26
INFO:root:Seen this file, starting at 431
INFO:root:Processing smapi.CNTD3BWEB91D.LexisAdvance_1.01.15.09.45.57
INFO:root:Seen this file, starting at 3760
INFO:root:Processing smapi.CNTD3BWEB94A.LexisAdvance_2.01.15.09.53.50
INFO:root:Seen this file, starting at 1072306
INFO:root:Processing smapi.CNTD3BWEB94A.LexisAdvance_0.01.15.09.53.50
INFO:root:Seen this file, starting at 1026802
INFO:root:Total time was: 0.40126 seconds records: 351  Kbytes: 677 Files: 23
INFO:root:Total time was: 0.00668767 minutes
INFO:root:Started at: Wed Jan 15 10:19:20 2014
INFO:root:Ended at: Wed Jan 15 10:19:20 2014
INFO:root:State read value is 1
INFO:root:Going to sleep for 299.585329056 seconds
INFO:root:Processing smapi.CNTD3BWEB91F.LexisAdvance_2.01.15.10.08.30
INFO:root:Seen this file, starting at 3760
INFO:root:Processing smapi.CNTD3BWEB91E.LexisAdvance_2.01.15.09.53.28
INFO:root:Seen this file, starting at 2460
INFO:root:Processing smapi.CNTD3BWEB93A.LexisAdvance_1.01.15.09.54.47
INFO:root:Seen this file, starting at 8995
INFO:root:Processing smapi.CNTD3BWEB93A.LexisAdvance_2.01.15.09.54.47
INFO:root:Seen this file, starting at 2175
INFO:root:Processing smapi.CNTD3BWEB93A.LexisAdvance_0.01.15.09.54.47
INFO:root:Seen this file, starting at 2530
INFO:root:Processing smapi.CNTD3BWEB91D.LexisAdvance_1.01.15.10.15.57
INFO:root:New file
INFO:root:Processing smapi.CNTD3BWEB91A.LexisAdvance_1.01.15.10.01.05
INFO:root:Seen this file, starting at 1096
INFO:root:No new data, same size, skipping
INFO:root:Processing smapi.CNTD3BWEB91F.LexisAdvance_0.01.15.10.08.30
INFO:root:Seen this file, starting at 4086
INFO:root:Processing smapi.CNTD3BWEB91B.LexisAdvance_1.01.15.10.08.26
INFO:root:Seen this file, starting at 916
INFO:root:Processing smapi.CNTD3BWEB91D.LexisAdvance_2.01.15.10.15.57
INFO:root:New file
INFO:root:Processing smapi.CNTD3BWEB91C.LexisAdvance_0.01.15.10.15.58
INFO:root:New file
INFO:root:Processing smapi.CNTD3BWEB91D.LexisAdvance_0.01.15.10.15.57
INFO:root:New file
INFO:root:Processing smapi.CNTD3BWEB91E.LexisAdvance_0.01.15.09.53.28
INFO:root:Seen this file, starting at 9945
INFO:root:Processing smapi.CNTD3BWEB91E.LexisAdvance_1.01.15.09.53.28
INFO:root:Seen this file, starting at 3325
INFO:root:Processing smapi.CNTD3BWEB91F.LexisAdvance_1.01.15.10.08.30
INFO:root:Seen this file, starting at 1988
INFO:root:Processing smapi.CNTD3BWEB91C.LexisAdvance_2.01.15.10.15.58
INFO:root:New file
INFO:root:Processing smapi.CNTD3BWEB91C.LexisAdvance_1.01.15.10.15.58
INFO:root:New file
INFO:root:Processing smapi.CNTD3BWEB91A.LexisAdvance_2.01.15.10.01.05
INFO:root:Seen this file, starting at 1096
INFO:root:Processing smapi.CNTD3BWEB91A.LexisAdvance_0.01.15.10.01.05
INFO:root:Seen this file, starting at 1096
INFO:root:Processing smapi.CNTD3BWEB94A.LexisAdvance_1.01.15.09.53.50
INFO:root:Seen this file, starting at 1309887
INFO:root:Processing smapi.CNTD3BWEB91B.LexisAdvance_0.01.15.10.08.26
INFO:root:Seen this file, starting at 1330
INFO:root:Processing smapi.CNTD3BWEB91B.LexisAdvance_2.01.15.10.08.26
INFO:root:Seen this file, starting at 862
INFO:root:Processing smapi.CNTD3BWEB94A.LexisAdvance_2.01.15.09.53.50
INFO:root:Seen this file, starting at 1312258
INFO:root:Processing smapi.CNTD3BWEB94A.LexisAdvance_0.01.15.09.53.50
INFO:root:Seen this file, starting at 1247593
INFO:root:Total time was: 2.95447 seconds records: 353  Kbytes: 683 Files: 23
INFO:root:Total time was: 0.0492412 minutes
INFO:root:Started at: Wed Jan 15 10:24:20 2014
INFO:root:Ended at: Wed Jan 15 10:24:23 2014
INFO:root:State read value is 1
INFO:root:Going to sleep for 297.037606955 seconds
INFO:root:Processing smapi.CNTD3BWEB91F.LexisAdvance_2.01.15.10.08.30
INFO:root:Seen this file, starting at 4917
INFO:root:Processing smapi.CNTD3BWEB93A.LexisAdvance_1.01.15.10.24.48
INFO:root:New file
INFO:root:Processing smapi.CNTD3BWEB93A.LexisAdvance_1.01.15.09.54.47
INFO:root:Seen this file, starting at 10794
INFO:root:No new data, same size, skipping
INFO:root:Processing smapi.CNTD3BWEB93A.LexisAdvance_2.01.15.09.54.47
INFO:root:Seen this file, starting at 2610
INFO:root:No new data, same size, skipping
INFO:root:Processing smapi.CNTD3BWEB93A.LexisAdvance_0.01.15.09.54.47
INFO:root:Seen this file, starting at 3036
INFO:root:No new data, same size, skipping
INFO:root:Processing smapi.CNTD3BWEB91D.LexisAdvance_1.01.15.10.15.57
INFO:root:Seen this file, starting at 752
INFO:root:Processing smapi.CNTD3BWEB91A.LexisAdvance_1.01.15.10.01.05
INFO:root:Seen this file, starting at 1096
INFO:root:Processing smapi.CNTD3BWEB93A.LexisAdvance_0.01.15.10.24.48
INFO:root:New file
INFO:root:Processing smapi.CNTD3BWEB91F.LexisAdvance_0.01.15.10.08.30
INFO:root:Seen this file, starting at 4917
INFO:root:Processing smapi.CNTD3BWEB91B.LexisAdvance_1.01.15.10.08.26
INFO:root:Seen this file, starting at 1374
INFO:root:Processing smapi.CNTD3BWEB94A.LexisAdvance_0.01.15.10.23.50
INFO:root:New file
INFO:root:Processing smapi.CNTD3BWEB94A.LexisAdvance_2.01.15.10.23.50
INFO:root:New file
INFO:root:Processing smapi.CNTD3BWEB94A.LexisAdvance_1.01.15.10.23.50
INFO:root:New file
INFO:root:Processing smapi.CNTD3BWEB91D.LexisAdvance_2.01.15.10.15.57
INFO:root:Seen this file, starting at 665
INFO:root:Processing smapi.CNTD3BWEB91C.LexisAdvance_0.01.15.10.15.58
INFO:root:Seen this file, starting at 726
INFO:root:Processing smapi.CNTD3BWEB91D.LexisAdvance_0.01.15.10.15.57
INFO:root:Seen this file, starting at 541
INFO:root:Processing smapi.CNTD3BWEB91F.LexisAdvance_1.01.15.10.08.30
INFO:root:Seen this file, starting at 4917
INFO:root:Processing smapi.CNTD3BWEB91C.LexisAdvance_2.01.15.10.15.58
INFO:root:Seen this file, starting at 431
INFO:root:Processing smapi.CNTD3BWEB93A.LexisAdvance_2.01.15.10.24.48
INFO:root:New file
INFO:root:Processing smapi.CNTD3BWEB91E.LexisAdvance_0.01.15.10.23.28
INFO:root:New file
INFO:root:Processing smapi.CNTD3BWEB91E.LexisAdvance_1.01.15.10.23.28
INFO:root:New file
INFO:root:Processing smapi.CNTD3BWEB91E.LexisAdvance_2.01.15.10.23.28
INFO:root:New file
INFO:root:Processing smapi.CNTD3BWEB91C.LexisAdvance_1.01.15.10.15.58
INFO:root:Seen this file, starting at 665
INFO:root:Processing smapi.CNTD3BWEB91A.LexisAdvance_2.01.15.10.01.05
INFO:root:Seen this file, starting at 1761
INFO:root:Processing smapi.CNTD3BWEB91A.LexisAdvance_0.01.15.10.01.05
INFO:root:Seen this file, starting at 1527
INFO:root:No new data, same size, skipping
INFO:root:Processing smapi.CNTD3BWEB91B.LexisAdvance_0.01.15.10.08.26
INFO:root:Seen this file, starting at 1995
INFO:root:Processing smapi.CNTD3BWEB91B.LexisAdvance_2.01.15.10.08.26
INFO:root:Seen this file, starting at 1293
INFO:root:Total time was: 0.354974 seconds records: 368  Kbytes: 708 Files: 23
INFO:root:Total time was: 0.00591623 minutes
INFO:root:Started at: Wed Jan 15 10:29:20 2014
INFO:root:Ended at: Wed Jan 15 10:29:20 2014
INFO:root:State read value is 1
INFO:root:Going to sleep for 299.634765148 seconds
INFO:root:Processing smapi.CNTD3BWEB91F.LexisAdvance_2.01.15.10.08.30
INFO:root:Seen this file, starting at 7557
INFO:root:Processing smapi.CNTD3BWEB93A.LexisAdvance_1.01.15.10.24.48
INFO:root:Seen this file, starting at 1799
INFO:root:Processing smapi.CNTD3BWEB91D.LexisAdvance_1.01.15.10.15.57
INFO:root:Seen this file, starting at 1504
INFO:root:Processing smapi.CNTD3BWEB91A.LexisAdvance_1.01.15.10.01.05
INFO:root:Seen this file, starting at 1761
INFO:root:Processing smapi.CNTD3BWEB93A.LexisAdvance_0.01.15.10.24.48
INFO:root:Seen this file, starting at 506
INFO:root:Processing smapi.CNTD3BWEB91F.LexisAdvance_0.01.15.10.08.30
INFO:root:Seen this file, starting at 9910
INFO:root:Processing smapi.CNTD3BWEB91B.LexisAdvance_1.01.15.10.08.26
INFO:root:Seen this file, starting at 1832
INFO:root:Processing smapi.CNTD3BWEB94A.LexisAdvance_0.01.15.10.23.50
INFO:root:Seen this file, starting at 222127
INFO:root:Processing smapi.CNTD3BWEB94A.LexisAdvance_2.01.15.10.23.50
INFO:root:Seen this file, starting at 256437
INFO:root:Processing smapi.CNTD3BWEB94A.LexisAdvance_1.01.15.10.23.50
INFO:root:Seen this file, starting at 225429
INFO:root:Processing smapi.CNTD3BWEB91D.LexisAdvance_2.01.15.10.15.57
INFO:root:Seen this file, starting at 1330
INFO:root:Processing smapi.CNTD3BWEB91C.LexisAdvance_0.01.15.10.15.58
INFO:root:Seen this file, starting at 1452
INFO:root:Processing smapi.CNTD3BWEB91D.LexisAdvance_0.01.15.10.15.57
INFO:root:Seen this file, starting at 1082
INFO:root:Processing smapi.CNTD3BWEB91F.LexisAdvance_1.01.15.10.08.30
INFO:root:Seen this file, starting at 6074
INFO:root:Processing smapi.CNTD3BWEB91C.LexisAdvance_2.01.15.10.15.58
INFO:root:Seen this file, starting at 862
INFO:root:Processing smapi.CNTD3BWEB93A.LexisAdvance_2.01.15.10.24.48
INFO:root:Seen this file, starting at 435
INFO:root:Processing smapi.CNTD3BWEB91E.LexisAdvance_0.01.15.10.23.28
INFO:root:Seen this file, starting at 1989
INFO:root:Processing smapi.CNTD3BWEB91E.LexisAdvance_1.01.15.10.23.28
INFO:root:Seen this file, starting at 665
INFO:root:Processing smapi.CNTD3BWEB91E.LexisAdvance_2.01.15.10.23.28
INFO:root:Seen this file, starting at 492
INFO:root:Processing smapi.CNTD3BWEB91C.LexisAdvance_1.01.15.10.15.58
INFO:root:Seen this file, starting at 1330
INFO:root:Processing smapi.CNTD3BWEB91A.LexisAdvance_2.01.15.10.01.05
INFO:root:Seen this file, starting at 2192
INFO:root:No new data, same size, skipping
INFO:root:Processing smapi.CNTD3BWEB91A.LexisAdvance_0.01.15.10.01.05
INFO:root:Seen this file, starting at 1527
INFO:root:Processing smapi.CNTD3BWEB91B.LexisAdvance_0.01.15.10.08.26
INFO:root:Seen this file, starting at 2660
INFO:root:Processing smapi.CNTD3BWEB91B.LexisAdvance_2.01.15.10.08.26
INFO:root:Seen this file, starting at 1724
INFO:root:Total time was: 0.389145 seconds records: 219  Kbytes: 436 Files: 23
INFO:root:Total time was: 0.00648575 minutes
INFO:root:Started at: Wed Jan 15 10:34:20 2014
INFO:root:Ended at: Wed Jan 15 10:34:20 2014
INFO:root:State read value is 1
INFO:root:Going to sleep for 299.60134697 seconds
INFO:root:Processing smapi.CNTD3BWEB91F.LexisAdvance_2.01.15.10.08.30
INFO:root:Seen this file, starting at 8714
INFO:root:Processing smapi.CNTD3BWEB93A.LexisAdvance_1.01.15.10.24.48
INFO:root:Seen this file, starting at 3598
INFO:root:Processing smapi.CNTD3BWEB91D.LexisAdvance_1.01.15.10.15.57
INFO:root:Seen this file, starting at 2256
INFO:root:Processing smapi.CNTD3BWEB93A.LexisAdvance_0.01.15.10.24.48
INFO:root:Seen this file, starting at 1012
INFO:root:Processing smapi.CNTD3BWEB91F.LexisAdvance_0.01.15.10.08.30
INFO:root:Seen this file, starting at 10741
INFO:root:Processing smapi.CNTD3BWEB91B.LexisAdvance_1.01.15.10.08.26
INFO:root:Seen this file, starting at 2290
INFO:root:Processing smapi.CNTD3BWEB94A.LexisAdvance_0.01.15.10.23.50
INFO:root:Seen this file, starting at 393462
INFO:root:Processing smapi.CNTD3BWEB94A.LexisAdvance_2.01.15.10.23.50
INFO:root:Seen this file, starting at 381204
INFO:root:Processing smapi.CNTD3BWEB94A.LexisAdvance_1.01.15.10.23.50
INFO:root:Seen this file, starting at 358543
INFO:root:Processing smapi.CNTD3BWEB91D.LexisAdvance_2.01.15.10.15.57
INFO:root:Seen this file, starting at 1995
INFO:root:Processing smapi.CNTD3BWEB91C.LexisAdvance_0.01.15.10.15.58
INFO:root:Seen this file, starting at 2178
INFO:root:Processing smapi.CNTD3BWEB91D.LexisAdvance_0.01.15.10.15.57
INFO:root:Seen this file, starting at 1623
INFO:root:Processing smapi.CNTD3BWEB91A.LexisAdvance_2.01.15.10.31.05
INFO:root:New file
INFO:root:Processing smapi.CNTD3BWEB91A.LexisAdvance_0.01.15.10.31.05
INFO:root:New file
INFO:root:Processing smapi.CNTD3BWEB91F.LexisAdvance_1.01.15.10.08.30
INFO:root:Seen this file, starting at 9028
INFO:root:Processing smapi.CNTD3BWEB91C.LexisAdvance_2.01.15.10.15.58
INFO:root:Seen this file, starting at 1293
INFO:root:Processing smapi.CNTD3BWEB93A.LexisAdvance_2.01.15.10.24.48
INFO:root:Seen this file, starting at 870
INFO:root:Processing smapi.CNTD3BWEB91E.LexisAdvance_0.01.15.10.23.28
INFO:root:Seen this file, starting at 3978
INFO:root:Processing smapi.CNTD3BWEB91E.LexisAdvance_1.01.15.10.23.28
INFO:root:Seen this file, starting at 1330
INFO:root:Processing smapi.CNTD3BWEB91E.LexisAdvance_2.01.15.10.23.28
INFO:root:Seen this file, starting at 984
INFO:root:Processing smapi.CNTD3BWEB91C.LexisAdvance_1.01.15.10.15.58
INFO:root:Seen this file, starting at 1995
INFO:root:Processing smapi.CNTD3BWEB91B.LexisAdvance_0.01.15.10.08.26
INFO:root:Seen this file, starting at 3325
INFO:root:Processing smapi.CNTD3BWEB91B.LexisAdvance_2.01.15.10.08.26
INFO:root:Seen this file, starting at 2155
INFO:root:Total time was: 1.38838 seconds records: 273  Kbytes: 516 Files: 23
INFO:root:Total time was: 0.0231396 minutes
INFO:root:Started at: Wed Jan 15 10:39:20 2014
INFO:root:Ended at: Wed Jan 15 10:39:21 2014
INFO:root:State read value is 1
INFO:root:Going to sleep for 298.603390932 seconds
INFO:root:Processing smapi.CNTD3BWEB91F.LexisAdvance_2.01.15.10.08.30
INFO:root:Seen this file, starting at 9545
INFO:root:Processing smapi.CNTD3BWEB93A.LexisAdvance_1.01.15.10.24.48
INFO:root:Seen this file, starting at 5397
INFO:root:Processing smapi.CNTD3BWEB91D.LexisAdvance_1.01.15.10.15.57
INFO:root:Seen this file, starting at 3008
INFO:root:Processing smapi.CNTD3BWEB91B.LexisAdvance_0.01.15.10.38.26
INFO:root:New file
INFO:root:Processing smapi.CNTD3BWEB93A.LexisAdvance_0.01.15.10.24.48
INFO:root:Seen this file, starting at 1518
INFO:root:Processing smapi.CNTD3BWEB91F.LexisAdvance_0.01.15.10.08.30
INFO:root:Seen this file, starting at 13670
INFO:root:Processing smapi.CNTD3BWEB91B.LexisAdvance_1.01.15.10.08.26
INFO:root:Seen this file, starting at 2748
INFO:root:Processing smapi.CNTD3BWEB94A.LexisAdvance_0.01.15.10.23.50
INFO:root:Seen this file, starting at 543717
INFO:root:Processing smapi.CNTD3BWEB94A.LexisAdvance_2.01.15.10.23.50
INFO:root:Seen this file, starting at 577940
INFO:root:Processing smapi.CNTD3BWEB94A.LexisAdvance_1.01.15.10.23.50
INFO:root:Seen this file, starting at 522932
INFO:root:Processing smapi.CNTD3BWEB91D.LexisAdvance_2.01.15.10.15.57
INFO:root:Seen this file, starting at 2660
INFO:root:Processing smapi.CNTD3BWEB91C.LexisAdvance_0.01.15.10.15.58
INFO:root:Seen this file, starting at 2904
INFO:root:Processing smapi.CNTD3BWEB91D.LexisAdvance_0.01.15.10.15.57
INFO:root:Seen this file, starting at 2164
INFO:root:Processing smapi.CNTD3BWEB91A.LexisAdvance_2.01.15.10.31.05
INFO:root:Seen this file, starting at 665
INFO:root:Processing smapi.CNTD3BWEB91A.LexisAdvance_0.01.15.10.31.05
INFO:root:Seen this file, starting at 431
INFO:root:No new data, same size, skipping
INFO:root:Processing smapi.CNTD3BWEB91F.LexisAdvance_1.01.15.10.38.30
INFO:root:New file
INFO:root:Processing smapi.CNTD3BWEB91F.LexisAdvance_1.01.15.10.08.30
INFO:root:Seen this file, starting at 10185
WARNING:root:There was an OSError checking file size
WARNING:root:[Errno 2] No such file or directory: '/l-n/dimeStore/smdata_files_from_certwebd3/smdata_files_from_certwebd3/smapi.CNTD3BWEB91F.LexisAdvance_1.01.15.10.08.30'
INFO:root:Processing smapi.CNTD3BWEB91F.LexisAdvance_2.01.15.10.38.30
INFO:root:New file
INFO:root:Processing smapi.CNTD3BWEB91C.LexisAdvance_2.01.15.10.15.58
INFO:root:Seen this file, starting at 1724
INFO:root:Processing smapi.CNTD3BWEB93A.LexisAdvance_2.01.15.10.24.48
INFO:root:Seen this file, starting at 1305
INFO:root:Processing smapi.CNTD3BWEB91E.LexisAdvance_0.01.15.10.23.28
INFO:root:Seen this file, starting at 5967
INFO:root:Processing smapi.CNTD3BWEB91E.LexisAdvance_1.01.15.10.23.28
INFO:root:Seen this file, starting at 1995
INFO:root:Processing smapi.CNTD3BWEB91E.LexisAdvance_2.01.15.10.23.28
INFO:root:Seen this file, starting at 1476
INFO:root:Processing smapi.CNTD3BWEB91B.LexisAdvance_2.01.15.10.38.26
INFO:root:New file
INFO:root:Processing smapi.CNTD3BWEB91F.LexisAdvance_0.01.15.10.38.30
INFO:root:New file
INFO:root:Processing smapi.CNTD3BWEB91C.LexisAdvance_1.01.15.10.15.58
INFO:root:Seen this file, starting at 2660
INFO:root:Processing smapi.CNTD3BWEB91B.LexisAdvance_0.01.15.10.08.26
INFO:root:Seen this file, starting at 3990
WARNING:root:There was an OSError checking file size
WARNING:root:[Errno 2] No such file or directory: '/l-n/dimeStore/smdata_files_from_certwebd3/smdata_files_from_certwebd3/smapi.CNTD3BWEB91B.LexisAdvance_0.01.15.10.08.26'
INFO:root:Processing smapi.CNTD3BWEB91B.LexisAdvance_2.01.15.10.08.26
INFO:root:Seen this file, starting at 2586
WARNING:root:There was an OSError checking file size
WARNING:root:[Errno 2] No such file or directory: '/l-n/dimeStore/smdata_files_from_certwebd3/smdata_files_from_certwebd3/smapi.CNTD3BWEB91B.LexisAdvance_2.01.15.10.08.26'
INFO:root:Processing smapi.CNTD3BWEB91A.LexisAdvance_1.01.15.10.31.05
INFO:root:New file
INFO:root:Processing smapi.CNTD3BWEB91B.LexisAdvance_1.01.15.10.38.26
INFO:root:New file
INFO:root:Total time was: 1.82861 seconds records: 294  Kbytes: 561 Files: 26
INFO:root:Total time was: 0.0304768 minutes
INFO:root:Started at: Wed Jan 15 10:44:20 2014
INFO:root:Ended at: Wed Jan 15 10:44:22 2014
INFO:root:State read value is 1
INFO:root:Going to sleep for 298.163855076 seconds
INFO:root:Processing smapi.CNTD3BWEB93A.LexisAdvance_1.01.15.10.24.48
INFO:root:Seen this file, starting at 7196
INFO:root:Processing smapi.CNTD3BWEB91D.LexisAdvance_1.01.15.10.15.57
INFO:root:Seen this file, starting at 3760
INFO:root:Processing smapi.CNTD3BWEB91B.LexisAdvance_0.01.15.10.38.26
INFO:root:Seen this file, starting at 665
INFO:root:Processing smapi.CNTD3BWEB93A.LexisAdvance_0.01.15.10.24.48
INFO:root:Seen this file, starting at 2024
INFO:root:Processing smapi.CNTD3BWEB94A.LexisAdvance_0.01.15.10.23.50
INFO:root:Seen this file, starting at 717953
INFO:root:Processing smapi.CNTD3BWEB94A.LexisAdvance_2.01.15.10.23.50
INFO:root:Seen this file, starting at 759256
INFO:root:Processing smapi.CNTD3BWEB94A.LexisAdvance_1.01.15.10.23.50
INFO:root:Seen this file, starting at 725493
INFO:root:Processing smapi.CNTD3BWEB91D.LexisAdvance_2.01.15.10.15.57
INFO:root:Seen this file, starting at 3325
INFO:root:Processing smapi.CNTD3BWEB91C.LexisAdvance_0.01.15.10.15.58
INFO:root:Seen this file, starting at 3630
INFO:root:Processing smapi.CNTD3BWEB91D.LexisAdvance_0.01.15.10.15.57
INFO:root:Seen this file, starting at 2705
INFO:root:Processing smapi.CNTD3BWEB91A.LexisAdvance_2.01.15.10.31.05
INFO:root:Seen this file, starting at 1096
INFO:root:No new data, same size, skipping
INFO:root:Processing smapi.CNTD3BWEB91A.LexisAdvance_0.01.15.10.31.05
INFO:root:Seen this file, starting at 431
INFO:root:Processing smapi.CNTD3BWEB91F.LexisAdvance_1.01.15.10.38.30
INFO:root:Seen this file, starting at 831
INFO:root:Processing smapi.CNTD3BWEB91F.LexisAdvance_2.01.15.10.38.30
INFO:root:Seen this file, starting at 2929
INFO:root:Processing smapi.CNTD3BWEB91C.LexisAdvance_2.01.15.10.15.58
INFO:root:Seen this file, starting at 2155
INFO:root:Processing smapi.CNTD3BWEB93A.LexisAdvance_2.01.15.10.24.48
INFO:root:Seen this file, starting at 1740
INFO:root:Processing smapi.CNTD3BWEB91E.LexisAdvance_0.01.15.10.23.28
INFO:root:Seen this file, starting at 7956
INFO:root:Processing smapi.CNTD3BWEB91E.LexisAdvance_1.01.15.10.23.28
INFO:root:Seen this file, starting at 2660
INFO:root:Processing smapi.CNTD3BWEB91E.LexisAdvance_2.01.15.10.23.28
INFO:root:Seen this file, starting at 1968
INFO:root:Processing smapi.CNTD3BWEB91B.LexisAdvance_2.01.15.10.38.26
INFO:root:Seen this file, starting at 431
INFO:root:Processing smapi.CNTD3BWEB91F.LexisAdvance_0.01.15.10.38.30
INFO:root:Seen this file, starting at 1157
INFO:root:Processing smapi.CNTD3BWEB91C.LexisAdvance_1.01.15.10.15.58
INFO:root:Seen this file, starting at 3325
INFO:root:Processing smapi.CNTD3BWEB91A.LexisAdvance_1.01.15.10.31.05
INFO:root:Seen this file, starting at 665
INFO:root:Processing smapi.CNTD3BWEB91B.LexisAdvance_1.01.15.10.38.26
INFO:root:Seen this file, starting at 458
INFO:root:Total time was: 0.286131 seconds records: 209  Kbytes: 420 Files: 23
INFO:root:Total time was: 0.00476885 minutes
INFO:root:Started at: Wed Jan 15 10:49:20 2014
INFO:root:Ended at: Wed Jan 15 10:49:20 2014
INFO:root:State read value is 1
INFO:root:Going to sleep for 299.706458092 seconds
INFO:root:Processing smapi.CNTD3BWEB93A.LexisAdvance_1.01.15.10.24.48
INFO:root:Seen this file, starting at 8995
INFO:root:Processing smapi.CNTD3BWEB91B.LexisAdvance_0.01.15.10.38.26
INFO:root:Seen this file, starting at 1330
INFO:root:Processing smapi.CNTD3BWEB93A.LexisAdvance_0.01.15.10.24.48
INFO:root:Seen this file, starting at 2530
INFO:root:Processing smapi.CNTD3BWEB94A.LexisAdvance_0.01.15.10.23.50
INFO:root:Seen this file, starting at 879051
INFO:root:Processing smapi.CNTD3BWEB94A.LexisAdvance_2.01.15.10.23.50
INFO:root:Seen this file, starting at 874768
INFO:root:Processing smapi.CNTD3BWEB94A.LexisAdvance_1.01.15.10.23.50
INFO:root:Seen this file, starting at 861962
INFO:root:Processing smapi.CNTD3BWEB91A.LexisAdvance_2.01.15.10.31.05
INFO:root:Seen this file, starting at 1096
INFO:root:Processing smapi.CNTD3BWEB91A.LexisAdvance_0.01.15.10.31.05
INFO:root:Seen this file, starting at 1096
INFO:root:Processing smapi.CNTD3BWEB91F.LexisAdvance_1.01.15.10.38.30
INFO:root:Seen this file, starting at 3760
INFO:root:Processing smapi.CNTD3BWEB91F.LexisAdvance_2.01.15.10.38.30
INFO:root:Seen this file, starting at 4086
INFO:root:Processing smapi.CNTD3BWEB93A.LexisAdvance_2.01.15.10.24.48
INFO:root:Seen this file, starting at 2175
INFO:root:Processing smapi.CNTD3BWEB91E.LexisAdvance_0.01.15.10.23.28
INFO:root:Seen this file, starting at 9945
INFO:root:Processing smapi.CNTD3BWEB91E.LexisAdvance_1.01.15.10.23.28
INFO:root:Seen this file, starting at 3325
INFO:root:Processing smapi.CNTD3BWEB91E.LexisAdvance_2.01.15.10.23.28
INFO:root:Seen this file, starting at 2460
INFO:root:Processing smapi.CNTD3BWEB94A.LexisAdvance_2.01.15.10.53.50
INFO:root:New file
INFO:root:Processing smapi.CNTD3BWEB91D.LexisAdvance_0.01.15.10.45.57
INFO:root:New file
INFO:root:Processing smapi.CNTD3BWEB91D.LexisAdvance_2.01.15.10.45.57
INFO:root:New file
INFO:root:Processing smapi.CNTD3BWEB91D.LexisAdvance_1.01.15.10.45.57
INFO:root:New file
INFO:root:Processing smapi.CNTD3BWEB91C.LexisAdvance_1.01.15.10.45.58
INFO:root:New file
INFO:root:Processing smapi.CNTD3BWEB91C.LexisAdvance_0.01.15.10.45.58
INFO:root:New file
INFO:root:Processing smapi.CNTD3BWEB91B.LexisAdvance_2.01.15.10.38.26
INFO:root:Seen this file, starting at 862
INFO:root:Processing smapi.CNTD3BWEB91C.LexisAdvance_2.01.15.10.45.58
INFO:root:New file
INFO:root:Processing smapi.CNTD3BWEB91F.LexisAdvance_0.01.15.10.38.30
INFO:root:Seen this file, starting at 1988
INFO:root:Processing smapi.CNTD3BWEB91A.LexisAdvance_1.01.15.10.31.05
INFO:root:Seen this file, starting at 1096
INFO:root:No new data, same size, skipping
INFO:root:Processing smapi.CNTD3BWEB91B.LexisAdvance_1.01.15.10.38.26
INFO:root:Seen this file, starting at 916
INFO:root:Total time was: 3.15379 seconds records: 356  Kbytes: 688 Files: 24
INFO:root:Total time was: 0.0525632 minutes
INFO:root:Started at: Wed Jan 15 10:54:20 2014
INFO:root:Ended at: Wed Jan 15 10:54:23 2014
INFO:root:State read value is 1
INFO:root:Going to sleep for 296.837380886 seconds
INFO:root:Processing smapi.CNTD3BWEB93A.LexisAdvance_1.01.15.10.24.48
INFO:root:Seen this file, starting at 10794
INFO:root:No new data, same size, skipping
INFO:root:Processing smapi.CNTD3BWEB93A.LexisAdvance_2.01.15.10.54.48
INFO:root:New file
INFO:root:Processing smapi.CNTD3BWEB91B.LexisAdvance_0.01.15.10.38.26
INFO:root:Seen this file, starting at 1995
INFO:root:Processing smapi.CNTD3BWEB93A.LexisAdvance_0.01.15.10.24.48
INFO:root:Seen this file, starting at 3036
INFO:root:No new data, same size, skipping
INFO:root:Processing smapi.CNTD3BWEB91E.LexisAdvance_1.01.15.10.53.28
INFO:root:New file
INFO:root:Processing smapi.CNTD3BWEB91E.LexisAdvance_0.01.15.10.53.28
INFO:root:New file
INFO:root:Processing smapi.CNTD3BWEB91E.LexisAdvance_2.01.15.10.53.28
INFO:root:New file
INFO:root:Processing smapi.CNTD3BWEB91A.LexisAdvance_2.01.15.10.31.05
INFO:root:Seen this file, starting at 1761
INFO:root:Processing smapi.CNTD3BWEB91A.LexisAdvance_0.01.15.10.31.05
INFO:root:Seen this file, starting at 1527
INFO:root:No new data, same size, skipping
INFO:root:Processing smapi.CNTD3BWEB91F.LexisAdvance_1.01.15.10.38.30
INFO:root:Seen this file, starting at 4917
INFO:root:Processing smapi.CNTD3BWEB94A.LexisAdvance_1.01.15.10.53.50
INFO:root:New file
INFO:root:Processing smapi.CNTD3BWEB94A.LexisAdvance_0.01.15.10.53.50
INFO:root:New file
INFO:root:Processing smapi.CNTD3BWEB93A.LexisAdvance_0.01.15.10.54.48
INFO:root:New file
INFO:root:Processing smapi.CNTD3BWEB91F.LexisAdvance_2.01.15.10.38.30
INFO:root:Seen this file, starting at 4917
INFO:root:Processing smapi.CNTD3BWEB93A.LexisAdvance_2.01.15.10.24.48
INFO:root:Seen this file, starting at 2610
INFO:root:No new data, same size, skipping
INFO:root:Processing smapi.CNTD3BWEB93A.LexisAdvance_1.01.15.10.54.48
INFO:root:New file
INFO:root:Processing smapi.CNTD3BWEB94A.LexisAdvance_2.01.15.10.53.50
INFO:root:Seen this file, starting at 2584
INFO:root:Processing smapi.CNTD3BWEB91D.LexisAdvance_0.01.15.10.45.57
INFO:root:Seen this file, starting at 541
INFO:root:Processing smapi.CNTD3BWEB91D.LexisAdvance_2.01.15.10.45.57
INFO:root:Seen this file, starting at 665
INFO:root:Processing smapi.CNTD3BWEB91D.LexisAdvance_1.01.15.10.45.57
INFO:root:Seen this file, starting at 752
INFO:root:Processing smapi.CNTD3BWEB91C.LexisAdvance_1.01.15.10.45.58
INFO:root:Seen this file, starting at 665
INFO:root:Processing smapi.CNTD3BWEB91C.LexisAdvance_0.01.15.10.45.58
INFO:root:Seen this file, starting at 726
INFO:root:Processing smapi.CNTD3BWEB91B.LexisAdvance_2.01.15.10.38.26
INFO:root:Seen this file, starting at 1293
INFO:root:Processing smapi.CNTD3BWEB91C.LexisAdvance_2.01.15.10.45.58
INFO:root:Seen this file, starting at 431
INFO:root:Processing smapi.CNTD3BWEB91F.LexisAdvance_0.01.15.10.38.30
INFO:root:Seen this file, starting at 4917
INFO:root:Processing smapi.CNTD3BWEB91A.LexisAdvance_1.01.15.10.31.05
INFO:root:Seen this file, starting at 1096
INFO:root:Processing smapi.CNTD3BWEB91B.LexisAdvance_1.01.15.10.38.26
INFO:root:Seen this file, starting at 1374
INFO:root:Total time was: 0.41065 seconds records: 530  Kbytes: 1035 Files: 23
INFO:root:Total time was: 0.00684417 minutes
INFO:root:Started at: Wed Jan 15 10:59:20 2014
INFO:root:Ended at: Wed Jan 15 10:59:21 2014
INFO:root:State read value is 1
INFO:root:Going to sleep for 299.582121849 seconds
INFO:root:Processing smapi.CNTD3BWEB93A.LexisAdvance_2.01.15.10.54.48
INFO:root:Seen this file, starting at 435
INFO:root:Processing smapi.CNTD3BWEB91B.LexisAdvance_0.01.15.10.38.26
INFO:root:Seen this file, starting at 2660
INFO:root:Processing smapi.CNTD3BWEB91E.LexisAdvance_1.01.15.10.53.28
INFO:root:Seen this file, starting at 665
INFO:root:Processing smapi.CNTD3BWEB91E.LexisAdvance_0.01.15.10.53.28
INFO:root:Seen this file, starting at 1989
INFO:root:Processing smapi.CNTD3BWEB91E.LexisAdvance_2.01.15.10.53.28
INFO:root:Seen this file, starting at 492
INFO:root:Processing smapi.CNTD3BWEB91A.LexisAdvance_2.01.15.10.31.05
INFO:root:Seen this file, starting at 2192
INFO:root:No new data, same size, skipping
INFO:root:Processing smapi.CNTD3BWEB91A.LexisAdvance_0.01.15.10.31.05
INFO:root:Seen this file, starting at 1527
INFO:root:Processing smapi.CNTD3BWEB91F.LexisAdvance_1.01.15.10.38.30
INFO:root:Seen this file, starting at 5748
INFO:root:Processing smapi.CNTD3BWEB94A.LexisAdvance_1.01.15.10.53.50
INFO:root:Seen this file, starting at 347622
INFO:root:Processing smapi.CNTD3BWEB94A.LexisAdvance_0.01.15.10.53.50
INFO:root:Seen this file, starting at 362541
INFO:root:Processing smapi.CNTD3BWEB93A.LexisAdvance_0.01.15.10.54.48
INFO:root:Seen this file, starting at 506
INFO:root:Processing smapi.CNTD3BWEB91F.LexisAdvance_2.01.15.10.38.30
INFO:root:Seen this file, starting at 7846
INFO:root:Processing smapi.CNTD3BWEB93A.LexisAdvance_1.01.15.10.54.48
INFO:root:Seen this file, starting at 1799
INFO:root:Processing smapi.CNTD3BWEB94A.LexisAdvance_2.01.15.10.53.50
INFO:root:Seen this file, starting at 335351
INFO:root:Processing smapi.CNTD3BWEB91D.LexisAdvance_0.01.15.10.45.57
INFO:root:Seen this file, starting at 1082
INFO:root:Processing smapi.CNTD3BWEB91D.LexisAdvance_2.01.15.10.45.57
INFO:root:Seen this file, starting at 1330
INFO:root:Processing smapi.CNTD3BWEB91D.LexisAdvance_1.01.15.10.45.57
INFO:root:Seen this file, starting at 1504
INFO:root:Processing smapi.CNTD3BWEB91C.LexisAdvance_1.01.15.10.45.58
INFO:root:Seen this file, starting at 1330
INFO:root:Processing smapi.CNTD3BWEB91C.LexisAdvance_0.01.15.10.45.58
INFO:root:Seen this file, starting at 1452
INFO:root:Processing smapi.CNTD3BWEB91B.LexisAdvance_2.01.15.10.38.26
INFO:root:Seen this file, starting at 1724
INFO:root:Processing smapi.CNTD3BWEB91C.LexisAdvance_2.01.15.10.45.58
INFO:root:Seen this file, starting at 862
INFO:root:Processing smapi.CNTD3BWEB91F.LexisAdvance_0.01.15.10.38.30
INFO:root:Seen this file, starting at 6074
INFO:root:Processing smapi.CNTD3BWEB91A.LexisAdvance_1.01.15.10.31.05
INFO:root:Seen this file, starting at 1761
INFO:root:Processing smapi.CNTD3BWEB91B.LexisAdvance_1.01.15.10.38.26
INFO:root:Seen this file, starting at 1832
INFO:root:Total time was: 1.64235 seconds records: 512  Kbytes: 968 Files: 23
INFO:root:Total time was: 0.0273725 minutes
INFO:root:Started at: Wed Jan 15 11:04:20 2014
INFO:root:Ended at: Wed Jan 15 11:04:22 2014
INFO:root:State read value is 1
INFO:root:Going to sleep for 298.350461006 seconds
INFO:root:Processing smapi.CNTD3BWEB93A.LexisAdvance_2.01.15.10.54.48
INFO:root:Seen this file, starting at 870
INFO:root:Processing smapi.CNTD3BWEB91B.LexisAdvance_0.01.15.10.38.26
INFO:root:Seen this file, starting at 3325
INFO:root:Processing smapi.CNTD3BWEB91A.LexisAdvance_0.01.15.11.01.06
INFO:root:New file
INFO:root:Processing smapi.CNTD3BWEB91E.LexisAdvance_1.01.15.10.53.28
INFO:root:Seen this file, starting at 1330
INFO:root:Processing smapi.CNTD3BWEB91E.LexisAdvance_0.01.15.10.53.28
INFO:root:Seen this file, starting at 3978
INFO:root:Processing smapi.CNTD3BWEB91E.LexisAdvance_2.01.15.10.53.28
INFO:root:Seen this file, starting at 984
INFO:root:Processing smapi.CNTD3BWEB91F.LexisAdvance_1.01.15.10.38.30
INFO:root:Seen this file, starting at 8677
INFO:root:Processing smapi.CNTD3BWEB94A.LexisAdvance_1.01.15.10.53.50
INFO:root:Seen this file, starting at 663739
INFO:root:Processing smapi.CNTD3BWEB94A.LexisAdvance_0.01.15.10.53.50
INFO:root:Seen this file, starting at 671637
INFO:root:Processing smapi.CNTD3BWEB93A.LexisAdvance_0.01.15.10.54.48
INFO:root:Seen this file, starting at 1012
INFO:root:Processing smapi.CNTD3BWEB91F.LexisAdvance_2.01.15.10.38.30
INFO:root:Seen this file, starting at 9003
INFO:root:Processing smapi.CNTD3BWEB93A.LexisAdvance_1.01.15.10.54.48
INFO:root:Seen this file, starting at 3598
INFO:root:Processing smapi.CNTD3BWEB94A.LexisAdvance_2.01.15.10.53.50
INFO:root:Seen this file, starting at 685079
INFO:root:Processing smapi.CNTD3BWEB91D.LexisAdvance_0.01.15.10.45.57
INFO:root:Seen this file, starting at 1623
INFO:root:Processing smapi.CNTD3BWEB91D.LexisAdvance_2.01.15.10.45.57
INFO:root:Seen this file, starting at 1995
INFO:root:Processing smapi.CNTD3BWEB91D.LexisAdvance_1.01.15.10.45.57
INFO:root:Seen this file, starting at 2256
INFO:root:Processing smapi.CNTD3BWEB91C.LexisAdvance_1.01.15.10.45.58
INFO:root:Seen this file, starting at 1995
INFO:root:Processing smapi.CNTD3BWEB91C.LexisAdvance_0.01.15.10.45.58
INFO:root:Seen this file, starting at 2178
INFO:root:Processing smapi.CNTD3BWEB91B.LexisAdvance_2.01.15.10.38.26
INFO:root:Seen this file, starting at 2155
INFO:root:Processing smapi.CNTD3BWEB91A.LexisAdvance_2.01.15.11.01.06
INFO:root:New file
INFO:root:Processing smapi.CNTD3BWEB91C.LexisAdvance_2.01.15.10.45.58
INFO:root:Seen this file, starting at 1293
INFO:root:Processing smapi.CNTD3BWEB91F.LexisAdvance_0.01.15.10.38.30
INFO:root:Seen this file, starting at 6905
INFO:root:Processing smapi.CNTD3BWEB91B.LexisAdvance_1.01.15.10.38.26
INFO:root:Seen this file, starting at 2290
INFO:root:Total time was: 0.395277 seconds records: 384  Kbytes: 761 Files: 23
INFO:root:Total time was: 0.00658795 minutes
INFO:root:Started at: Wed Jan 15 11:09:20 2014
INFO:root:Ended at: Wed Jan 15 11:09:21 2014
INFO:root:State read value is 1
INFO:root:Going to sleep for 299.597352028 seconds
INFO:root:Processing smapi.CNTD3BWEB91F.LexisAdvance_2.01.15.11.08.30
INFO:root:New file
INFO:root:Processing smapi.CNTD3BWEB93A.LexisAdvance_2.01.15.10.54.48
INFO:root:Seen this file, starting at 1305
INFO:root:Processing smapi.CNTD3BWEB91A.LexisAdvance_0.01.15.11.01.06
INFO:root:Seen this file, starting at 431
INFO:root:No new data, same size, skipping
INFO:root:Processing smapi.CNTD3BWEB91F.LexisAdvance_1.01.15.11.08.30
INFO:root:New file
INFO:root:Processing smapi.CNTD3BWEB91B.LexisAdvance_2.01.15.11.08.26
INFO:root:New file
INFO:root:Processing smapi.CNTD3BWEB91B.LexisAdvance_1.01.15.11.08.26
INFO:root:New file
INFO:root:Processing smapi.CNTD3BWEB91A.LexisAdvance_1.01.15.11.01.06
INFO:root:New file
INFO:root:Processing smapi.CNTD3BWEB91E.LexisAdvance_1.01.15.10.53.28
INFO:root:Seen this file, starting at 1995
INFO:root:Processing smapi.CNTD3BWEB91E.LexisAdvance_0.01.15.10.53.28
INFO:root:Seen this file, starting at 5967
INFO:root:Processing smapi.CNTD3BWEB91E.LexisAdvance_2.01.15.10.53.28
INFO:root:Seen this file, starting at 1476
INFO:root:Processing smapi.CNTD3BWEB91F.LexisAdvance_0.01.15.11.08.30
INFO:root:New file
INFO:root:Processing smapi.CNTD3BWEB94A.LexisAdvance_1.01.15.10.53.50
INFO:root:Seen this file, starting at 931846
INFO:root:Processing smapi.CNTD3BWEB94A.LexisAdvance_0.01.15.10.53.50
INFO:root:Seen this file, starting at 916062
INFO:root:Processing smapi.CNTD3BWEB93A.LexisAdvance_0.01.15.10.54.48
INFO:root:Seen this file, starting at 1518
INFO:root:Processing smapi.CNTD3BWEB93A.LexisAdvance_1.01.15.10.54.48
INFO:root:Seen this file, starting at 5397
INFO:root:Processing smapi.CNTD3BWEB94A.LexisAdvance_2.01.15.10.53.50
INFO:root:Seen this file, starting at 933971
INFO:root:Processing smapi.CNTD3BWEB91D.LexisAdvance_0.01.15.10.45.57
INFO:root:Seen this file, starting at 2164
INFO:root:Processing smapi.CNTD3BWEB91D.LexisAdvance_2.01.15.10.45.57
INFO:root:Seen this file, starting at 2660
INFO:root:Processing smapi.CNTD3BWEB91D.LexisAdvance_1.01.15.10.45.57
INFO:root:Seen this file, starting at 3008
INFO:root:Processing smapi.CNTD3BWEB91C.LexisAdvance_1.01.15.10.45.58
INFO:root:Seen this file, starting at 2660
INFO:root:Processing smapi.CNTD3BWEB91C.LexisAdvance_0.01.15.10.45.58
INFO:root:Seen this file, starting at 2904
INFO:root:Processing smapi.CNTD3BWEB91A.LexisAdvance_2.01.15.11.01.06
INFO:root:Seen this file, starting at 665
INFO:root:Processing smapi.CNTD3BWEB91C.LexisAdvance_2.01.15.10.45.58
INFO:root:Seen this file, starting at 1724
INFO:root:Processing smapi.CNTD3BWEB91B.LexisAdvance_0.01.15.11.08.26
INFO:root:New file
INFO:root:Total time was: 0.390966 seconds records: 379  Kbytes: 740 Files: 23
INFO:root:Total time was: 0.0065161 minutes
INFO:root:Started at: Wed Jan 15 11:14:20 2014
INFO:root:Ended at: Wed Jan 15 11:14:21 2014
INFO:root:State read value is 1
INFO:root:Going to sleep for 299.600726128 seconds
