INFO:root:Processing smapi.cpc22713.DrsRetr_cert_002.01.15.11.05.00
INFO:root:Seen this file, starting at 19467
INFO:root:Processing smapi.cpc22713.DrsJCite_cert_001.01.15.11.20.00
INFO:root:New file
INFO:root:Processing smapi.cpc22713.DrsShpd_cert_001.01.15.11.00.00
INFO:root:Seen this file, starting at 51031
INFO:root:Processing smapi.cpc22713.DrsLapi_cert_001.01.15.11.15.00
INFO:root:Seen this file, starting at 1035
INFO:root:Processing smapi.cpc22713.DrsRetr_cert_001.01.15.11.05.00
INFO:root:Seen this file, starting at 20577
INFO:root:Processing smapi.cpc22713.DrsJCite_cert_001.01.15.10.49.49
INFO:root:Seen this file, starting at 14225
INFO:root:No new data, same size, skipping
INFO:root:Processing smapi.cpc22713.DrsRetr_cert_004.01.15.10.50.00
INFO:root:Seen this file, starting at 40080
INFO:root:No new data, same size, skipping
INFO:root:Processing smapi.cpc22713.DrsMprxy_cert_001.01.15.10.50.00
INFO:root:Seen this file, starting at 2250
INFO:root:Processing smapi.cpc22713.ChasmExec_cert_001.01.15.10.55.00
INFO:root:Seen this file, starting at 1900
INFO:root:Processing smapi.cpc22713.DrsAnltx_cert_001.01.15.10.55.00
INFO:root:Seen this file, starting at 9605
INFO:root:Processing smapi.cpc22713.DrsRetr_cert_003.01.15.11.00.00
INFO:root:Seen this file, starting at 26180
INFO:root:Processing smapi.cpc22713.DrsMprxy_cert_001.01.15.10.55.00
INFO:root:Seen this file, starting at 1875
INFO:root:Processing smapi.cpc22713.DrsToc_cert_001.01.15.11.00.00
INFO:root:Seen this file, starting at 8158
INFO:root:Processing smapi.cpc22713.ID_web_collector_cert_001.01.15.11.10.00
INFO:root:Seen this file, starting at 2967
INFO:root:Processing smapi.cpc22713.DrsJCite_cert_002.01.15.10.55.00
INFO:root:Seen this file, starting at 12148
INFO:root:Processing smapi.cpc22713.ID_dime_smdata_cert_001.01.15.10.55.00
INFO:root:Seen this file, starting at 8078
INFO:root:Processing smapi.cpc22713.DrsLapi_cert_002.01.15.11.05.00
INFO:root:Seen this file, starting at 3414
INFO:root:Processing smapi.cpc22713.ChasmMonitor_cert_001.01.15.11.15.00
INFO:root:Seen this file, starting at 1236
INFO:root:Processing smapi.cpc22713.DrsInstr_cert_001.01.15.11.15.00
INFO:root:Seen this file, starting at 2300
INFO:root:Processing smapi.cpc22713.DrsShpdCacheWarmup_cert_001.01.15.11.04.25
INFO:root:Seen this file, starting at 4516
INFO:root:Processing smapi.cpc22713.DrsRetr_cert_004.01.15.11.20.00
INFO:root:New file
INFO:root:Processing smapi.cpc22713.DrsJCite_cert_003.01.15.11.20.00
INFO:root:New file
INFO:root:Processing smapi.cpc2618.qds_dfe_cert8_001.01.15.11.00.00
INFO:root:Seen this file, starting at 19274
INFO:root:Processing smapi.cpc2618.JCite_cert8_001.01.15.11.05.01
INFO:root:Seen this file, starting at 114641
INFO:root:Processing smapi.cpc2618.rs_cert8_001.01.15.10.53.29
INFO:root:Seen this file, starting at 224262
INFO:root:Processing smapi.cpc2618.UIS_cert8_002.01.15.11.03.47
INFO:root:Seen this file, starting at 34579
INFO:root:Processing smapi.cpc2618.UIS_cert8_001.01.15.11.04.37
INFO:root:Seen this file, starting at 28124
INFO:root:Processing smapi.cpc2618.qds_jfmtr_cert8_001.01.15.11.20.00
INFO:root:New file
INFO:root:Processing smapi.cpc2618.FAS_cert8_001.01.15.10.50.00
INFO:root:Seen this file, starting at 4494
INFO:root:No new data, same size, skipping
INFO:root:Processing smapi.cpc2618.qds_dfe_cert8_002.01.15.10.50.00
INFO:root:Seen this file, starting at 34068
INFO:root:Processing smapi.cpc2618.SAS_cert8_001.01.15.10.50.00
INFO:root:Seen this file, starting at 17718
INFO:root:Processing smapi.cpc2618.CDS_cert8_002.01.15.11.00.00
INFO:root:Seen this file, starting at 16624
INFO:root:Processing smapi.cpc2618.ID_web_collector_cert_001.01.15.11.05.00
INFO:root:Seen this file, starting at 4458
INFO:root:Processing smapi.cpc2618.ChasmExec_cert_001.01.15.11.10.00
INFO:root:Seen this file, starting at 752
INFO:root:Processing smapi.cpc2618.CDS_cert8_001.01.15.11.10.00
INFO:root:Seen this file, starting at 9252
INFO:root:Processing smapi.cpc2618.Gap_cert8_001.01.15.11.10.00
INFO:root:Seen this file, starting at 20394
INFO:root:Processing smapi.cpc2618.rs_cert8_002.01.15.10.54.40
INFO:root:Seen this file, starting at 203705
INFO:root:Processing smapi.cpc2618.IMS_cert8_001.01.15.10.54.48
INFO:root:Seen this file, starting at 24319
INFO:root:Processing smapi.cpc2618.DAS_cert8_001.01.15.10.55.00
INFO:root:Seen this file, starting at 2640
INFO:root:Processing smapi.cpc2618.qds_fop_cert8_001.01.15.11.00.00
INFO:root:Seen this file, starting at 1823
INFO:root:Processing smapi.cpc2618.CLS_cert8_001.01.15.11.05.00
INFO:root:Seen this file, starting at 6240
INFO:root:Processing smapi.cpc2618.qds_fop_cert8_002.01.15.11.05.00
INFO:root:Seen this file, starting at 1353
INFO:root:Processing smapi.cpc2618.ChasmMonitor_cert_001.01.15.11.15.00
INFO:root:Seen this file, starting at 388
INFO:root:Processing smapi.cpc2618.CheckCiteService_cert8_001.01.15.11.15.00
INFO:root:Seen this file, starting at 12488
INFO:root:Processing smapi.cpc2618.FAS_cert8_001.01.15.11.20.00
INFO:root:New file
INFO:root:Processing smapi.cpc2618.ID_dime_smdata_cert_001.01.15.11.20.00
INFO:root:New file
INFO:root:Processing smapi.cpc2618.Gap_cert8_001.01.15.11.20.00
INFO:root:New file
INFO:root:Processing smapi.cpc2618.JCite_cert8_002.01.15.11.00.00
INFO:root:Seen this file, starting at 195039
INFO:root:Processing smapi.cpc2618.SDS_cert8_002.01.15.10.55.00
INFO:root:Seen this file, starting at 161477
INFO:root:Processing smapi.cpc2618.SDS_cert8_001.01.15.10.55.00
INFO:root:Seen this file, starting at 164963
INFO:root:Processing smapi.cpc2618.qds_fax_cert8_001.01.15.11.05.00
INFO:root:Seen this file, starting at 3204
INFO:root:Processing smapi.cpc2636.UIS_cert11_001.01.15.10.55.00
INFO:root:Seen this file, starting at 79460
INFO:root:Processing smapi.cpc2636.qds_fax_cert11_001.01.15.10.55.00
INFO:root:Seen this file, starting at 2930
INFO:root:Processing smapi.cpc2636.logToSM.bin.01.15.10.56.20
INFO:root:Seen this file, starting at 299
INFO:root:No new data, same size, skipping
INFO:root:Processing smapi.cpc2636.logToSM.bin.01.15.11.01.56
INFO:root:Seen this file, starting at 311
INFO:root:No new data, same size, skipping
INFO:root:Processing smapi.cpc2636.FAS_cert11_001.01.15.11.05.00
INFO:root:Seen this file, starting at 4443
INFO:root:Processing smapi.cpc2636.SDS_cert11_002.01.15.11.10.00
INFO:root:Seen this file, starting at 16508
INFO:root:Processing smapi.cpc2636.rs_cert11_001.01.15.11.15.00
INFO:root:Seen this file, starting at 7076
INFO:root:Processing smapi.cpc2636.DAS_cert11_001.01.15.11.15.00
INFO:root:Seen this file, starting at 531
INFO:root:Processing smapi.cpc2636.JCite_cert11_001.01.15.11.20.00
INFO:root:New file
INFO:root:Processing smapi.cpc2636.CLS_cert11_001.01.15.11.20.00
INFO:root:New file
INFO:root:Processing smapi.cpc2636.qds_dfe_cert11_002.01.15.11.20.00
INFO:root:New file
INFO:root:Processing smapi.cpc2636.Gap_cert11_001.01.15.10.50.00
INFO:root:Seen this file, starting at 9860
INFO:root:Processing smapi.cpc2636.UIS_cert11_002.01.15.10.52.04
INFO:root:Seen this file, starting at 80791
INFO:root:Processing smapi.cpc2636.logToSM.bin.01.15.10.55.04
INFO:root:Seen this file, starting at 311
INFO:root:No new data, same size, skipping
INFO:root:Processing smapi.cpc2636.CDS_cert11_001.01.15.10.50.00
INFO:root:Seen this file, starting at 57192
INFO:root:Processing smapi.cpc2636.logToSM.bin.01.15.10.57.33
INFO:root:Seen this file, starting at 394
INFO:root:No new data, same size, skipping
INFO:root:Processing smapi.cpc2636.SDS_cert11_001.01.15.10.59.33
INFO:root:Seen this file, starting at 39323
INFO:root:Processing smapi.cpc2636.ID_dime_smdata_cert_001.01.15.10.50.00
INFO:root:Seen this file, starting at 9749
INFO:root:Processing smapi.cpc2636.rs_cert11_002.01.15.10.50.00
INFO:root:Seen this file, starting at 47087
INFO:root:Processing smapi.cpc2636.qds_fop_cert11_001.01.15.10.55.00
INFO:root:Seen this file, starting at 2270
INFO:root:Processing smapi.cpc2636.XFS_cert11_001.01.15.11.10.00
INFO:root:Seen this file, starting at 10392
INFO:root:Processing smapi.cpc2636.CheckCiteService_cert11_001.01.15.11.10.00
INFO:root:Seen this file, starting at 1863
INFO:root:Processing smapi.cpc2636.qds_dfe_cert11_001.01.15.10.55.00
INFO:root:Seen this file, starting at 16975
INFO:root:Processing smapi.cpc2636.qds_jfmtr_cert11_001.01.15.10.55.00
INFO:root:Seen this file, starting at 7150
INFO:root:Processing smapi.cpc2636.qds_fop_cert11_002.01.15.11.15.00
INFO:root:Seen this file, starting at 454
INFO:root:Processing smapi.cpc2636.IMS_cert11_001.01.15.10.55.00
INFO:root:Seen this file, starting at 16065
INFO:root:Processing smapi.cpc2636.JCite_cert11_002.01.15.11.00.00
INFO:root:Seen this file, starting at 11224
INFO:root:Processing smapi.cpc2636.ID_web_collector_cert_001.01.15.11.00.00
INFO:root:Seen this file, starting at 5942
INFO:root:Processing smapi.cpc2636.ChasmExec_cert_001.01.15.11.00.00
INFO:root:Seen this file, starting at 1504
INFO:root:Processing smapi.cpc2636.ChasmMonitor_cert_001.01.15.11.00.00
INFO:root:Seen this file, starting at 1880
INFO:root:Processing smapi.cpc22729.DrsMprxy_cert_001.01.15.11.15.00
INFO:root:Seen this file, starting at 364
INFO:root:Processing smapi.cpc22729.DrsMprxy_cert_001.01.15.10.50.00
INFO:root:Seen this file, starting at 2184
INFO:root:No new data, same size, skipping
INFO:root:Processing smapi.cpc22729.DrsJCite_cert_002.01.15.11.01.55
INFO:root:Seen this file, starting at 20794
INFO:root:Processing smapi.cpc22729.ID_dime_smdata_cert_001.01.15.11.10.00
INFO:root:Seen this file, starting at 3213
INFO:root:Processing smapi.cpc22729.DrsLapi_cert_001.01.15.11.10.00
INFO:root:Seen this file, starting at 1480
INFO:root:Processing smapi.cpc22729.DrsJCite_cert_001.01.15.11.02.04
INFO:root:Seen this file, starting at 14722
INFO:root:Processing smapi.cpc22729.ID_web_collector_cert_001.01.15.11.00.00
INFO:root:Seen this file, starting at 5936
INFO:root:Processing smapi.cpc22729.DrsMprxy_cert_001.01.15.11.20.00
INFO:root:New file
INFO:root:Total time was: 0.933609 seconds records: 105  Kbytes: 280 Files: 81
INFO:root:Total time was: 0.0155602 minutes
INFO:root:Started at: Wed Jan 15 11:21:45 2014
INFO:root:Ended at: Wed Jan 15 11:21:46 2014
INFO:root:State read value is 1
INFO:root:Going to sleep for 299.045804024 seconds
