INFO:root:Processing smapi.cpc222714.DrsMSGOR_cert_001.01.15.11.00.00
INFO:root:Seen this file, starting at 3929
INFO:root:Processing smapi.cpc222714.DrsDQA_cert_001.01.15.11.10.00
INFO:root:Seen this file, starting at 2534
INFO:root:Processing smapi.cpc222714.DrsNotifyRM_cert_001.01.15.11.00.00
INFO:root:Seen this file, starting at 4548
INFO:root:Processing smapi.cpc222714.DrsCOR_cert_001.01.15.11.15.00
INFO:root:Seen this file, starting at 655
INFO:root:Processing smapi.cpc222714.DrsWFS_cert_001.01.15.11.15.00
INFO:root:Seen this file, starting at 2046
INFO:root:Processing smapi.cpc222714.DrsList_cert_001.01.15.11.20.00
INFO:root:New file
INFO:root:Processing smapi.cpc222714.DrsSSA_cert_001.01.15.10.55.00
INFO:root:Seen this file, starting at 5291
INFO:root:Processing smapi.cpc222714.DrsCARM_cert_001.01.15.10.50.00
INFO:root:Seen this file, starting at 4846
INFO:root:No new data, same size, skipping
INFO:root:Processing smapi.cpc222714.DrsAlerts_cert_005.01.15.10.55.00
INFO:root:Seen this file, starting at 4973
INFO:root:Processing smapi.cpc222714.VCM_cert_001.01.15.10.55.00
INFO:root:Seen this file, starting at 13696
INFO:root:Processing smapi.cpc222714.DrsLctr_cert_001.01.15.11.05.00
INFO:root:Seen this file, starting at 2351
INFO:root:Processing smapi.cpc222714.UsaUds_cert_001.01.15.11.05.00
INFO:root:Seen this file, starting at 1668
INFO:root:Processing smapi.cpc222714.DrsMSGRM_cert_001.01.15.11.05.00
INFO:root:Seen this file, starting at 1941
INFO:root:Processing smapi.cpc222714.ID_web_collector_cert_001.01.15.10.50.00
INFO:root:Seen this file, starting at 8935
INFO:root:Processing smapi.cpc222714.DrsCOPPS_cert_001.01.15.10.55.00
INFO:root:Seen this file, starting at 4680
INFO:root:Processing smapi.cpc222714.ID_dime_smdata_cert_001.01.15.11.00.00
INFO:root:Seen this file, starting at 6456
INFO:root:Processing smapi.cpc222714.DrsAlerts_cert_001.01.15.11.00.00
INFO:root:Seen this file, starting at 8326
INFO:root:Processing smapi.cpc222714.DrsNotifyOR_cert_001.01.15.11.10.00
INFO:root:Seen this file, starting at 5630
INFO:root:Processing smapi.cpc222714.ChasmMonitor_cert_001.01.15.11.10.00
INFO:root:Seen this file, starting at 792
INFO:root:Processing smapi.cpc222714.DrsCAOR_cert_001.01.15.11.20.00
INFO:root:New file
INFO:root:Processing smapi.cpc222714.DrsCOLNP_cert_001.01.15.10.50.00
INFO:root:Seen this file, starting at 10926
INFO:root:Processing smapi.cpc222714.DrsList_cert_001.01.15.10.50.00
INFO:root:Seen this file, starting at 5628
INFO:root:No new data, same size, skipping
INFO:root:Processing smapi.cpc222714.DrsAlerts_cert_004.01.15.11.20.00
INFO:root:New file
INFO:root:Processing smapi.cpc222714.DrsAlerts_cert_002.01.15.11.20.00
INFO:root:New file
INFO:root:Processing smapi.cpc222714.ChasmExec_cert_001.01.15.11.20.00
INFO:root:New file
INFO:root:Processing smapi.cpc222714.DrsCRM_cert_001.01.15.11.20.00
INFO:root:New file
INFO:root:Processing smapi.cpc222714.DrsUPS_cert_001.01.15.11.20.00
INFO:root:New file
INFO:root:Processing smapi.cpc222714.DrsCAOR_cert_001.01.15.10.50.00
INFO:root:Seen this file, starting at 9023
INFO:root:No new data, same size, skipping
INFO:root:Processing smapi.cpc222714.DrsAlerts_cert_003.01.15.10.50.00
INFO:root:Seen this file, starting at 5980
INFO:root:Processing smapi.cpc222714.DrsUEA_cert_001.01.15.10.50.00
INFO:root:Seen this file, starting at 2508
INFO:root:Processing smapi.cpc222714.DrsRA_cert_001.01.15.10.50.00
INFO:root:Seen this file, starting at 9867
INFO:root:Processing smapi.cpc222714.DrsCARM_cert_001.01.15.11.20.00
INFO:root:New file
INFO:root:Processing smapi.cpc222717.DrsJCite_cert_001.01.15.10.53.45
INFO:root:Seen this file, starting at 292949
INFO:root:Processing smapi.cpc222717.DrsShpd_cert_001.01.15.11.16.07
INFO:root:Seen this file, starting at 16521
INFO:root:Processing smapi.cpc222717.DrsRetr_cert_001.01.15.10.53.58
INFO:root:Seen this file, starting at 948398
INFO:root:Processing smapi.cpc222717.DrsToc_cert_001.01.15.10.57.42
INFO:root:Seen this file, starting at 116162
INFO:root:Processing smapi.cpc222717.ChasmMonitor_cert_001.01.15.11.00.15
INFO:root:Seen this file, starting at 38130
INFO:root:Processing smapi.cpc222717.DrsSrch_cert_001.01.15.11.04.04
INFO:root:Seen this file, starting at 1353540
INFO:root:Processing smapi.cpc222717.ID_dime_smdata_cert_001.01.15.10.55.00
INFO:root:Seen this file, starting at 8160
INFO:root:Processing smapi.cpc222717.DrsMprxy_cert_001.01.15.11.20.00
INFO:root:New file
INFO:root:Processing smapi.cpc222717.DrsShpdCacheWarmup_cert_001.01.15.11.04.04
INFO:root:Seen this file, starting at 15731
INFO:root:Processing smapi.cpc222717.DrsMprxy_cert_001.01.15.10.49.27
INFO:root:Seen this file, starting at 171657
INFO:root:No new data, same size, skipping
INFO:root:Processing smapi.cpc222717.DrsAnltx_cert_001.01.15.10.50.00
INFO:root:Seen this file, starting at 17557
INFO:root:Processing smapi.cpc222717.DrsLapi_cert_001.01.15.10.50.00
INFO:root:Seen this file, starting at 10128
INFO:root:Processing smapi.cpc222717.ChasmExec_cert_001.01.15.11.05.00
INFO:root:Seen this file, starting at 1152
INFO:root:Processing smapi.cpc222717.DrsInstr_cert_001.01.15.11.05.00
INFO:root:Seen this file, starting at 28002
INFO:root:Processing smapi.cpc2a770.ID_web_collector_cert_001.01.15.11.05.00
INFO:root:Seen this file, starting at 4444
INFO:root:Processing smapi.cpc2a770.DrsSES_cert_001.01.15.11.12.17
INFO:root:Seen this file, starting at 45494
INFO:root:Processing smapi.cpc2a770.ChasmExec_cert_001.01.15.10.55.00
INFO:root:Seen this file, starting at 1900
INFO:root:Processing smapi.cpc2a770.ChasmMonitor_cert_001.01.15.11.05.00
INFO:root:Seen this file, starting at 1176
INFO:root:Processing smapi.cpc2a770.ID_dime_smdata_cert_001.01.15.11.00.00
INFO:root:Seen this file, starting at 6420
INFO:root:Processing smapi.cpc222718.AlertsMgr_cert_001.01.15.11.11.04
INFO:root:Seen this file, starting at 6856
INFO:root:Processing smapi.cpc222718.AlertsOrch_cert_009.01.15.10.50.00
INFO:root:Seen this file, starting at 5650
INFO:root:No new data, same size, skipping
INFO:root:Processing smapi.cpc222718.VCM_cert_001.01.15.11.15.00
INFO:root:Seen this file, starting at 5681
INFO:root:Processing smapi.cpc222718.AlertsMgr_cert_003.01.15.10.55.00
INFO:root:Seen this file, starting at 2925
INFO:root:Processing smapi.cpc222718.DrsCARM_cert_001.01.15.10.56.22
INFO:root:Seen this file, starting at 9520
INFO:root:Processing smapi.cpc222718.DrsUPS_cert_001.01.15.10.57.59
INFO:root:Seen this file, starting at 922345
INFO:root:Processing smapi.cpc222718.DrsRA_cert_001.01.15.10.58.37
INFO:root:Seen this file, starting at 394642
INFO:root:Processing smapi.cpc222718.DrsListAdm_cert_001.01.15.11.05.00
INFO:root:Seen this file, starting at 1830
INFO:root:Processing smapi.cpc222718.ID_web_collector_cert_001.01.15.11.05.00
INFO:root:Seen this file, starting at 4468
INFO:root:Processing smapi.cpc222718.DrsList_cert_001.01.15.11.06.48
INFO:root:Seen this file, starting at 119772
INFO:root:Processing smapi.cpc222718.DrsWFS_cert_001.01.15.11.06.53
INFO:root:Seen this file, starting at 146395
INFO:root:Processing smapi.cpc222718.AlertsMgr_cert_004.01.15.11.10.00
INFO:root:Seen this file, starting at 1152
INFO:root:Processing smapi.cpc222718.AlertsOrch_cert_004.01.15.11.15.00
INFO:root:Seen this file, starting at 882
INFO:root:Processing smapi.cpc222718.AlertsMgr_cert_002.01.15.11.15.07
INFO:root:Seen this file, starting at 1885
INFO:root:Processing smapi.cpc222718.DrsNotifyOR_cert_001.01.15.11.20.00
INFO:root:New file
INFO:root:Processing smapi.cpc222718.DrsCOPPS_cert_001.01.15.11.20.00
INFO:root:New file
INFO:root:Processing smapi.cpc222718.AlertsOrch_cert_008.01.15.11.10.00
INFO:root:Seen this file, starting at 1764
INFO:root:Processing smapi.cpc222718.AlertsOrch_cert_005.01.15.11.20.00
INFO:root:New file
INFO:root:Processing smapi.cpc222718.DrsMSGRM_cert_001.01.15.10.50.00
INFO:root:Seen this file, starting at 10491
INFO:root:No new data, same size, skipping
INFO:root:Processing smapi.cpc222718.DrsNotifyOR_cert_001.01.15.10.50.00
INFO:root:Seen this file, starting at 19174
INFO:root:No new data, same size, skipping
INFO:root:Processing smapi.cpc222718.DrsCOPPS_cert_001.01.15.10.50.00
INFO:root:Seen this file, starting at 5616
INFO:root:No new data, same size, skipping
INFO:root:Processing smapi.cpc222718.DrsCAOR_cert_001.01.15.10.50.00
INFO:root:Seen this file, starting at 14477
INFO:root:Processing smapi.cpc222718.ID_dime_smdata_cert_001.01.15.10.55.00
INFO:root:Seen this file, starting at 8173
INFO:root:Processing smapi.cpc222718.DrsUEA_cert_001.01.15.11.00.00
INFO:root:Seen this file, starting at 2484
INFO:root:Processing smapi.cpc222718.AlertsMgr_cert_007.01.15.11.00.00
INFO:root:Seen this file, starting at 2330
INFO:root:Processing smapi.cpc222718.AlertsMgr_cert_005.01.15.11.00.00
INFO:root:Seen this file, starting at 2348
INFO:root:Processing smapi.cpc222718.AlertsOrch_cert_003.01.15.11.20.00
INFO:root:New file
INFO:root:Processing smapi.cpc222718.DrsCOLNP_cert_002.01.15.11.20.00
INFO:root:New file
INFO:root:Processing smapi.cpc222718.AlertsMgr_cert_006.01.15.11.20.00
INFO:root:New file
INFO:root:Processing smapi.cpc222718.ChasmMonitor_cert_001.01.15.10.50.00
INFO:root:Seen this file, starting at 2376
INFO:root:No new data, same size, skipping
INFO:root:Processing smapi.cpc222718.DrsCOARM_cert_001.01.15.10.50.00
INFO:root:Seen this file, starting at 18408
INFO:root:Processing smapi.cpc222718.DrsCOR_cert_001.01.15.10.55.00
INFO:root:Seen this file, starting at 8584
INFO:root:Processing smapi.cpc222718.DrsDQA_cert_001.01.15.10.55.00
INFO:root:Seen this file, starting at 29293
INFO:root:Processing smapi.cpc222718.AlertsOrch_cert_007.01.15.11.00.00
INFO:root:Seen this file, starting at 3981
INFO:root:Processing smapi.cpc222718.DrsLctr_cert_001.01.15.11.00.00
INFO:root:Seen this file, starting at 4028
INFO:root:Processing smapi.cpc222718.DrsCOLNP_cert_001.01.15.11.10.00
INFO:root:Seen this file, starting at 3638
INFO:root:Processing smapi.cpc222718.DrsCRM_cert_001.01.15.11.11.26
INFO:root:Seen this file, starting at 11150
INFO:root:Processing smapi.cpc222718.DrsMSGOR_cert_001.01.15.11.15.00
INFO:root:Seen this file, starting at 985
INFO:root:Processing smapi.cpc222718.UsaUds_cert_001.01.15.11.15.00
INFO:root:Seen this file, starting at 751
INFO:root:Processing smapi.cpc222718.DrsSSA_cert_001.01.15.11.00.00
INFO:root:Seen this file, starting at 10232
INFO:root:Processing smapi.cpc222718.AlertsOrch_cert_002.01.15.11.00.00
INFO:root:Seen this file, starting at 3932
INFO:root:Processing smapi.cpc222718.AlertsOrch_cert_001.01.15.11.15.00
INFO:root:Seen this file, starting at 1927
INFO:root:Processing smapi.cpc222718.ChasmExec_cert_001.01.15.11.15.00
INFO:root:Seen this file, starting at 384
INFO:root:Processing smapi.cpc222718.ChasmMonitor_cert_001.01.15.11.20.00
INFO:root:New file
INFO:root:Processing smapi.cpc222718.DrsNotifyRM_cert_001.01.15.11.20.00
INFO:root:New file
INFO:root:Processing smapi.cpc222718.AlertsOrch_cert_009.01.15.11.20.00
INFO:root:New file
INFO:root:Processing smapi.cpc222718.DrsMSGRM_cert_001.01.15.11.20.00
INFO:root:New file
INFO:root:Processing smapi.cpc222718.AlertsOrch_cert_006.01.15.11.20.00
INFO:root:New file
INFO:root:Processing smapi.cpc2a776.DrsMSGOR_cert_001.01.15.10.55.00
INFO:root:Seen this file, starting at 4892
INFO:root:Processing smapi.cpc2a776.DrsCOLNP_cert_001.01.15.11.05.00
INFO:root:Seen this file, starting at 2033
INFO:root:Processing smapi.cpc2a776.DrsCARM_cert_001.01.15.10.50.00
INFO:root:Seen this file, starting at 4829
INFO:root:No new data, same size, skipping
INFO:root:Processing smapi.cpc2a776.DrsSSA_cert_001.01.15.11.15.00
INFO:root:Seen this file, starting at 846
INFO:root:Processing smapi.cpc2a776.DrsLctr_cert_001.01.15.11.15.00
INFO:root:Seen this file, starting at 788
INFO:root:Processing smapi.cpc2a776.DrsAlerts_cert_003.01.15.11.20.00
INFO:root:New file
INFO:root:Processing smapi.cpc2a776.DrsCARM_cert_001.01.15.11.20.00
INFO:root:New file
INFO:root:Processing smapi.cpc2a776.DrsUPS_cert_001.01.15.11.00.00
INFO:root:Seen this file, starting at 43004
INFO:root:Processing smapi.cpc2a776.DrsCOPPS_cert_001.01.15.11.00.00
INFO:root:Seen this file, starting at 3168
INFO:root:Processing smapi.cpc2a776.ID_dime_smdata_cert_001.01.15.11.00.00
INFO:root:Seen this file, starting at 6447
INFO:root:Processing smapi.cpc2a776.DrsWFS_cert_001.01.15.11.20.00
INFO:root:New file
INFO:root:Processing smapi.cpc2a776.DrsAlerts_cert_001.01.15.10.50.00
INFO:root:Seen this file, starting at 24159
INFO:root:Processing smapi.cpc2a776.DrsAlerts_cert_004.01.15.10.50.00
INFO:root:Seen this file, starting at 8570
INFO:root:Processing smapi.cpc2a776.DrsAlerts_cert_002.01.15.10.55.00
INFO:root:Seen this file, starting at 15840
INFO:root:Processing smapi.cpc2a776.DrsCOR_cert_001.01.15.10.55.00
INFO:root:Seen this file, starting at 8811
INFO:root:Processing smapi.cpc2a776.DrsNotifyOR_cert_001.01.15.11.00.00
INFO:root:Seen this file, starting at 10429
INFO:root:Processing smapi.cpc2a776.DrsList_cert_001.01.15.11.00.00
INFO:root:Seen this file, starting at 5458
INFO:root:Processing smapi.cpc2a776.ChasmExec_cert_001.01.15.11.00.00
INFO:root:Seen this file, starting at 1520
INFO:root:Processing smapi.cpc2a776.UsaUds_cert_001.01.15.11.05.00
INFO:root:Seen this file, starting at 1581
INFO:root:Processing smapi.cpc2a776.DrsCAOR_cert_001.01.15.11.05.00
INFO:root:Seen this file, starting at 4604
INFO:root:Processing smapi.cpc2a776.ID_web_collector_cert_001.01.15.11.05.00
INFO:root:Seen this file, starting at 4455
INFO:root:Processing smapi.cpc2a776.DrsNotifyRM_cert_001.01.15.11.05.00
INFO:root:Seen this file, starting at 5493
INFO:root:Processing smapi.cpc2a776.DrsRA_cert_001.01.15.11.08.11
INFO:root:Seen this file, starting at 8746
INFO:root:Processing smapi.cpc2a776.DrsDQA_cert_001.01.15.11.10.00
INFO:root:Seen this file, starting at 3248
INFO:root:Processing smapi.cpc2a776.DrsCRM_cert_001.01.15.11.10.00
INFO:root:Seen this file, starting at 9048
INFO:root:Processing smapi.cpc2a776.DrsUEA_cert_001.01.15.11.15.00
INFO:root:Seen this file, starting at 436
INFO:root:Processing smapi.cpc2a776.DrsAlerts_cert_005.01.15.11.15.00
INFO:root:Seen this file, starting at 1475
INFO:root:Processing smapi.cpc2a776.ChasmMonitor_cert_001.01.15.11.15.00
INFO:root:Seen this file, starting at 392
INFO:root:Processing smapi.cpc22772.wamAccess_cert_001.01.15.11.08.02
INFO:root:Seen this file, starting at 19136
INFO:root:Processing smapi.cpc22772.wamIdentity_cert_003.01.15.11.17.29
INFO:root:Seen this file, starting at 3070
INFO:root:Processing smapi.cpc22772.ChasmMonitor_cert_001.01.15.10.55.00
INFO:root:Seen this file, starting at 1960
INFO:root:Processing smapi.cpc22772.wamEntitlement_cert_001.01.15.10.56.25
INFO:root:Seen this file, starting at 82677
INFO:root:Processing smapi.cpc22772.wamIdentity_cert_001.01.15.11.03.10
INFO:root:Seen this file, starting at 39913
INFO:root:Processing smapi.cpc22772.ChasmExec_cert_001.01.15.11.10.00
INFO:root:Seen this file, starting at 760
INFO:root:Processing smapi.cpc22772.wamIdentity_cert_002.01.15.11.13.13
INFO:root:Seen this file, starting at 12591
INFO:root:Processing smapi.cpc22772.ID_dime_smdata_cert_001.01.15.11.10.00
INFO:root:Seen this file, starting at 3223
INFO:root:Processing smapi.cpc22772.wamSelfServ_cert_001.01.15.11.15.00
INFO:root:Seen this file, starting at 10732
INFO:root:Processing smapi.cpc22751.wamAccess_cert_001.01.15.11.01.36
INFO:root:Seen this file, starting at 73494
INFO:root:Processing smapi.cpc22751.wamEntitlement_cert_001.01.15.11.10.00
INFO:root:Seen this file, starting at 29751
INFO:root:Processing smapi.cpc22751.wamSelfServ_cert_001.01.15.10.47.21
INFO:root:Seen this file, starting at 90408
INFO:root:No new data, same size, skipping
INFO:root:Processing smapi.cpc22751.wamIdentity_cert_003.01.15.11.15.27
INFO:root:Seen this file, starting at 6235
INFO:root:Processing smapi.cpc22751.wamSelfServ_cert_001.01.15.11.17.48
INFO:root:Seen this file, starting at 2289
INFO:root:Processing smapi.cpc22751.ID_web_collector_cert_001.01.15.11.20.00
INFO:root:New file
INFO:root:Processing smapi.cpc22751.ChasmMonitor_cert_001.01.15.10.55.00
INFO:root:Seen this file, starting at 1960
INFO:root:Processing smapi.cpc22751.wamIdentity_cert_001.01.15.11.02.50
INFO:root:Seen this file, starting at 27145
INFO:root:Processing smapi.cpc22751.ChasmExec_cert_001.01.15.11.05.00
INFO:root:Seen this file, starting at 1140
INFO:root:Processing smapi.cpc22751.ID_dime_smdata_cert_001.01.15.11.05.00
INFO:root:Seen this file, starting at 4836
INFO:root:Processing smapi.cpc22751.wamIdentity_cert_002.01.15.11.15.00
INFO:root:Seen this file, starting at 9564
INFO:root:Processing smapi.cpc22750.wamAccess_cert_001.01.15.11.03.48
INFO:root:Seen this file, starting at 63121
INFO:root:Processing smapi.cpc22750.wamIdentity_cert_003.01.15.11.21.22
INFO:root:New file
INFO:root:Processing smapi.cpc22750.wamIdentity_cert_003.01.15.10.50.00
INFO:root:Seen this file, starting at 54481
INFO:root:Processing smapi.cpc22750.ID_web_collector_cert_001.01.15.11.00.00
INFO:root:Seen this file, starting at 5934
INFO:root:Processing smapi.cpc22750.wamEntitlement_cert_001.01.15.11.06.25
INFO:root:Seen this file, starting at 32884
INFO:root:Processing smapi.cpc22750.ChasmMonitor_cert_001.01.15.11.05.00
INFO:root:Seen this file, starting at 1176
INFO:root:Processing smapi.cpc22750.ChasmExec_cert_001.01.15.11.05.00
INFO:root:Seen this file, starting at 1140
INFO:root:Processing smapi.cpc22750.ID_dime_smdata_cert_001.01.15.10.50.00
INFO:root:Seen this file, starting at 9676
INFO:root:Processing smapi.cpc22750.wamIdentity_cert_001.01.15.11.07.17
INFO:root:Seen this file, starting at 24015
INFO:root:Processing smapi.cpc22750.wamIdentity_cert_002.01.15.11.07.46
INFO:root:Seen this file, starting at 24059
INFO:root:Processing smapi.cpc22750.wamSelfServ_cert_001.01.15.11.07.46
INFO:root:Seen this file, starting at 39484
INFO:root:Processing smapi.cpc22753.ID_dime_smdata_cert_001.01.15.10.55.00
INFO:root:Seen this file, starting at 8038
INFO:root:Processing smapi.cpc22753.ChasmMonitor_cert_001.01.15.11.15.00
INFO:root:Seen this file, starting at 392
INFO:root:Processing smapi.cpc22753.ChasmExec_cert_001.01.15.11.15.00
INFO:root:Seen this file, starting at 395
INFO:root:Processing smapi.cpc222716.UsaUds_cert_001.01.15.11.10.00
INFO:root:Seen this file, starting at 794
INFO:root:Processing smapi.cpc222716.DrsWFS_cert_001.01.15.11.20.00
INFO:root:New file
INFO:root:Processing smapi.cpc222716.DrsCRM_cert_001.01.15.10.50.00
INFO:root:Seen this file, starting at 4033
INFO:root:Processing smapi.cpc222716.DrsLctr_cert_001.01.15.10.55.00
INFO:root:Seen this file, starting at 4422
INFO:root:Processing smapi.cpc222716.DrsUEA_cert_001.01.15.11.10.00
INFO:root:Seen this file, starting at 836
INFO:root:Processing smapi.cpc222716.VCM_cert_001.01.15.10.55.00
INFO:root:Seen this file, starting at 13508
INFO:root:Processing smapi.cpc222716.DrsAlerts_cert_001.01.15.11.00.00
INFO:root:Seen this file, starting at 2996
INFO:root:Processing smapi.cpc222716.DrsCAOR_cert_001.01.15.11.15.00
INFO:root:Seen this file, starting at 895
INFO:root:Processing smapi.cpc222716.DrsAlerts_cert_003.01.15.10.50.00
INFO:root:Seen this file, starting at 4770
INFO:root:Processing smapi.cpc222716.ChasmExec_cert_001.01.15.10.55.00
INFO:root:Seen this file, starting at 1920
INFO:root:Processing smapi.cpc222716.DrsAlerts_cert_002.01.15.10.50.00
INFO:root:Seen this file, starting at 3828
INFO:root:Processing smapi.cpc222716.DrsList_cert_001.01.15.10.55.00
INFO:root:Seen this file, starting at 8075
INFO:root:Processing smapi.cpc222716.DrsCOR_cert_001.01.15.11.05.00
INFO:root:Seen this file, starting at 1962
INFO:root:Processing smapi.cpc222716.DrsWFSMaintenance_cert_001.01.15.11.05.09
INFO:root:Seen this file, starting at 515
INFO:root:No new data, same size, skipping
INFO:root:Processing smapi.cpc222716.ID_dime_smdata_cert_001.01.15.11.10.00
INFO:root:Seen this file, starting at 3262
INFO:root:Processing smapi.cpc222716.DrsRA_cert_001.01.15.10.55.00
INFO:root:Seen this file, starting at 3674
INFO:root:Processing smapi.cpc222716.DrsSSA_cert_001.01.15.11.00.00
INFO:root:Seen this file, starting at 3562
INFO:root:Processing smapi.cpc222716.DrsUPS_cert_001.01.15.11.00.00
INFO:root:Seen this file, starting at 3516
INFO:root:Processing smapi.cpc222716.DrsAlerts_cert_004.01.15.11.05.00
INFO:root:Seen this file, starting at 2387
INFO:root:Processing smapi.cpc222716.ChasmMonitor_cert_001.01.15.11.05.00
INFO:root:Seen this file, starting at 1188
INFO:root:Processing smapi.cpc222716.DrsCOLNP_cert_001.01.15.11.05.00
INFO:root:Seen this file, starting at 2053
INFO:root:Processing smapi.cpc222716.DrsNotifyOR_cert_001.01.15.11.05.00
INFO:root:Seen this file, starting at 1338
INFO:root:Processing smapi.cpc222716.DrsMSGOR_cert_001.01.15.11.04.56
INFO:root:Seen this file, starting at 2657034
INFO:root:Processing smapi.cpc222716.ID_web_collector_cert_001.01.15.11.10.00
INFO:root:Seen this file, starting at 2977
INFO:root:Processing smapi.cpc222716.DrsAlerts_cert_005.01.15.11.10.00
INFO:root:Seen this file, starting at 1042
INFO:root:Processing smapi.cpc222716.DrsCARM_cert_001.01.15.11.10.00
INFO:root:Seen this file, starting at 1506
INFO:root:Processing smapi.cpc222719.DrsJCite_cert_003.01.15.10.50.00
INFO:root:Seen this file, starting at 19007
INFO:root:No new data, same size, skipping
INFO:root:Processing smapi.cpc222719.DrsInstr_cert_002.01.15.11.15.00
INFO:root:Seen this file, starting at 6639
INFO:root:Processing smapi.cpc222719.DrsInstr_cert_001.01.15.10.55.00
INFO:root:Seen this file, starting at 33835
INFO:root:Processing smapi.cpc222719.DrsJCite_cert_003.01.15.11.20.00
INFO:root:New file
INFO:root:Processing smapi.cpc222719.DrsShpd_cert_001.01.15.11.00.00
INFO:root:Seen this file, starting at 23473
INFO:root:Processing smapi.cpc222719.DrsJCite_cert_002.01.15.11.01.07
INFO:root:Seen this file, starting at 12411
INFO:root:Processing smapi.cpc222719.DrsToc_cert_001.01.15.11.02.35
INFO:root:Seen this file, starting at 7404
INFO:root:Processing smapi.cpc222719.ChasmExec_cert_001.01.15.11.10.00
INFO:root:Seen this file, starting at 768
INFO:root:Processing smapi.cpc222719.DrsJCite_cert_001.01.15.11.15.00
INFO:root:Seen this file, starting at 2039
INFO:root:Processing smapi.cpc222719.ChasmMonitor_cert_001.01.15.10.55.00
INFO:root:Seen this file, starting at 1980
INFO:root:Processing smapi.cpc222719.DrsSrch_cert_001.01.15.11.15.00
INFO:root:Seen this file, starting at 3771
INFO:root:Processing smapi.cpc222719.DrsShpdCacheWarmup_cert_001.01.15.10.53.07
INFO:root:Seen this file, starting at 15461
INFO:root:Processing smapi.cpc222719.ID_dime_smdata_cert_001.01.15.11.00.00
INFO:root:Seen this file, starting at 6460
INFO:root:Processing smapi.cpc222719.DrsAnltx_cert_001.01.15.11.05.00
INFO:root:Seen this file, starting at 7380
INFO:root:Processing smapi.cpc222719.DrsLapi_cert_001.01.15.11.05.00
INFO:root:Seen this file, starting at 5109
INFO:root:Processing smapi.cpc222719.DrsRetr_cert_001.01.15.11.05.00
INFO:root:Seen this file, starting at 14470
INFO:root:Processing smapi.cpc222719.DrsMprxy_cert_001.01.15.11.05.00
INFO:root:Seen this file, starting at 2406
INFO:root:Processing smapi.cpc222719.ID_web_collector_cert_001.01.15.11.15.00
INFO:root:Seen this file, starting at 1489
INFO:root:Processing smapi.cpc2a777.DrsRA_cert_001.01.15.11.13.14
INFO:root:Seen this file, starting at 5026
INFO:root:Processing smapi.cpc2a777.DrsCRM_cert_001.01.15.11.15.00
INFO:root:Seen this file, starting at 4286
INFO:root:Processing smapi.cpc2a777.DrsMSGOR_cert_001.01.15.11.00.00
INFO:root:Seen this file, starting at 3912
INFO:root:Processing smapi.cpc2a777.DrsWFS_cert_001.01.15.11.00.12
INFO:root:Seen this file, starting at 12341
INFO:root:Processing smapi.cpc2a777.DrsNotifyRM_cert_001.01.15.11.20.00
INFO:root:New file
INFO:root:Processing smapi.cpc2a777.DrsNotifyRM_cert_001.01.15.10.50.00
INFO:root:Seen this file, starting at 10986
INFO:root:No new data, same size, skipping
INFO:root:Processing smapi.cpc2a777.ChasmMonitor_cert_001.01.15.11.05.00
INFO:root:Seen this file, starting at 1176
INFO:root:Processing smapi.cpc2a777.DrsCARM_cert_001.01.15.11.05.00
INFO:root:Seen this file, starting at 1944
INFO:root:Processing smapi.cpc2a777.DrsAlerts_cert_002.01.15.11.10.00
INFO:root:Seen this file, starting at 6715
INFO:root:Processing smapi.cpc2a777.DrsUPS_cert_001.01.15.11.15.00
INFO:root:Seen this file, starting at 7612
INFO:root:Processing smapi.cpc2a777.DrsAlerts_cert_005.01.15.11.15.00
INFO:root:Seen this file, starting at 1428
INFO:root:Processing smapi.cpc2a777.DrsNotifyOR_cert_001.01.15.11.15.00
INFO:root:Seen this file, starting at 2614
INFO:root:Processing smapi.cpc2a777.DrsAlerts_cert_003.01.15.10.50.00
INFO:root:Seen this file, starting at 8568
INFO:root:Processing smapi.cpc2a777.DrsDQA_cert_001.01.15.10.50.00
INFO:root:Seen this file, starting at 9528
INFO:root:Processing smapi.cpc2a777.ID_dime_smdata_cert_001.01.15.10.50.00
INFO:root:Seen this file, starting at 9668
INFO:root:Processing smapi.cpc2a777.DrsCOPPS_cert_001.01.15.10.55.00
INFO:root:Seen this file, starting at 3670
INFO:root:Processing smapi.cpc2a777.DrsList_cert_001.01.15.10.55.00
INFO:root:Seen this file, starting at 6149
INFO:root:Processing smapi.cpc2a777.DrsAlerts_cert_004.01.15.10.55.00
INFO:root:Seen this file, starting at 7127
INFO:root:Processing smapi.cpc2a777.DrsCOR_cert_001.01.15.11.00.00
INFO:root:Seen this file, starting at 7056
INFO:root:Processing smapi.cpc2a777.DrsUEA_cert_001.01.15.11.00.00
INFO:root:Seen this file, starting at 2352
INFO:root:Processing smapi.cpc2a777.UsaUds_cert_001.01.15.10.55.00
INFO:root:Seen this file, starting at 1965
INFO:root:Processing smapi.cpc2a777.ID_web_collector_cert_001.01.15.11.05.00
INFO:root:Seen this file, starting at 4454
INFO:root:Processing smapi.cpc2a777.DrsSSA_cert_001.01.15.11.05.00
INFO:root:Seen this file, starting at 2652
INFO:root:Processing smapi.cpc2a777.DrsCAOR_cert_001.01.15.11.10.00
INFO:root:Seen this file, starting at 3140
INFO:root:Processing smapi.cpc2a777.ChasmExec_cert_001.01.15.11.10.00
INFO:root:Seen this file, starting at 760
INFO:root:Processing smapi.cpc2a777.DrsCOLNP_cert_001.01.15.11.15.00
INFO:root:Seen this file, starting at 673
INFO:root:Processing smapi.cpc2a777.DrsAlerts_cert_001.01.15.11.10.00
INFO:root:Seen this file, starting at 6709
INFO:root:Processing smapi.cpc2a777.DrsLctr_cert_001.01.15.11.15.00
INFO:root:Seen this file, starting at 880
INFO:root:Processing smapi.cpc22714.DrsRetr_cert_001.01.16.11.20.00
INFO:root:New file
INFO:root:Processing smapi.cpc22714.DrsRetr_cert_001.01.16.10.50.00
INFO:root:Seen this file, starting at 16046
INFO:root:No new data, same size, skipping
INFO:root:Processing smapi.cpc22714.DrsInstr_cert_001.01.16.11.00.00
INFO:root:Seen this file, starting at 1592
INFO:root:Processing smapi.cpc22714.DrsSrch_cert_001.01.16.11.03.28
INFO:root:Seen this file, starting at 13481
INFO:root:Processing smapi.cpc22714.DrsAnltx_cert_001.01.16.11.10.00
INFO:root:Seen this file, starting at 2380
INFO:root:Processing smapi.cpc22714.DrsJCite_cert_001.01.16.10.55.00
INFO:root:Seen this file, starting at 17366
INFO:root:Processing smapi.cpc22714.DrsShpd_cert_001.01.16.11.15.00
INFO:root:Seen this file, starting at 1899
INFO:root:Processing smapi.cpc22714.ID_web_collector_cert_001.01.16.10.50.00
INFO:root:Seen this file, starting at 8906
INFO:root:No new data, same size, skipping
INFO:root:Processing smapi.cpc22714.ID_web_collector_cert_001.01.16.11.20.00
INFO:root:New file
INFO:root:Processing smapi.cpc22714.DrsToc_cert_001.01.16.11.00.00
INFO:root:Seen this file, starting at 6426
INFO:root:Processing smapi.cpc22714.DrsShpdCacheWarmup_cert_001.01.16.11.00.00
INFO:root:Seen this file, starting at 1764
INFO:root:Processing smapi.cpc22714.DrsLapi_cert_001.01.16.11.00.00
INFO:root:Seen this file, starting at 2416
INFO:root:Processing smapi.cpc22714.ID_dime_smdata_cert_001.01.16.11.15.00
INFO:root:Seen this file, starting at 1610
INFO:root:Processing smapi.cpc22714.ChasmExec_cert_001.01.16.11.15.00
INFO:root:Seen this file, starting at 380
INFO:root:Processing smapi.cpc22715.DrsRetr_cert_001.01.15.11.00.00
INFO:root:Seen this file, starting at 18381
INFO:root:Processing smapi.cpc22715.DrsToc_cert_001.01.15.11.05.00
INFO:root:Seen this file, starting at 5060
INFO:root:Processing smapi.cpc22715.ChasmExec_cert_001.01.15.11.15.00
INFO:root:Seen this file, starting at 380
INFO:root:Processing smapi.cpc22715.DrsLapi_cert_001.01.15.11.20.00
INFO:root:New file
INFO:root:Processing smapi.cpc22715.ID_web_collector_cert_001.01.15.10.55.00
INFO:root:Seen this file, starting at 7423
INFO:root:Processing smapi.cpc22715.DrsShpd_cert_001.01.15.11.00.35
INFO:root:Seen this file, starting at 16870
INFO:root:Processing smapi.cpc22715.DrsJCite_cert_001.01.15.11.10.00
INFO:root:Seen this file, starting at 3140
INFO:root:Processing smapi.cpc22715.ID_dime_smdata_cert_001.01.15.10.50.00
INFO:root:Seen this file, starting at 9747
INFO:root:Processing smapi.cpc22715.DrsSrch_cert_001.01.15.11.05.00
INFO:root:Seen this file, starting at 10830
INFO:root:Processing smapi.cpc22715.ChasmMonitor_cert_001.01.15.11.04.40
INFO:root:Seen this file, starting at 1601
INFO:root:Processing smapi.cpc22715.DrsAnltx_cert_001.01.15.11.05.00
INFO:root:Seen this file, starting at 3391
INFO:root:Processing smapi.cpc22715.DrsJCite_cert_002.01.15.11.05.00
INFO:root:Seen this file, starting at 4843
INFO:root:Processing smapi.cpc22716.DrsLdr_cert_002.01.15.11.21.39
INFO:root:New file
INFO:root:Processing smapi.cpc22716.DrsLdr_cert_001.01.15.11.21.59
INFO:root:New file
INFO:root:Processing smapi.cpc22716.DrsLdr_cert_001.01.15.10.51.44
INFO:root:Seen this file, starting at 131905
INFO:root:Processing smapi.cpc22716.DrsLdr_cert_002.01.15.10.51.37
INFO:root:Seen this file, starting at 121789
INFO:root:Processing smapi.cpc22716.Srec_cert_001.01.15.11.00.00
INFO:root:Seen this file, starting at 3958
INFO:root:Processing smapi.cpc22716.ChasmExec_cert_001.01.15.10.55.00
INFO:root:Seen this file, starting at 1900
INFO:root:Processing smapi.cpc22716.Entex_ENNWS_cert_001.01.15.11.00.00
INFO:root:Seen this file, starting at 3798
INFO:root:Processing smapi.cpc22716.ID_dime_smdata_cert_001.01.15.10.55.00
INFO:root:Seen this file, starting at 8080
INFO:root:Processing smapi.cpc22716.ShepLoader_cert_003.01.15.11.00.00
INFO:root:Seen this file, starting at 5007
INFO:root:Processing smapi.cpc22716.ShepSynd_cert_001.01.15.11.15.00
INFO:root:Seen this file, starting at 1728
INFO:root:Processing smapi.cpc22716.ShepLoader_cert_001.01.15.10.55.00
INFO:root:Seen this file, starting at 6082
INFO:root:Processing smapi.cpc22716.Citex_cert_001.01.15.10.55.00
INFO:root:Seen this file, starting at 18286
INFO:root:Processing smapi.cpc22716.Entex_COS_cert_001.01.15.11.00.00
INFO:root:Seen this file, starting at 6516
INFO:root:Processing smapi.cpc22716.DrsSynd_cert_001.01.15.11.00.00
INFO:root:Seen this file, starting at 1708
INFO:root:Processing smapi.cpc22716.DrsJCite_cert_002.01.15.11.05.00
INFO:root:Seen this file, starting at 4839
INFO:root:Processing smapi.cpc22716.Entex_ENNWS_cert_001.01.15.11.15.00
INFO:root:Seen this file, starting at 949
INFO:root:Processing smapi.cpc22716.Entex_SA_cert_001.01.15.10.55.00
INFO:root:Seen this file, starting at 8126
INFO:root:Processing smapi.cpc22716.DrsJCite_cert_005.01.15.11.00.00
INFO:root:Seen this file, starting at 6452
INFO:root:Processing smapi.cpc22716.Entex_SA_cert_001.01.15.11.00.00
INFO:root:Seen this file, starting at 6557
INFO:root:Processing smapi.cpc22716.ShepLoader_cert_002.01.15.11.00.00
INFO:root:Seen this file, starting at 5014
INFO:root:Processing smapi.cpc22716.DrsJCite_cert_003.01.15.11.05.00
INFO:root:Seen this file, starting at 4839
INFO:root:Processing smapi.cpc22716.DrsJCite_cert_004.01.15.11.05.00
INFO:root:Seen this file, starting at 5022
INFO:root:Processing smapi.cpc22716.DrsJCite_cert_001.01.15.11.15.00
INFO:root:Seen this file, starting at 1674
INFO:root:Processing smapi.cpc22716.DrsRma_cert_001.01.15.11.15.00
INFO:root:Seen this file, starting at 436
INFO:root:Processing smapi.cpc22716.ChasmMonitor_cert_001.01.15.11.20.00
INFO:root:New file
INFO:root:Processing smapi.cpc22716.ID_web_collector_cert_001.01.15.11.20.00
INFO:root:New file
INFO:root:Processing smapi.cpc22717.DrsRma_cert_001.01.15.11.20.00
INFO:root:New file
INFO:root:Processing smapi.cpc22717.ShepLoader_cert_001.01.15.11.20.00
INFO:root:New file
INFO:root:Processing smapi.cpc22717.DrsLdr_cert_002.01.15.10.51.27
INFO:root:Seen this file, starting at 91527
INFO:root:Processing smapi.cpc22717.DrsLdr_cert_001.01.15.10.51.27
INFO:root:Seen this file, starting at 128590
INFO:root:Processing smapi.cpc22717.DrsJCite_cert_005.01.15.11.10.00
INFO:root:Seen this file, starting at 3226
INFO:root:Processing smapi.cpc22717.ShepLoader_cert_003.01.15.11.20.00
INFO:root:New file
INFO:root:Processing smapi.cpc22717.DrsJCite_cert_001.01.15.10.55.00
INFO:root:Seen this file, starting at 8065
INFO:root:Processing smapi.cpc22717.DrsJCite_cert_002.01.15.11.10.00
INFO:root:Seen this file, starting at 3226
INFO:root:Processing smapi.cpc22717.ID_web_collector_cert_001.01.15.11.10.00
INFO:root:Seen this file, starting at 2967
INFO:root:Processing smapi.cpc22717.ID_dime_smdata_cert_001.01.15.11.10.00
INFO:root:Seen this file, starting at 3227
INFO:root:Processing smapi.cpc22717.ChasmMonitor_cert_001.01.15.11.14.32
INFO:root:Seen this file, starting at 818
INFO:root:Processing smapi.cpc22717.ChasmExec_cert_001.01.15.11.15.00
INFO:root:Seen this file, starting at 380
INFO:root:Processing smapi.cpc22717.DrsJCite_cert_003.01.15.11.15.00
INFO:root:Seen this file, starting at 1674
INFO:root:Processing smapi.cpc22717.ShepLoader_cert_002.01.15.11.15.00
INFO:root:Seen this file, starting at 1265
INFO:root:Processing smapi.cpc2a771.ID_web_collector_cert_001.01.15.10.55.00
INFO:root:Seen this file, starting at 7408
INFO:root:Processing smapi.cpc2a771.DrsSES_cert_001.01.15.11.00.00
INFO:root:Seen this file, starting at 142687
INFO:root:Processing smapi.cpc2a771.ChasmExec_cert_001.01.15.11.10.00
INFO:root:Seen this file, starting at 760
INFO:root:Processing smapi.cpc2a771.ID_dime_smdata_cert_001.01.15.11.20.00
INFO:root:New file
INFO:root:Processing smapi.cpc2a771.ChasmMonitor_cert_001.01.15.11.00.00
INFO:root:Seen this file, starting at 1568
INFO:root:Total time was: 3.58471 seconds records: 1067  Kbytes: 1796 Files: 288
INFO:root:Total time was: 0.0597452 minutes
INFO:root:Started at: Wed Jan 15 11:22:03 2014
INFO:root:Ended at: Wed Jan 15 11:22:06 2014
INFO:root:State read value is 1
INFO:root:Going to sleep for 296.394040823 seconds
