INFO:root:Processing smapi.cpc2a774.DrsCRM_cert_001.01.15.10.50.00
INFO:root:Seen this file, starting at 28298
INFO:root:Processing smapi.cpc2a774.DrsWFS_cert_001.01.15.11.20.00
INFO:root:New file
INFO:root:Processing smapi.cpc2a774.AlertsMgr_cert_004.01.15.11.05.00
INFO:root:Seen this file, starting at 1941
INFO:root:Processing smapi.cpc2a774.AlertsMgr_cert_001.01.15.11.05.00
INFO:root:Seen this file, starting at 10645
INFO:root:Processing smapi.cpc2a774.DrsCAOR_cert_002.01.15.11.05.00
INFO:root:Seen this file, starting at 4795
INFO:root:Processing smapi.cpc2a774.DrsCOPPS_cert_001.01.15.10.50.00
INFO:root:Seen this file, starting at 5382
INFO:root:No new data, same size, skipping
INFO:root:Processing smapi.cpc2a774.VCM_cert_001.01.15.10.50.00
INFO:root:Seen this file, starting at 4722
INFO:root:Processing smapi.cpc2a774.DrsCAOR_cert_001.01.15.11.05.00
INFO:root:Seen this file, starting at 4797
INFO:root:Processing smapi.cpc2a774.VCM_cert_002.01.15.11.10.00
INFO:root:Seen this file, starting at 1574
INFO:root:Processing smapi.cpc2a774.DrsRA_cert_001.01.15.11.20.00
INFO:root:New file
INFO:root:Processing smapi.cpc2a774.DrsUPS_cert_001.01.15.11.07.17
INFO:root:Seen this file, starting at 13531
INFO:root:Processing smapi.cpc2a774.ChasmExec_cert_001.01.15.11.10.00
INFO:root:Seen this file, starting at 760
INFO:root:Processing smapi.cpc2a774.AlertsMgr_cert_002.01.15.11.13.02
INFO:root:Seen this file, starting at 6251151
INFO:root:Processing smapi.cpc2a774.UsaUds_cert_001.01.15.11.20.00
INFO:root:New file
INFO:root:Processing smapi.cpc2a774.DrsList_cert_001.01.15.11.20.00
INFO:root:New file
INFO:root:Processing smapi.cpc2a774.DrsCOR_cert_001.01.15.10.50.00
INFO:root:Seen this file, starting at 10660
INFO:root:Processing smapi.cpc2a774.DrsCOLNP_cert_001.01.15.10.50.00
INFO:root:Seen this file, starting at 10622
INFO:root:Processing smapi.cpc2a774.DrsCARM_cert_001.01.15.10.50.00
INFO:root:Seen this file, starting at 4832
INFO:root:Processing smapi.cpc2a774.DrsMSGRM_cert_001.01.15.10.55.00
INFO:root:Seen this file, starting at 6435
INFO:root:Processing smapi.cpc2a774.AlertsOrch_cert_004.01.15.10.55.00
INFO:root:Seen this file, starting at 4820
INFO:root:Processing smapi.cpc2a774.AlertsOrch_cert_003.01.15.10.55.00
INFO:root:Seen this file, starting at 4825
INFO:root:Processing smapi.cpc2a774.AlertsOrch_cert_001.01.15.11.05.00
INFO:root:Seen this file, starting at 4552
INFO:root:Processing smapi.cpc2a774.DrsSSA_cert_001.01.15.11.05.00
INFO:root:Seen this file, starting at 3687
INFO:root:Processing smapi.cpc2a774.DrsMSGOR_cert_001.01.15.11.10.00
INFO:root:Seen this file, starting at 1966
INFO:root:Processing smapi.cpc2a774.DrsLctr_cert_001.01.15.11.10.00
INFO:root:Seen this file, starting at 1640
INFO:root:Processing smapi.cpc2a774.ID_dime_smdata_cert_001.01.15.11.10.00
INFO:root:Seen this file, starting at 3290
INFO:root:Processing smapi.cpc2a774.DrsNotifyRM_cert_001.01.15.11.15.00
INFO:root:Seen this file, starting at 4069
INFO:root:Processing smapi.cpc2a774.DrsNotifyOR_cert_001.01.15.11.15.00
INFO:root:Seen this file, starting at 2829
INFO:root:Processing smapi.cpc2a774.VCM_cert_004.01.15.11.15.00
INFO:root:Seen this file, starting at 787
INFO:root:Processing smapi.cpc2a774.VCM_cert_003.01.15.11.15.00
INFO:root:Seen this file, starting at 787
INFO:root:Processing smapi.cpc2a774.ChasmMonitor_cert_001.01.15.11.15.00
INFO:root:Seen this file, starting at 392
INFO:root:Processing smapi.cpc2a774.DrsCOLNP_cert_002.01.15.11.15.00
INFO:root:Seen this file, starting at 616
INFO:root:Processing smapi.cpc2a774.DrsCOPPS_cert_001.01.15.11.20.00
INFO:root:New file
INFO:root:Processing smapi.cpc2a774.UsaUds_cert_001.01.15.10.50.00
INFO:root:Seen this file, starting at 3162
INFO:root:No new data, same size, skipping
INFO:root:Processing smapi.cpc2a774.ID_web_collector_cert_001.01.15.10.55.00
INFO:root:Seen this file, starting at 7428
INFO:root:Processing smapi.cpc2a774.AlertsMgr_cert_005.01.15.11.10.00
INFO:root:Seen this file, starting at 1294
INFO:root:Processing smapi.cpc2a774.AlertsMgr_cert_003.01.15.11.10.00
INFO:root:Seen this file, starting at 1294
INFO:root:Processing smapi.cpc2a774.DrsCOARM_cert_001.01.15.10.50.00
INFO:root:Seen this file, starting at 13386
INFO:root:Processing smapi.cpc2a774.DrsUEA_cert_001.01.15.10.50.00
INFO:root:Seen this file, starting at 3396
INFO:root:Processing smapi.cpc2a774.DrsDQA_cert_001.01.15.10.50.00
INFO:root:Seen this file, starting at 10134
INFO:root:Processing smapi.cpc2a774.AlertsOrch_cert_005.01.15.11.10.00
INFO:root:Seen this file, starting at 1930
INFO:root:Processing smapi.cpc2a774.AlertsOrch_cert_002.01.15.11.10.00
INFO:root:Seen this file, starting at 1930
INFO:root:Processing smapi.cpc2295.Rosetta_UK_Nexisnx_cert_001.01.15.11.00.00
INFO:root:Seen this file, starting at 26056
INFO:root:Processing smapi.cpc2295.Rosetta_US_Libraries_cert_001.01.15.11.15.00
INFO:root:Seen this file, starting at 888
INFO:root:Processing smapi.cpc2295.Rosetta_US_Academic_cert_001.01.15.11.15.00
INFO:root:Seen this file, starting at 7574
INFO:root:Processing smapi.cpc2295.ID_dime_smdata_cert_001.01.15.11.20.00
INFO:root:New file
INFO:root:Processing smapi.cpc2295.Know_Your_Customer_cert_001.01.15.10.55.00
INFO:root:Seen this file, starting at 41490
INFO:root:Processing smapi.cpc2295.Rosetta_CA_Legal_cert_001.01.15.11.16.08
INFO:root:Seen this file, starting at 96116
INFO:root:Processing smapi.cpc2295.Rosetta_FR_K4C_cert_001.01.15.10.50.00
INFO:root:Seen this file, starting at 5700
INFO:root:No new data, same size, skipping
INFO:root:Processing smapi.cpc2295.ChasmMonitor_cert_001.01.15.11.05.00
INFO:root:Seen this file, starting at 1164
INFO:root:Processing smapi.cpc2295.Rosetta_NZ_Legal_cert_001.01.15.11.05.00
INFO:root:Seen this file, starting at 39129
INFO:root:Processing smapi.cpc2295.Rosetta_UK_News_cert_001.01.15.10.50.00
INFO:root:Seen this file, starting at 243805
INFO:root:Processing smapi.cpc2295.Rosetta_UK_TolleyLibrary_cert_001.01.15.11.05.00
INFO:root:Seen this file, starting at 20211
INFO:root:Processing smapi.cpc2295.Rosetta_US_News_cert_001.01.15.11.10.00
INFO:root:Seen this file, starting at 37171
INFO:root:Processing smapi.cpc2295.ChasmExec_cert_001.01.15.11.10.00
INFO:root:Seen this file, starting at 752
INFO:root:Processing smapi.cpc2295.Rosetta_IN_Legal_cert_001.01.15.11.15.00
INFO:root:Seen this file, starting at 17617
INFO:root:Processing smapi.cpc2295.Rosetta_UK_Legal_cert_001.01.15.11.20.00
INFO:root:New file
INFO:root:Processing smapi.cpc2295.Rosetta_AU_Legal_cert_001.01.15.10.55.00
INFO:root:Seen this file, starting at 112142
INFO:root:Processing smapi.cpc2295.Wsapi_cert_001.01.15.11.15.00
INFO:root:Seen this file, starting at 3439
INFO:root:Processing smapi.cpc2295.Rosetta_FR_Legal_cert_001.01.15.11.15.00
INFO:root:Seen this file, starting at 13645
INFO:root:Processing smapi.cpc2295.Rosetta_AT_Legal_cert_001.01.15.11.15.00
INFO:root:Seen this file, starting at 12303
INFO:root:Processing smapi.cpc2295.Rosetta_FR_K4C_cert_001.01.15.11.20.00
INFO:root:New file
INFO:root:Processing smapi.cpc2295.Rosetta_MY_Legal_cert_001.01.15.11.20.00
INFO:root:New file
INFO:root:Processing smapi.cpc2295.UKTax_lexispsl_cert_001.01.15.11.15.00
INFO:root:Seen this file, starting at 1723
INFO:root:Processing smapi.cpc2296.Rosetta_US_Academic_cert_001.01.15.11.20.00
INFO:root:New file
INFO:root:Processing smapi.cpc2296.lexispsl_cert_001.01.15.11.20.00
INFO:root:New file
INFO:root:Processing smapi.cpc2296.Rosetta_US_Academic_cert_001.01.15.10.50.00
INFO:root:Seen this file, starting at 2682
INFO:root:No new data, same size, skipping
INFO:root:Processing smapi.cpc2296.ChasmExec_cert_001.01.15.10.50.00
INFO:root:Seen this file, starting at 2256
INFO:root:Processing smapi.cpc2296.ID_dime_smdata_cert_001.01.15.11.00.00
INFO:root:Seen this file, starting at 6456
INFO:root:Processing smapi.cpc2296.Rosetta_UK_News_cert_001.01.15.11.10.00
INFO:root:Seen this file, starting at 6504
INFO:root:Processing smapi.cpc2296.Rosetta_FR_K4C_cert_001.01.15.11.10.00
INFO:root:Seen this file, starting at 5662
INFO:root:Processing smapi.cpc2296.Rosetta_US_News_cert_001.01.15.11.20.00
INFO:root:New file
INFO:root:Processing smapi.cpc2296.PSL_CA_Guidance_cert_001.01.15.11.00.00
INFO:root:Seen this file, starting at 5872
INFO:root:Processing smapi.cpc2296.Rosetta_AT_Legal_cert_001.01.15.10.50.00
INFO:root:Seen this file, starting at 26844
INFO:root:Processing smapi.cpc2296.ChasmMonitor_cert_001.01.15.10.55.00
INFO:root:Seen this file, starting at 1940
INFO:root:Processing smapi.cpc2296.Rosetta_IN_Legal_cert_001.01.15.11.05.00
INFO:root:Seen this file, starting at 9738
INFO:root:Processing smapi.cpc2296.Lexis360_Corp_cert_001.01.15.11.05.00
INFO:root:Seen this file, starting at 7872
INFO:root:Processing smapi.cpc2296.UKTax_lexispsl_cert_001.01.15.11.10.00
INFO:root:Seen this file, starting at 5862
INFO:root:Processing smapi.cpc2296.Rosetta_UK_Nexisnx_cert_001.01.15.11.15.00
INFO:root:Seen this file, starting at 568
INFO:root:Processing smapi.cpc2296.AU_lexispsl_cert_001.01.15.11.15.00
INFO:root:Seen this file, starting at 2445
INFO:root:Processing smapi.cpc2296.AP_lexispsl_cert_001.01.15.10.55.00
INFO:root:Seen this file, starting at 8505
INFO:root:Processing smapi.cpc2296.Rosetta_AU_Legal_cert_001.01.15.11.00.00
INFO:root:Seen this file, starting at 23900
INFO:root:Processing smapi.cpc2296.Rosetta_UK_TolleyLibrary_cert_001.01.15.11.10.00
INFO:root:Seen this file, starting at 13904
INFO:root:Processing smapi.cpc2296.Know_Your_Customer_cert_001.01.15.11.15.00
INFO:root:Seen this file, starting at 1458
INFO:root:Processing smapi.cpc2296.Lexis360_notary_cert_001.01.15.11.20.00
INFO:root:New file
INFO:root:Processing smapi.cpc2296.Rosetta_MY_Legal_cert_001.01.15.11.00.00
INFO:root:Seen this file, starting at 9796
INFO:root:Processing smapi.cpc2296.Lexis360_publicsector_cert_001.01.15.11.00.00
INFO:root:Seen this file, starting at 8488
INFO:root:Processing smapi.cpc2296.Rosetta_NZ_Legal_cert_001.01.15.11.10.00
INFO:root:Seen this file, starting at 8114
INFO:root:Processing smapi.cpc2296.NZ_lexispsl_cert_001.01.15.11.15.00
INFO:root:Seen this file, starting at 2507
INFO:root:Processing smapi.cpc2297.UKTax_lexispsl_cert_001.01.15.11.05.00
INFO:root:Seen this file, starting at 11358
INFO:root:Processing smapi.cpc2297.Wsapi_cert_001.01.15.10.50.00
INFO:root:Seen this file, starting at 7362
INFO:root:Processing smapi.cpc2297.ChasmMonitor_cert_001.01.15.10.55.00
INFO:root:Seen this file, starting at 1940
INFO:root:Processing smapi.cpc2297.AP_lexispsl_cert_001.01.15.10.57.00
INFO:root:Seen this file, starting at 178005
INFO:root:Processing smapi.cpc2297.lexispsl_cert_001.01.15.11.14.13
INFO:root:Seen this file, starting at 17430
INFO:root:Processing smapi.cpc2297.Rosetta_UK_Legal_cert_001.01.15.11.15.00
INFO:root:Seen this file, starting at 4310
INFO:root:Processing smapi.cpc2297.Rosetta_AU_Legal_cert_001.01.15.11.20.00
INFO:root:New file
INFO:root:Processing smapi.cpc2297.ChasmExec_cert_001.01.15.10.55.00
INFO:root:Seen this file, starting at 1880
INFO:root:Processing smapi.cpc2297.Rosetta_UK_Nexisnx_cert_001.01.15.11.00.00
INFO:root:Seen this file, starting at 2120
INFO:root:Processing smapi.cpc2297.Rosetta_US_News_cert_001.01.15.11.05.00
INFO:root:Seen this file, starting at 8454
INFO:root:Processing smapi.cpc2297.Rosetta_UK_News_cert_001.01.15.11.15.00
INFO:root:Seen this file, starting at 4271
INFO:root:Processing smapi.cpc2297.NZ_lexispsl_cert_001.01.15.10.50.00
INFO:root:Seen this file, starting at 21774
INFO:root:Processing smapi.cpc2297.Rosetta_UK_TolleyLibrary_cert_001.01.15.10.55.00
INFO:root:Seen this file, starting at 19820
INFO:root:Processing smapi.cpc2297.AU_lexispsl_cert_001.01.15.11.05.00
INFO:root:Seen this file, starting at 5427
INFO:root:Processing smapi.cpc2297.PSL_CA_Guidance_cert_001.01.15.11.05.00
INFO:root:Seen this file, starting at 18522
INFO:root:Processing smapi.cpc2297.Rosetta_CA_Legal_cert_001.01.15.11.05.00
INFO:root:Seen this file, starting at 12204
INFO:root:Processing smapi.cpc2297.Lexis360_publicsector_cert_001.01.15.11.05.00
INFO:root:Seen this file, starting at 7143
INFO:root:Processing smapi.cpc2297.Lexis360_notary_cert_001.01.15.11.10.00
INFO:root:Seen this file, starting at 3344
INFO:root:Processing smapi.cpc2297.Rosetta_FR_K4C_cert_001.01.15.11.10.00
INFO:root:Seen this file, starting at 1350
INFO:root:Processing smapi.cpc2297.Rosetta_MY_Legal_cert_001.01.15.11.10.00
INFO:root:Seen this file, starting at 6618
INFO:root:Processing smapi.cpc2297.UK_Crawl_Lexispsl_cert_001.01.15.11.20.00
INFO:root:New file
INFO:root:Processing smapi.cpc2297.Lexis360_Corp_cert_001.01.15.11.20.00
INFO:root:New file
INFO:root:Processing smapi.cpc2297.Lexis360_Corp_cert_001.01.15.10.50.00
INFO:root:Seen this file, starting at 9318
INFO:root:No new data, same size, skipping
INFO:root:Processing smapi.cpc2297.Rosetta_AU_Legal_cert_001.01.15.10.50.00
INFO:root:Seen this file, starting at 27768
INFO:root:No new data, same size, skipping
INFO:root:Processing smapi.cpc2297.Know_Your_Customer_cert_001.01.15.10.50.00
INFO:root:Seen this file, starting at 88275
INFO:root:Processing smapi.cpc2297.Rosetta_AT_Legal_cert_001.01.15.10.55.00
INFO:root:Seen this file, starting at 7095
INFO:root:Processing smapi.cpc2297.ID_dime_smdata_cert_001.01.15.10.55.00
INFO:root:Seen this file, starting at 8101
INFO:root:Processing smapi.cpc2298.Wsapi_cert_001.01.15.11.20.00
INFO:root:New file
INFO:root:Processing smapi.cpc2298.ChasmExec_cert_001.01.15.10.50.00
INFO:root:Seen this file, starting at 2256
INFO:root:Processing smapi.cpc2298.Rosetta_UK_Legal_cert_001.01.15.10.55.00
INFO:root:Seen this file, starting at 61215
INFO:root:Processing smapi.cpc2298.Rosetta_CA_Legal_cert_001.01.15.10.55.00
INFO:root:Seen this file, starting at 26220
INFO:root:Processing smapi.cpc2298.lexispsl_cert_001.01.15.10.55.00
INFO:root:Seen this file, starting at 6055
INFO:root:Processing smapi.cpc2298.Rosetta_UK_TolleyLibrary_cert_001.01.15.11.00.00
INFO:root:Seen this file, starting at 2320
INFO:root:Processing smapi.cpc2298.Rosetta_US_News_001.01.15.11.00.00
INFO:root:Seen this file, starting at 2012
INFO:root:Processing smapi.cpc2298.Rosetta_FR_K4C_cert_001.01.15.11.05.00
INFO:root:Seen this file, starting at 4665
INFO:root:Processing smapi.cpc2298.ID_dime_smdata_cert_001.01.15.11.10.00
INFO:root:Seen this file, starting at 3229
INFO:root:Processing smapi.cpc2298.Rosetta_UK_Nexisnx_cert_001.01.15.11.10.00
INFO:root:Seen this file, starting at 1060
INFO:root:Processing smapi.cpc2298.Rosetta_UK_News_001.01.15.11.10.00
INFO:root:Seen this file, starting at 1592
INFO:root:Processing smapi.cpc2298.Lexis360_publicsector_cert_001.01.15.11.05.00
INFO:root:Seen this file, starting at 4041
INFO:root:Processing smapi.cpc2298.Lexis360_Corp_cert_001.01.15.11.10.00
INFO:root:Seen this file, starting at 868
INFO:root:Processing smapi.cpc2298.Rosetta_FR_Legal_cert_001.01.15.11.05.00
INFO:root:Seen this file, starting at 15066
INFO:root:Processing smapi.cpc2298.Lexis360_notary_cert_001.01.15.11.05.00
INFO:root:Seen this file, starting at 3777
INFO:root:Processing smapi.cpc2298.AP_lexispsl_cert_001.01.15.11.05.00
INFO:root:Seen this file, starting at 3201
INFO:root:Processing smapi.cpc2298.ChasmMonitor_cert_001.01.15.11.05.00
INFO:root:Seen this file, starting at 1164
INFO:root:Processing smapi.cpc2299.Rosetta_UK_News_cert_001.01.15.11.00.00
INFO:root:Seen this file, starting at 28884
INFO:root:Processing smapi.cpc2299.ChasmExec_cert_001.01.15.11.10.00
INFO:root:Seen this file, starting at 752
INFO:root:Processing smapi.cpc2299.UKTax_lexispsl_cert_001.01.15.11.10.00
INFO:root:Seen this file, starting at 4164
INFO:root:Processing smapi.cpc2299.Rosetta_UK_Nexisnx_cert_001.01.15.11.10.00
INFO:root:Seen this file, starting at 874
INFO:root:Processing smapi.cpc2299.lexispsl_cert_001.01.15.11.20.00
INFO:root:New file
INFO:root:Processing smapi.cpc2299.Rosetta_AT_Legal_cert_001.01.15.10.55.00
INFO:root:Seen this file, starting at 7540
INFO:root:Processing smapi.cpc2299.Rosetta_CA_Legal_cert_001.01.15.10.50.00
INFO:root:Seen this file, starting at 9246
INFO:root:Processing smapi.cpc2299.ID_dime_smdata_cert_001.01.15.10.55.00
INFO:root:Seen this file, starting at 8042
INFO:root:Processing smapi.cpc2299.Rosetta_UK_TolleyLibrary_cert_001.01.15.11.00.00
INFO:root:Seen this file, starting at 2772
INFO:root:Processing smapi.cpc2299.Rosetta_UK_Legal_cert_001.01.15.11.15.00
INFO:root:Seen this file, starting at 5597
INFO:root:Processing smapi.cpc2299.Rosetta_FR_Legal_cert_001.01.15.11.20.00
INFO:root:New file
INFO:root:Processing smapi.cpc2299.Rosetta_NZ_Legal_cert_001.01.15.10.50.00
INFO:root:Seen this file, starting at 12270
INFO:root:Processing smapi.cpc2299.ChasmMonitor_cert_001.01.15.10.50.00
INFO:root:Seen this file, starting at 2328
INFO:root:Processing smapi.cpc2290.ChasmExec_cert_001.01.15.10.55.00
INFO:root:Seen this file, starting at 1880
INFO:root:Processing smapi.cpc2290.ID_dime_smdata_cert_001.01.15.11.05.00
INFO:root:Seen this file, starting at 4778
INFO:root:Processing smapi.cpc2290.ChasmMonitor_cert_001.01.15.10.55.00
INFO:root:Seen this file, starting at 1940
INFO:root:Processing smapi.cpc2291.ID_dime_smdata_cert_001.01.15.10.50.00
INFO:root:Seen this file, starting at 9565
INFO:root:Processing smapi.cpc2291.ChasmMonitor_cert_001.01.15.11.05.00
INFO:root:Seen this file, starting at 1164
INFO:root:Processing smapi.cpc2291.ChasmExec_cert_001.01.15.11.05.00
INFO:root:Seen this file, starting at 1128
INFO:root:Processing smapi.cpc2292.ChasmExec_cert_001.01.15.11.05.00
INFO:root:Seen this file, starting at 1128
INFO:root:Processing smapi.cpc2292.ChasmMonitor_cert_001.01.15.11.10.00
INFO:root:Seen this file, starting at 776
INFO:root:Processing smapi.cpc2292.ID_dime_smdata_cert_001.01.15.11.10.00
INFO:root:Seen this file, starting at 3181
INFO:root:Processing smapi.cpc2293.Wsapi_cert_001.01.15.10.48.17
INFO:root:Seen this file, starting at 4386603
INFO:root:No new data, same size, skipping
INFO:root:Processing smapi.cpc2293.Rosetta_UK_Legal_cert_001.01.15.11.00.00
INFO:root:Seen this file, starting at 38912
INFO:root:Processing smapi.cpc2293.Rosetta_US_News_cert_001.01.15.10.50.00
INFO:root:Seen this file, starting at 25938
INFO:root:No new data, same size, skipping
INFO:root:Processing smapi.cpc2293.AU_lexispsl_cert_001.01.15.11.05.00
INFO:root:Seen this file, starting at 7296
INFO:root:Processing smapi.cpc2293.Rosetta_UK_News_cert_001.01.15.11.10.00
INFO:root:Seen this file, starting at 14364
INFO:root:Processing smapi.cpc2293.UKTax_lexispsl_cert_001.01.15.11.10.00
INFO:root:Seen this file, starting at 6788
INFO:root:Processing smapi.cpc2293.ChasmExec_cert_001.01.15.11.10.00
INFO:root:Seen this file, starting at 752
INFO:root:Processing smapi.cpc2293.Rosetta_UK_Nexisnx_cert_001.01.15.11.10.00
INFO:root:Seen this file, starting at 6304
INFO:root:Processing smapi.cpc2293.ID_dime_smdata_cert_001.01.15.11.15.00
INFO:root:Seen this file, starting at 1631
INFO:root:Processing smapi.cpc2293.Rosetta_UK_TolleyLibrary_cert_001.01.15.10.50.00
INFO:root:Seen this file, starting at 18384
INFO:root:No new data, same size, skipping
INFO:root:Processing smapi.cpc2293.Rosetta_FR_Legal_cert_001.01.15.10.50.00
INFO:root:Seen this file, starting at 36138
INFO:root:Processing smapi.cpc2293.Rosetta_AT_Legal_cert_001.01.15.11.15.00
INFO:root:Seen this file, starting at 4303
INFO:root:Processing smapi.cpc2293.Wsapi_cert_001.01.15.11.18.17
INFO:root:Seen this file, starting at 233896
INFO:root:Processing smapi.cpc2293.AP_lexispsl_cert_001.01.15.11.10.00
INFO:root:Seen this file, starting at 1500
INFO:root:Processing smapi.cpc2293.Rosetta_NZ_Legal_cert_001.01.15.10.55.00
INFO:root:Seen this file, starting at 38695
INFO:root:Processing smapi.cpc2293.UK_Crawl_Lexispsl_cert_001.01.15.10.55.00
INFO:root:Seen this file, starting at 2100
INFO:root:Processing smapi.cpc2293.PSL_CA_Guidance_cert_001.01.15.10.55.00
INFO:root:Seen this file, starting at 12930
INFO:root:Processing smapi.cpc2293.Rosetta_MY_Legal_cert_001.01.15.10.55.00
INFO:root:Seen this file, starting at 29460
INFO:root:Processing smapi.cpc2293.Rosetta_CA_Legal_cert_001.01.15.10.55.00
INFO:root:Seen this file, starting at 23800
INFO:root:Processing smapi.cpc2293.Rosetta_IN_Legal_cert_001.01.15.11.00.00
INFO:root:Seen this file, starting at 29524
INFO:root:Processing smapi.cpc2293.NZ_lexispsl_cert_001.01.15.11.10.00
INFO:root:Seen this file, starting at 4154
INFO:root:Processing smapi.cpc2293.lexispsl_cert_001.01.15.11.15.00
INFO:root:Seen this file, starting at 7527
INFO:root:Processing smapi.cpc2293.Rosetta_US_News_cert_001.01.15.11.20.00
INFO:root:New file
INFO:root:Processing smapi.cpc2293.ChasmMonitor_cert_001.01.15.11.20.00
INFO:root:New file
INFO:root:Processing smapi.cpc2293.Rosetta_AU_Legal_cert_001.01.15.11.20.00
INFO:root:New file
INFO:root:Processing smapi.cpc2293.Lexis360_publicsector_cert_001.01.15.11.20.00
INFO:root:New file
INFO:root:Processing smapi.cpc2293.Rosetta_UK_TolleyLibrary_cert_001.01.15.11.20.00
INFO:root:New file
INFO:root:Processing smapi.cpc2294.ChasmExec_cert_001.01.15.11.10.00
INFO:root:Seen this file, starting at 752
INFO:root:Processing smapi.cpc2294.PSL_CA_Guidance_cert_001.01.15.11.15.00
INFO:root:Seen this file, starting at 2808
INFO:root:Processing smapi.cpc2294.UKTax_lexispsl_cert_001.01.15.11.20.00
INFO:root:New file
INFO:root:Processing smapi.cpc2294.Know_Your_Customer_cert_001.01.15.10.50.00
INFO:root:Seen this file, starting at 13584
INFO:root:No new data, same size, skipping
INFO:root:Processing smapi.cpc2294.UK_Crawl_Lexispsl_cert_001.01.15.11.00.00
INFO:root:Seen this file, starting at 6244
INFO:root:Processing smapi.cpc2294.ID_dime_smdata_cert_001.01.15.11.10.00
INFO:root:Seen this file, starting at 3221
INFO:root:Processing smapi.cpc2294.AU_lexispsl_cert_001.01.15.11.20.00
INFO:root:New file
INFO:root:Processing smapi.cpc2294.UKTax_lexispsl_cert_001.01.15.10.50.00
INFO:root:Seen this file, starting at 15222
INFO:root:No new data, same size, skipping
INFO:root:Processing smapi.cpc2294.lexispsl_cert_001.01.15.10.55.06
INFO:root:Seen this file, starting at 9047
INFO:root:Processing smapi.cpc2294.Rosetta_UK_News_cert_001.01.15.11.00.00
INFO:root:Seen this file, starting at 19140
INFO:root:Processing smapi.cpc2294.NZ_lexispsl_cert_001.01.15.11.00.00
INFO:root:Seen this file, starting at 2724
INFO:root:Processing smapi.cpc2294.Lexis360_publicsector_cert_001.01.15.11.00.00
INFO:root:Seen this file, starting at 7360
INFO:root:Processing smapi.cpc2294.Rosetta_CA_Legal_cert_001.01.15.11.05.00
INFO:root:Seen this file, starting at 4383
INFO:root:Processing smapi.cpc2294.ChasmMonitor_cert_001.01.15.11.15.00
INFO:root:Seen this file, starting at 388
INFO:root:Processing smapi.cpc2294.Rosetta_UK_Legal_cert_001.01.15.11.20.00
INFO:root:New file
INFO:root:Processing smapi.cpc2294.AP_lexispsl_cert_001.01.15.11.20.00
INFO:root:New file
INFO:root:Processing smapi.cpc2294.Know_Your_Customer_cert_001.01.15.11.20.00
INFO:root:New file
INFO:root:Processing smapi.cpc22691.ChasmExec_cert_001.01.15.11.00.00
INFO:root:Seen this file, starting at 1520
INFO:root:Processing smapi.cpc22691.qds_fop_cert4_001.01.15.11.15.00
INFO:root:Seen this file, starting at 455
INFO:root:Processing smapi.cpc22691.Gap_cert4_001.01.15.11.20.00
INFO:root:New file
INFO:root:Processing smapi.cpc22691.ID_web_collector_cert_001.01.15.10.50.00
INFO:root:Seen this file, starting at 8964
INFO:root:No new data, same size, skipping
INFO:root:Processing smapi.cpc22691.DAS_cert4_001.01.15.10.50.00
INFO:root:Seen this file, starting at 3192
INFO:root:Processing smapi.cpc22691.qds_dfe_cert4_001.01.15.11.05.00
INFO:root:Seen this file, starting at 5037
INFO:root:Processing smapi.cpc22691.FAS_cert4_001.01.15.11.10.00
INFO:root:Seen this file, starting at 686
INFO:root:Processing smapi.cpc22691.UIS_cert4_001.01.15.11.15.00
INFO:root:Seen this file, starting at 3906
INFO:root:Processing smapi.cpc22691.SDS_cert4_001.01.15.10.55.00
INFO:root:Seen this file, starting at 23588
INFO:root:Processing smapi.cpc22691.qds_jfmtr_cert4_001.01.15.11.00.00
INFO:root:Seen this file, starting at 5724
INFO:root:Processing smapi.cpc22691.qds_fax_cert4_001.01.15.11.10.00
INFO:root:Seen this file, starting at 1174
INFO:root:Processing smapi.cpc22691.ID_web_collector_cert_001.01.15.11.20.00
INFO:root:New file
INFO:root:Processing smapi.cpc22691.JCite_cert4_001.01.15.10.55.00
INFO:root:Seen this file, starting at 22915
INFO:root:Processing smapi.cpc22691.ChasmMonitor_cert_001.01.15.11.05.00
INFO:root:Seen this file, starting at 1176
INFO:root:Processing smapi.cpc22691.ID_dime_smdata_cert_001.01.15.11.10.00
INFO:root:Seen this file, starting at 3250
INFO:root:Processing smapi.cpc22691.CLS_cert4_001.01.15.11.10.00
INFO:root:Seen this file, starting at 1052
INFO:root:Processing smapi.cpc22691.CheckCiteService_cert4_001.01.15.11.10.00
INFO:root:Seen this file, starting at 28077
INFO:root:Processing smapi.cpc22691.rs_cert4_001.01.15.11.10.00
INFO:root:Seen this file, starting at 6942
INFO:root:Processing smapi.cpc22691.IMS_cert4_001.01.15.11.10.00
INFO:root:Seen this file, starting at 2746
INFO:root:Processing smapi.cpc22692.qds_fop_cert12_001.01.15.10.50.00
INFO:root:Seen this file, starting at 2748
INFO:root:Processing smapi.cpc22692.qds_fax_cert12_001.01.15.10.53.43
INFO:root:Seen this file, starting at 4799
INFO:root:Processing smapi.cpc22692.UIS_cert12_001.01.15.10.57.00
INFO:root:Seen this file, starting at 447386
INFO:root:Processing smapi.cpc22692.IMS_cert12_001.01.15.11.00.00
INFO:root:Seen this file, starting at 15776
INFO:root:Processing smapi.cpc22692.CLS_cert12_001.01.15.11.00.00
INFO:root:Seen this file, starting at 7808
INFO:root:Processing smapi.cpc22692.ChasmExec_cert_001.01.15.11.05.00
INFO:root:Seen this file, starting at 1140
INFO:root:Processing smapi.cpc22692.qds_dfe_cert12_001.01.15.11.05.00
INFO:root:Seen this file, starting at 19200
INFO:root:Processing smapi.cpc22692.rs_cert12_001.01.15.11.06.27
INFO:root:Seen this file, starting at 49226
INFO:root:Processing smapi.cpc22692.SAS_cert12_001.01.15.11.10.00
INFO:root:Seen this file, starting at 5306
INFO:root:Processing smapi.cpc22692.DAS_cert12_001.01.15.11.15.00
INFO:root:Seen this file, starting at 1125
INFO:root:Processing smapi.cpc22692.FAS_cert12_001.01.15.11.20.00
INFO:root:New file
INFO:root:Processing smapi.cpc22692.Gap_cert12_001.01.15.11.10.00
INFO:root:Seen this file, starting at 1652
INFO:root:Processing smapi.cpc22692.ChasmMonitor_cert_001.01.15.11.16.19
INFO:root:Seen this file, starting at 428
INFO:root:Processing smapi.cpc22692.qds_jfmtr_cert12_001.01.15.10.50.51
INFO:root:Seen this file, starting at 10371
INFO:root:Processing smapi.cpc22692.XFS_cert12_001.01.15.10.55.00
INFO:root:Seen this file, starting at 13905
INFO:root:Processing smapi.cpc22692.ID_web_collector_cert_001.01.15.10.55.00
INFO:root:Seen this file, starting at 7469
INFO:root:Processing smapi.cpc22692.ID_dime_smdata_cert_001.01.15.10.55.00
INFO:root:Seen this file, starting at 8172
INFO:root:Processing smapi.cpc22692.JCite_cert12_001.01.15.10.55.00
INFO:root:Seen this file, starting at 22390
INFO:root:Processing smapi.cpc22692.CDS_cert12_001.01.15.11.00.00
INFO:root:Seen this file, starting at 35216
INFO:root:Processing smapi.cpc22692.Gap_cert12_001.01.15.11.05.00
INFO:root:Seen this file, starting at 2476
INFO:root:Processing smapi.cpc22692.SDS_cert12_001.01.15.11.11.45
INFO:root:Seen this file, starting at 19355
INFO:root:Processing smapi.cpc22692.CheckCiteService_cert12_001.01.15.11.00.00
INFO:root:Seen this file, starting at 69179
INFO:root:Processing smapi.cpc22694.Gap_cert14_001.01.15.11.10.00
INFO:root:Seen this file, starting at 16277
INFO:root:Processing smapi.cpc22694.SDS_cert14_001.01.15.11.10.00
INFO:root:Seen this file, starting at 16396
INFO:root:Processing smapi.cpc22694.ChasmExec_cert_001.01.15.11.15.00
INFO:root:Seen this file, starting at 380
INFO:root:Processing smapi.cpc22694.DAS_cert14_001.01.15.11.15.00
INFO:root:Seen this file, starting at 535
INFO:root:Processing smapi.cpc22694.qds_dfe_cert14_001.01.15.11.20.00
INFO:root:New file
INFO:root:Processing smapi.cpc22694.qds_fax_cert14_001.01.15.11.21.34
INFO:root:New file
INFO:root:Processing smapi.cpc22694.Gap_cert14_001.01.15.10.50.00
INFO:root:Seen this file, starting at 48831
INFO:root:No new data, same size, skipping
INFO:root:Processing smapi.cpc22694.qds_dfe_cert14_001.01.15.10.50.00
INFO:root:Seen this file, starting at 13614
INFO:root:No new data, same size, skipping
INFO:root:Processing smapi.cpc22694.qds_fax_cert14_001.01.15.10.51.32
INFO:root:Seen this file, starting at 3998
INFO:root:Processing smapi.cpc22694.qds_fop_cert14_002.01.15.10.55.00
INFO:root:Seen this file, starting at 2290
INFO:root:Processing smapi.cpc22694.ChasmMonitor_cert_001.01.15.11.00.00
INFO:root:Seen this file, starting at 1568
INFO:root:Processing smapi.cpc22694.rs_cert14_001.01.15.11.05.00
INFO:root:Seen this file, starting at 8919
INFO:root:Processing smapi.cpc22694.UIS_cert14_001.01.15.11.00.00
INFO:root:Seen this file, starting at 28861
INFO:root:Processing smapi.cpc22694.CheckCiteService_cert14_001.01.15.11.05.00
INFO:root:Seen this file, starting at 2805
INFO:root:Processing smapi.cpc22694.qds_fop_cert14_001.01.15.11.05.00
INFO:root:Seen this file, starting at 1374
INFO:root:Processing smapi.cpc22694.FAS_cert14_001.01.15.11.05.00
INFO:root:Seen this file, starting at 2568
INFO:root:Processing smapi.cpc22694.ID_dime_smdata_cert_001.01.15.11.15.00
INFO:root:Seen this file, starting at 1617
INFO:root:Processing smapi.cpc22694.CLS_cert14_001.01.15.11.15.00
INFO:root:Seen this file, starting at 1235
INFO:root:Processing smapi.cpc22694.qds_jfmtr_cert14_001.01.15.10.55.00
INFO:root:Seen this file, starting at 6330
INFO:root:Processing smapi.cpc22694.Gap_cert14_001.01.15.11.20.00
INFO:root:New file
INFO:root:Processing smapi.cpc22694.IMS_cert14_001.01.15.11.00.00
INFO:root:Seen this file, starting at 3832
INFO:root:Processing smapi.cpc22694.ID_web_collector_cert_001.01.15.11.00.00
INFO:root:Seen this file, starting at 5973
INFO:root:Processing smapi.cpc22644.DrsCOLNP_cert_002.01.15.10.55.00
INFO:root:Seen this file, starting at 8854
INFO:root:Processing smapi.cpc22644.VCM_cert_001.01.15.11.20.00
INFO:root:New file
INFO:root:Processing smapi.cpc22644.DrsNotifyRM_cert_001.01.15.11.10.00
INFO:root:Seen this file, starting at 8222
INFO:root:Processing smapi.cpc22644.DrsCAOR_cert_002.01.15.10.55.00
INFO:root:Seen this file, starting at 7999
INFO:root:Processing smapi.cpc22644.DrsLctr_cert_001.01.15.11.00.00
INFO:root:Seen this file, starting at 3496
INFO:root:Processing smapi.cpc22644.AlertsMgr_cert_002.01.15.11.11.18
INFO:root:Seen this file, starting at 4290
INFO:root:Processing smapi.cpc22644.DrsMSGOR_cert_001.01.15.11.15.00
INFO:root:Seen this file, starting at 985
INFO:root:Processing smapi.cpc22644.DrsCAOR_cert_001.01.15.10.55.00
INFO:root:Seen this file, starting at 7996
INFO:root:Processing smapi.cpc22644.DrsNotifyOR_cert_001.01.15.11.00.00
INFO:root:Seen this file, starting at 12152
INFO:root:Processing smapi.cpc22644.DrsCOR_cert_001.01.15.11.00.00
INFO:root:Seen this file, starting at 7106
INFO:root:Processing smapi.cpc22644.ChasmMonitor_cert_001.01.15.11.10.00
INFO:root:Seen this file, starting at 784
INFO:root:Processing smapi.cpc22644.AlertsMgr_cert_003.01.15.11.05.00
INFO:root:Seen this file, starting at 1941
INFO:root:Processing smapi.cpc22644.AlertsMgr_cert_004.01.15.11.20.00
INFO:root:New file
INFO:root:Processing smapi.cpc22644.DrsCOARM_cert_001.01.15.11.20.00
INFO:root:New file
INFO:root:Processing smapi.cpc22644.AlertsOrch_cert_004.01.15.11.20.00
INFO:root:New file
INFO:root:Processing smapi.cpc22644.DrsCOLNP_cert_001.01.15.11.20.00
INFO:root:New file
INFO:root:Processing smapi.cpc22644.DrsCARM_cert_001.01.15.10.50.00
INFO:root:Seen this file, starting at 3888
INFO:root:Processing smapi.cpc22644.DrsRA_cert_001.01.15.10.50.00
INFO:root:Seen this file, starting at 12720
INFO:root:Processing smapi.cpc22644.DrsListAdm_cert_001.01.15.10.55.00
INFO:root:Seen this file, starting at 2000
INFO:root:Processing smapi.cpc22644.AlertsOrch_cert_001.01.15.10.55.00
INFO:root:Seen this file, starting at 8307
INFO:root:Processing smapi.cpc22644.DrsSSA_cert_001.01.15.11.00.00
INFO:root:Seen this file, starting at 6093
INFO:root:Processing smapi.cpc22644.DrsList_cert_001.01.15.11.10.00
INFO:root:Seen this file, starting at 2510
INFO:root:Processing smapi.cpc22644.DrsCOLNP_cert_001.01.15.10.50.00
INFO:root:Seen this file, starting at 10610
INFO:root:No new data, same size, skipping
INFO:root:Processing smapi.cpc22644.ID_web_collector_cert_001.01.15.10.55.00
INFO:root:Seen this file, starting at 7425
INFO:root:Processing smapi.cpc22644.DrsDQA_cert_001.01.15.10.55.00
INFO:root:Seen this file, starting at 8530
INFO:root:Processing smapi.cpc22644.DrsCRM_cert_001.01.15.10.55.00
INFO:root:Seen this file, starting at 23240
INFO:root:Processing smapi.cpc22644.AlertsMgr_cert_005.01.15.11.00.00
INFO:root:Seen this file, starting at 2588
INFO:root:Processing smapi.cpc22644.ID_dime_smdata_cert_001.01.15.11.00.00
INFO:root:Seen this file, starting at 6466
INFO:root:Processing smapi.cpc22644.DrsWFS_cert_001.01.15.11.00.06
INFO:root:Seen this file, starting at 19043
INFO:root:Processing smapi.cpc22644.AlertsMgr_cert_004.01.15.10.50.00
INFO:root:Seen this file, starting at 3882
INFO:root:No new data, same size, skipping
INFO:root:Processing smapi.cpc22644.AlertsOrch_cert_005.01.15.10.50.00
INFO:root:Seen this file, starting at 5484
INFO:root:Processing smapi.cpc22644.DrsMSGRM_cert_001.01.15.10.50.00
INFO:root:Seen this file, starting at 7722
INFO:root:Processing smapi.cpc22644.ChasmExec_cert_001.01.15.10.50.00
INFO:root:Seen this file, starting at 2280
INFO:root:Processing smapi.cpc22644.DrsCOPPS_cert_001.01.15.10.50.00
INFO:root:Seen this file, starting at 5034
INFO:root:Processing smapi.cpc22644.DrsUPS_cert_001.01.15.10.55.27
INFO:root:Seen this file, starting at 42716
INFO:root:Processing smapi.cpc22644.AlertsMgr_cert_001.01.15.11.03.17
INFO:root:Seen this file, starting at 11352
INFO:root:Processing smapi.cpc22644.AlertsOrch_cert_002.01.15.11.05.00
INFO:root:Seen this file, starting at 3045
INFO:root:Processing smapi.cpc22644.UsaUds_cert_001.01.15.11.15.00
INFO:root:Seen this file, starting at 715
INFO:root:Processing smapi.cpc22644.AlertsOrch_cert_003.01.15.11.15.00
INFO:root:Seen this file, starting at 964
INFO:root:Processing smapi.cpc22644.DrsUEA_cert_001.01.15.11.15.00
INFO:root:Seen this file, starting at 588
INFO:root:Total time was: 4.80451 seconds records: 7371  Kbytes: 4915 Files: 286
INFO:root:Total time was: 0.0800752 minutes
INFO:root:Started at: Wed Jan 15 11:21:51 2014
INFO:root:Ended at: Wed Jan 15 11:21:56 2014
INFO:root:State read value is 1
INFO:root:Going to sleep for 295.175356865 seconds
