INFO:root:Processing smapi.cpc2a775.ID_web_collector_cert_001.01.15.11.05.00
INFO:root:Seen this file, starting at 4456
INFO:root:Processing smapi.cpc2a775.AlertsMgr_cert_002.01.15.11.11.18
INFO:root:Seen this file, starting at 6193
INFO:root:Processing smapi.cpc2a775.AlertsMgr_cert_001.01.15.10.51.14
INFO:root:Seen this file, starting at 16960
INFO:root:Processing smapi.cpc2a775.DrsUPS_cert_001.01.15.10.54.32
INFO:root:Seen this file, starting at 57528
INFO:root:Processing smapi.cpc2a775.DrsMSGRM_cert_001.01.15.10.55.00
INFO:root:Seen this file, starting at 6435
INFO:root:Processing smapi.cpc2a775.DrsSSA_cert_001.01.15.11.05.00
INFO:root:Seen this file, starting at 3477
INFO:root:Processing smapi.cpc2a775.DrsCARM_cert_001.01.15.11.05.00
INFO:root:Seen this file, starting at 2949
INFO:root:Processing smapi.cpc2a775.DrsCOR_cert_001.01.15.11.10.00
INFO:root:Seen this file, starting at 3552
INFO:root:Processing smapi.cpc2a775.VCM_cert_001.01.15.11.15.00
INFO:root:Seen this file, starting at 787
INFO:root:Processing smapi.cpc2a775.DrsNotifyRM_cert_001.01.15.11.15.00
INFO:root:Seen this file, starting at 4069
INFO:root:Processing smapi.cpc2a775.AlertsOrch_cert_003.01.15.11.20.00
INFO:root:New file
INFO:root:Processing smapi.cpc2a775.ChasmExec_cert_001.01.15.10.55.00
INFO:root:Seen this file, starting at 1900
INFO:root:Processing smapi.cpc2a775.DrsWFS_cert_001.01.15.11.00.00
INFO:root:Seen this file, starting at 23320
INFO:root:Processing smapi.cpc2a775.DrsList_cert_001.01.15.11.05.00
INFO:root:Seen this file, starting at 3765
INFO:root:Processing smapi.cpc2a775.DrsListAdm_cert_001.01.15.11.05.00
INFO:root:Seen this file, starting at 1200
INFO:root:Processing smapi.cpc2a775.AlertsOrch_cert_004.01.15.11.15.00
INFO:root:Seen this file, starting at 1015
INFO:root:Processing smapi.cpc2a775.DrsNotifyOR_cert_001.01.15.11.15.00
INFO:root:Seen this file, starting at 3066
INFO:root:Processing smapi.cpc2a775.UsaUds_cert_001.01.15.11.00.00
INFO:root:Seen this file, starting at 2240
INFO:root:Processing smapi.cpc2a775.DrsLctr_cert_001.01.15.11.10.00
INFO:root:Seen this file, starting at 1686
INFO:root:Processing smapi.cpc2a775.ID_dime_smdata_cert_001.01.15.11.20.00
INFO:root:New file
INFO:root:Processing smapi.cpc2a775.VCM_cert_004.01.15.11.20.00
INFO:root:New file
INFO:root:Processing smapi.cpc2a775.AlertsMgr_cert_003.01.15.11.20.00
INFO:root:New file
INFO:root:Processing smapi.cpc2a775.AlertsOrch_cert_002.01.15.11.10.00
INFO:root:Seen this file, starting at 1928
INFO:root:Processing smapi.cpc2a775.AlertsOrch_cert_001.01.15.11.10.00
INFO:root:Seen this file, starting at 3317
INFO:root:Processing smapi.cpc2a775.ChasmMonitor_cert_001.01.15.11.10.00
INFO:root:Seen this file, starting at 784
INFO:root:Processing smapi.cpc2a775.DrsCRM_cert_001.01.15.11.10.00
INFO:root:Seen this file, starting at 9226
INFO:root:Processing smapi.cpc2a775.DrsCOPPS_cert_001.01.15.10.50.00
INFO:root:Seen this file, starting at 5382
INFO:root:Processing smapi.cpc2a775.DrsCOLNP_cert_002.01.15.10.50.00
INFO:root:Seen this file, starting at 10614
INFO:root:Processing smapi.cpc2a775.DrsCOLNP_cert_001.01.15.11.10.00
INFO:root:Seen this file, starting at 3538
INFO:root:Processing smapi.cpc2a775.AlertsMgr_cert_005.01.15.10.50.00
INFO:root:Seen this file, starting at 3882
INFO:root:Processing smapi.cpc2a775.AlertsMgr_cert_003.01.15.10.50.00
INFO:root:Seen this file, starting at 3882
INFO:root:No new data, same size, skipping
INFO:root:Processing smapi.cpc2a775.DrsRA_cert_001.01.15.10.55.00
INFO:root:Seen this file, starting at 10825
INFO:root:Processing smapi.cpc2a775.AlertsMgr_cert_004.01.15.10.55.00
INFO:root:Seen this file, starting at 3235
INFO:root:Processing smapi.cpc2a775.DrsMSGOR_cert_001.01.15.11.00.00
INFO:root:Seen this file, starting at 3930
INFO:root:Processing smapi.cpc2a775.DrsDQA_cert_001.01.15.11.00.00
INFO:root:Seen this file, starting at 6696
INFO:root:Processing smapi.cpc2a775.VCM_cert_002.01.15.11.20.00
INFO:root:New file
INFO:root:Processing smapi.cpc2a775.DrsCOARM_cert_001.01.15.11.20.00
INFO:root:New file
INFO:root:Processing smapi.cpc2a775.AlertsOrch_cert_005.01.15.11.00.00
INFO:root:Seen this file, starting at 4060
INFO:root:Processing smapi.cpc2a775.DrsCAOR_cert_001.01.15.11.00.00
INFO:root:Seen this file, starting at 6422
INFO:root:Processing smapi.cpc2a775.VCM_cert_003.01.15.11.10.00
INFO:root:Seen this file, starting at 1574
INFO:root:Processing smapi.cpc2a775.DrsCAOR_cert_002.01.15.11.15.00
INFO:root:Seen this file, starting at 1600
INFO:root:Processing smapi.cpc2236.ols_cert11_ctgap_001.01.15.11.20.00
INFO:root:New file
INFO:root:Processing smapi.cpc2236.ols_cert11_LNP_001.01.15.10.50.00
INFO:root:Seen this file, starting at 200466
INFO:root:No new data, same size, skipping
INFO:root:Processing smapi.cpc2236.ols_cert11_shepardsbriefcheck_001.01.15.10.55.00
INFO:root:Seen this file, starting at 5080
INFO:root:Processing smapi.cpc2236.ols_cert11_US_lexispsl.01.15.11.15.00
INFO:root:Seen this file, starting at 688
INFO:root:Processing smapi.cpc2236.ChasmXMLAgent_cert_001.01.15.10.50.00
INFO:root:Seen this file, starting at 4062
INFO:root:No new data, same size, skipping
INFO:root:Processing smapi.cpc2236.ols_cert11_iws.01.15.10.55.00
INFO:root:Seen this file, starting at 46201
INFO:root:Processing smapi.cpc2236.ols_cert11_NewPowerInvoice.01.15.11.15.00
INFO:root:Seen this file, starting at 599
INFO:root:Processing smapi.cpc2236.ols_cert11_LNP_001.01.15.11.20.00
INFO:root:New file
INFO:root:Processing smapi.cpc2236.ChasmMonitor_cert_001.01.15.10.50.00
INFO:root:Seen this file, starting at 2328
INFO:root:Processing smapi.cpc2236.ID_dime_smdata_cert_001.01.15.10.55.00
INFO:root:Seen this file, starting at 8079
INFO:root:Processing smapi.cpc2236.ols_cert11_LDC_002.01.15.11.05.00
INFO:root:Seen this file, starting at 11151
INFO:root:Processing smapi.cpc2236.ChasmExec_cert_001.01.15.11.05.00
INFO:root:Seen this file, starting at 1128
INFO:root:Processing smapi.cpc2236.ols_cert11_LDC_001.01.15.11.05.00
INFO:root:Seen this file, starting at 6861
INFO:root:Processing smapi.cpc2236.ols_cert11_SmartWatchJSRD_001.01.15.11.15.00
INFO:root:Seen this file, starting at 3026
INFO:root:Processing smapi.cpc2236.ols_cert11_lnas.01.15.11.15.00
INFO:root:Seen this file, starting at 1798
INFO:root:Processing smapi.cpc2236.ols_cert11_TotalPatent_002.01.15.11.15.00
INFO:root:Seen this file, starting at 2599
INFO:root:Processing smapi.cpc2236.ChasmXMLAgent_cert_001.01.15.11.20.00
INFO:root:New file
INFO:root:Processing smapi.cpc2236.ols_cert11_TotalPatent_001.01.15.10.55.00
INFO:root:Seen this file, starting at 43510
INFO:root:Processing smapi.cpc2236.ols_cert11_PowerInvoice.01.15.10.55.00
INFO:root:Seen this file, starting at 13615
INFO:root:Processing smapi.cpc2236.ols_cert11_dossier_001.01.15.10.55.00
INFO:root:Seen this file, starting at 2460
INFO:root:Processing smapi.cpc22690.SDS_cert1_001.01.15.10.51.29
INFO:root:Seen this file, starting at 375657
INFO:root:Processing smapi.cpc22690.ChasmExec_cert_001.01.15.11.05.00
INFO:root:Seen this file, starting at 1140
INFO:root:Processing smapi.cpc22690.ID_dime_smdata_cert_001.01.15.11.10.00
INFO:root:Seen this file, starting at 3270
INFO:root:Processing smapi.cpc22690.qds_fop_cert1_001.01.15.11.15.00
INFO:root:Seen this file, starting at 507
INFO:root:Processing smapi.cpc22690.UIS_cert1_001.01.15.11.11.22
INFO:root:Seen this file, starting at 139966
INFO:root:Processing smapi.cpc22690.SDS_cert1_001.01.15.11.21.40
INFO:root:New file
INFO:root:Processing smapi.cpc22690.DAS_cert1_001.01.15.10.55.00
INFO:root:Seen this file, starting at 9004
INFO:root:Processing smapi.cpc22690.qds_dfe_cert1_001.01.15.10.49.09
INFO:root:Seen this file, starting at 67028
INFO:root:No new data, same size, skipping
INFO:root:Processing smapi.cpc22690.ChasmMonitor_cert_001.01.15.10.50.00
INFO:root:Seen this file, starting at 2352
INFO:root:Processing smapi.cpc22690.CDS_cert1_001.01.15.10.50.00
INFO:root:Seen this file, starting at 38670
INFO:root:Processing smapi.cpc22690.SAS_cert1_001.01.15.10.55.00
INFO:root:Seen this file, starting at 16905
INFO:root:Processing smapi.cpc22690.CLS_cert1_001.01.15.11.00.00
INFO:root:Seen this file, starting at 8216
INFO:root:Processing smapi.cpc22690.Gap_cert1_001.01.15.11.00.00
INFO:root:Seen this file, starting at 87258
INFO:root:Processing smapi.cpc22690.FAS_cert1_001.01.15.11.05.00
INFO:root:Seen this file, starting at 7959
INFO:root:Processing smapi.cpc22690.ID_web_collector_cert_001.01.15.11.20.00
INFO:root:New file
INFO:root:Processing smapi.cpc22690.qds_dfe_cert1_001.01.15.11.20.00
INFO:root:New file
INFO:root:Processing smapi.cpc22690.CDS_cert1_001.01.15.11.05.00
INFO:root:Seen this file, starting at 19335
INFO:root:Processing smapi.cpc22690.JCite_cert1_001.01.15.11.05.00
INFO:root:Seen this file, starting at 22248
INFO:root:Processing smapi.cpc22690.CheckCiteService_cert1_001.01.15.11.05.00
INFO:root:Seen this file, starting at 53481
INFO:root:Processing smapi.cpc22690.XFS_cert1_001.01.15.11.05.00
INFO:root:Seen this file, starting at 104998
INFO:root:Processing smapi.cpc22690.qds_fax_cert1_001.01.15.10.55.00
INFO:root:Seen this file, starting at 5360
INFO:root:Processing smapi.cpc22690.rs_cert1_001.01.15.10.55.05
INFO:root:Seen this file, starting at 140573
INFO:root:Processing smapi.cpc22690.IMS_cert1_001.01.15.11.05.00
INFO:root:Seen this file, starting at 15150
INFO:root:Processing smapi.cpc22690.ID_web_collector_cert_001.01.15.10.50.00
INFO:root:Seen this file, starting at 8964
INFO:root:No new data, same size, skipping
INFO:root:Processing smapi.cpc22690.qds_jfmtr_cert1_001.01.15.10.50.00
INFO:root:Seen this file, starting at 9360
INFO:root:Processing smapi.cpc22645.DrsMSGRM_cert_001.01.15.11.15.00
INFO:root:Seen this file, starting at 1287
INFO:root:Processing smapi.cpc22645.DrsRA_cert_001.01.15.11.20.00
INFO:root:New file
INFO:root:Processing smapi.cpc22645.DrsDQA_cert_001.01.15.10.50.00
INFO:root:Seen this file, starting at 10266
INFO:root:Processing smapi.cpc22645.DrsCOLNP_cert_001.01.15.10.50.00
INFO:root:Seen this file, starting at 10614
INFO:root:Processing smapi.cpc22645.ID_dime_smdata_cert_001.01.15.10.50.00
INFO:root:Seen this file, starting at 9708
INFO:root:Processing smapi.cpc22645.DrsCRM_cert_001.01.15.10.50.00
INFO:root:Seen this file, starting at 28272
INFO:root:Processing smapi.cpc22645.DrsRA_cert_001.01.15.10.50.00
INFO:root:Seen this file, starting at 10272
INFO:root:No new data, same size, skipping
INFO:root:Processing smapi.cpc22645.DrsCAOR_cert_002.01.15.11.05.00
INFO:root:Seen this file, starting at 4580
INFO:root:Processing smapi.cpc22645.DrsListAdm_cert_001.01.15.11.10.00
INFO:root:Seen this file, starting at 800
INFO:root:Processing smapi.cpc22645.AlertsMgr_cert_004.01.15.11.10.00
INFO:root:Seen this file, starting at 1294
INFO:root:Processing smapi.cpc22645.DrsMSGOR_cert_001.01.15.11.15.00
INFO:root:Seen this file, starting at 981
INFO:root:Processing smapi.cpc22645.UsaUds_cert_001.01.15.11.15.00
INFO:root:Seen this file, starting at 780
INFO:root:Processing smapi.cpc22645.DrsCOR_cert_001.01.15.10.50.00
INFO:root:Seen this file, starting at 10658
INFO:root:No new data, same size, skipping
INFO:root:Processing smapi.cpc22645.DrsSSA_cert_001.01.15.11.00.00
INFO:root:Seen this file, starting at 6110
INFO:root:Processing smapi.cpc22645.DrsList_cert_001.01.15.11.00.00
INFO:root:Seen this file, starting at 6114
INFO:root:Processing smapi.cpc22645.AlertsOrch_cert_002.01.15.11.00.00
INFO:root:Seen this file, starting at 3652
INFO:root:Processing smapi.cpc22645.DrsCOLNP_cert_002.01.15.11.10.00
INFO:root:Seen this file, starting at 3538
INFO:root:Processing smapi.cpc22645.AlertsMgr_cert_002.01.15.11.10.00
INFO:root:Seen this file, starting at 8212
INFO:root:Processing smapi.cpc22645.AlertsMgr_cert_001.01.15.11.10.00
INFO:root:Seen this file, starting at 8257
INFO:root:Processing smapi.cpc22645.AlertsOrch_cert_001.01.15.11.15.00
INFO:root:Seen this file, starting at 1673
INFO:root:Processing smapi.cpc22645.DrsCOARM_cert_001.01.15.11.15.00
INFO:root:Seen this file, starting at 2172
INFO:root:Processing smapi.cpc22645.VCM_cert_001.01.15.11.20.00
INFO:root:New file
INFO:root:Processing smapi.cpc22645.DrsCOPPS_cert_001.01.15.11.00.00
INFO:root:Seen this file, starting at 3248
INFO:root:Processing smapi.cpc22645.DrsCAOR_cert_001.01.15.11.00.00
INFO:root:Seen this file, starting at 6398
INFO:root:Processing smapi.cpc22645.DrsCOR_cert_001.01.15.11.20.00
INFO:root:New file
INFO:root:Processing smapi.cpc22645.DrsCARM_cert_001.01.15.11.20.00
INFO:root:New file
INFO:root:Processing smapi.cpc22645.AlertsOrch_cert_004.01.15.11.20.00
INFO:root:New file
INFO:root:Processing smapi.cpc22645.AlertsOrch_cert_003.01.15.11.20.00
INFO:root:New file
INFO:root:Processing smapi.cpc22645.DrsCARM_cert_001.01.15.10.50.00
INFO:root:Seen this file, starting at 4056
INFO:root:No new data, same size, skipping
INFO:root:Processing smapi.cpc22645.DrsNotifyRM_cert_001.01.15.11.00.00
INFO:root:Seen this file, starting at 15836
INFO:root:Processing smapi.cpc22645.AlertsMgr_cert_005.01.15.11.00.00
INFO:root:Seen this file, starting at 2588
INFO:root:Processing smapi.cpc22645.DrsNotifyOR_cert_001.01.15.11.00.00
INFO:root:Seen this file, starting at 12146
INFO:root:Processing smapi.cpc22645.AlertsMgr_cert_003.01.15.11.00.00
INFO:root:Seen this file, starting at 2588
INFO:root:Processing smapi.cpc22645.ChasmMonitor_cert_001.01.15.11.05.00
INFO:root:Seen this file, starting at 1176
INFO:root:Processing smapi.cpc22645.DrsUEA_cert_001.01.15.11.05.00
INFO:root:Seen this file, starting at 1764
INFO:root:Processing smapi.cpc22645.DrsLctr_cert_001.01.15.11.10.00
INFO:root:Seen this file, starting at 1686
INFO:root:Processing smapi.cpc22645.ID_web_collector_cert_001.01.15.11.10.00
INFO:root:Seen this file, starting at 2972
INFO:root:Processing smapi.cpc22645.DrsWFS_cert_001.01.15.10.50.00
INFO:root:Seen this file, starting at 35459
INFO:root:Processing smapi.cpc22645.ChasmExec_cert_001.01.15.11.10.00
INFO:root:Seen this file, starting at 760
INFO:root:Processing smapi.cpc22645.AlertsOrch_cert_005.01.15.11.10.00
INFO:root:Seen this file, starting at 2030
INFO:root:Processing smapi.cpc22645.DrsUPS_cert_001.01.15.11.10.20
INFO:root:Seen this file, starting at 31340
INFO:root:Processing smapi.cpc222731.DrsAnltx_cert_001.01.15.10.50.00
INFO:root:Seen this file, starting at 13303
INFO:root:No new data, same size, skipping
INFO:root:Processing smapi.cpc222731.DrsToc_cert_001.01.15.11.10.00
INFO:root:Seen this file, starting at 3206
INFO:root:Processing smapi.cpc222731.DrsRetr_cert_002.01.15.11.00.00
INFO:root:Seen this file, starting at 18992
INFO:root:Processing smapi.cpc222731.DrsSrch_cert_002.01.15.11.20.00
INFO:root:New file
INFO:root:Processing smapi.cpc222731.DrsRetr_cert_004.01.15.11.00.00
INFO:root:Seen this file, starting at 19803
INFO:root:Processing smapi.cpc222731.DrsLapi_cert_001.01.15.11.15.00
INFO:root:Seen this file, starting at 1246
INFO:root:Processing smapi.cpc222731.DrsSrch_cert_001.01.15.11.00.00
INFO:root:Seen this file, starting at 41430
INFO:root:Processing smapi.cpc222731.DrsShpdCacheWarmup_cert_001.01.15.11.11.33
INFO:root:Seen this file, starting at 1609
INFO:root:Processing smapi.cpc222731.ID_dime_smdata_cert_001.01.15.10.50.00
INFO:root:Seen this file, starting at 9696
INFO:root:No new data, same size, skipping
INFO:root:Processing smapi.cpc222731.DrsCp_cert_001.01.15.10.55.00
INFO:root:Seen this file, starting at 3455
INFO:root:Processing smapi.cpc222731.DrsMprxy_cert_001.01.15.10.55.00
INFO:root:Seen this file, starting at 3570
INFO:root:Processing smapi.cpc222731.DrsShpd_cert_001.01.15.11.01.07
INFO:root:Seen this file, starting at 12136
INFO:root:Processing smapi.cpc222731.DrsJCite_cert_003.01.15.11.01.07
INFO:root:Seen this file, starting at 7566
INFO:root:Processing smapi.cpc222731.ID_dime_smdata_cert_001.01.15.11.20.00
INFO:root:New file
INFO:root:Processing smapi.cpc222731.DrsAnltx_cert_001.01.15.11.20.00
INFO:root:New file
INFO:root:Processing smapi.cpc222731.DrsInstr_cert_002.01.15.10.55.00
INFO:root:Seen this file, starting at 38550
INFO:root:Processing smapi.cpc222731.ChasmMonitor_cert_001.01.15.11.00.00
INFO:root:Seen this file, starting at 1584
INFO:root:Processing smapi.cpc222731.DrsRetr_cert_003.01.15.11.05.00
INFO:root:Seen this file, starting at 14014
INFO:root:Processing smapi.cpc222731.DrsRetr_cert_001.01.15.11.15.00
INFO:root:Seen this file, starting at 5133
INFO:root:Processing smapi.cpc222731.DrsInstr_cert_001.01.15.11.00.00
INFO:root:Seen this file, starting at 30368
INFO:root:Processing smapi.cpc222731.ID_web_collector_cert_001.01.15.11.00.00
INFO:root:Seen this file, starting at 5954
INFO:root:Processing smapi.cpc222731.ChasmExec_cert_001.01.15.11.00.00
INFO:root:Seen this file, starting at 1536
INFO:root:Processing smapi.cpc222731.DrsJCite_cert_001.01.15.11.15.00
INFO:root:Seen this file, starting at 1546
INFO:root:Processing smapi.cpc222731.DrsJCite_cert_002.01.15.11.15.00
INFO:root:Seen this file, starting at 1546
INFO:root:Processing smapi.cpc222732.DrsInstr_cert_001.01.15.10.55.00
INFO:root:Seen this file, starting at 37930
INFO:root:Processing smapi.cpc222732.DrsRetr_cert_002.01.15.11.00.00
INFO:root:Seen this file, starting at 18696
INFO:root:Processing smapi.cpc222732.DrsRetr_cert_001.01.15.11.10.00
INFO:root:Seen this file, starting at 9318
INFO:root:Processing smapi.cpc222732.DrsJCite_cert_003.01.15.11.20.00
INFO:root:New file
INFO:root:Processing smapi.cpc222732.DrsRetr_cert_004.01.15.11.00.00
INFO:root:Seen this file, starting at 18956
INFO:root:Processing smapi.cpc222732.DrsToc_cert_001.01.15.11.10.00
INFO:root:Seen this file, starting at 3076
INFO:root:Processing smapi.cpc222732.DrsShpd_cert_001.01.15.11.01.45
INFO:root:Seen this file, starting at 10429
INFO:root:Processing smapi.cpc222732.DrsJCite_cert_001.01.15.11.15.00
INFO:root:Seen this file, starting at 1546
INFO:root:Processing smapi.cpc222732.ChasmExec_cert_001.01.15.11.20.00
INFO:root:New file
INFO:root:Processing smapi.cpc222732.ID_web_collector_cert_001.01.15.10.50.00
INFO:root:Seen this file, starting at 8931
INFO:root:Processing smapi.cpc222732.ChasmMonitor_cert_001.01.15.10.50.00
INFO:root:Seen this file, starting at 2376
INFO:root:Processing smapi.cpc222732.DrsRetr_cert_003.01.15.11.00.00
INFO:root:Seen this file, starting at 18724
INFO:root:Processing smapi.cpc222732.ID_dime_smdata_cert_001.01.15.11.00.00
INFO:root:Seen this file, starting at 6461
INFO:root:Processing smapi.cpc222732.DrsSrch_cert_001.01.15.11.01.56
INFO:root:Seen this file, starting at 15520
INFO:root:Processing smapi.cpc222732.DrsJCite_cert_002.01.15.11.01.56
INFO:root:Seen this file, starting at 7544
INFO:root:Processing smapi.cpc222732.DrsLapi_cert_001.01.15.11.05.00
INFO:root:Seen this file, starting at 3453
INFO:root:Processing smapi.cpc222732.DrsSrch_cert_002.01.15.11.05.00
INFO:root:Seen this file, starting at 7227
INFO:root:Processing smapi.cpc222732.DrsMprxy_cert_001.01.15.11.05.00
INFO:root:Seen this file, starting at 2142
INFO:root:Processing smapi.cpc222732.DrsAnltx_cert_001.01.15.11.05.00
INFO:root:Seen this file, starting at 5961
INFO:root:Processing smapi.cpc222733.Entex_SA_cert_002.01.15.11.10.00
INFO:root:Seen this file, starting at 2930
INFO:root:Processing smapi.cpc222733.Entex_SA_cert_002.01.15.11.20.00
INFO:root:New file
INFO:root:Processing smapi.cpc222733.Entex_SA_cert_003.01.15.11.00.00
INFO:root:Seen this file, starting at 5887
INFO:root:Processing smapi.cpc222733.DrsLdr_cert_002.01.15.10.51.15
INFO:root:Seen this file, starting at 153844
INFO:root:Processing smapi.cpc222733.Entex_SA_cert_003.01.15.10.55.00
INFO:root:Seen this file, starting at 7367
INFO:root:Processing smapi.cpc222733.DrsJCite_cert_002.01.15.11.00.05
INFO:root:Seen this file, starting at 1255884
INFO:root:Processing smapi.cpc222733.ChasmMonitor_cert_001.01.15.11.05.00
INFO:root:Seen this file, starting at 1188
INFO:root:Processing smapi.cpc222733.Entex_SA_AU_cert_001.01.15.11.10.00
INFO:root:Seen this file, starting at 5858
INFO:root:Processing smapi.cpc222733.DrsJCite_cert_003.01.15.11.12.08
INFO:root:Seen this file, starting at 455611
INFO:root:Processing smapi.cpc222733.ShepLoader_cert_002.01.15.11.20.00
INFO:root:New file
INFO:root:Processing smapi.cpc222733.ChasmExec_cert_001.01.15.10.50.00
INFO:root:Seen this file, starting at 2304
INFO:root:Processing smapi.cpc222733.DrsJCite_cert_001.01.15.10.52.08
INFO:root:Seen this file, starting at 1816414
INFO:root:Processing smapi.cpc222733.ShepSynd_cert_001.01.15.10.55.00
INFO:root:Seen this file, starting at 2095
INFO:root:Processing smapi.cpc222733.Entex_SA_cert_001.01.15.11.00.00
INFO:root:Seen this file, starting at 11956
INFO:root:Processing smapi.cpc222733.ShepLoader_cert_001.01.15.11.00.00
INFO:root:Seen this file, starting at 3316
INFO:root:Processing smapi.cpc222733.Citex_cert_001.01.15.11.05.00
INFO:root:Seen this file, starting at 10950
INFO:root:Processing smapi.cpc222733.ID_web_collector_cert_001.01.15.11.05.00
INFO:root:Seen this file, starting at 4469
INFO:root:Processing smapi.cpc222733.ShepLoader_cert_002.01.15.10.50.00
INFO:root:Seen this file, starting at 4974
INFO:root:No new data, same size, skipping
INFO:root:Processing smapi.cpc222733.ID_dime_smdata_cert_001.01.15.10.55.00
INFO:root:Seen this file, starting at 8173
INFO:root:Processing smapi.cpc222733.DrsLdr_cert_001.01.15.10.55.00
INFO:root:Seen this file, starting at 151524
INFO:root:Processing smapi.cpc222734.DrsLdr_cert_001.01.15.11.05.51
INFO:root:Seen this file, starting at 72171
INFO:root:Processing smapi.cpc222734.ChasmMonitor_cert_001.01.15.11.20.00
INFO:root:New file
INFO:root:Processing smapi.cpc222734.Entex_SA_cert_001.01.15.11.05.00
INFO:root:Seen this file, starting at 4462
INFO:root:Processing smapi.cpc222734.DrsJCite_cert_003.01.15.11.10.36
INFO:root:Seen this file, starting at 528462
INFO:root:Processing smapi.cpc222734.Entex_SA_cert_003.01.15.11.20.00
INFO:root:New file
INFO:root:Processing smapi.cpc222734.Entex_SA_cert_002.01.15.10.55.00
INFO:root:Seen this file, starting at 7457
INFO:root:Processing smapi.cpc222734.DrsLdr_cert_002.01.15.10.58.38
INFO:root:Seen this file, starting at 140419
INFO:root:Processing smapi.cpc222734.ShepLoader_cert_001.01.15.11.00.00
INFO:root:Seen this file, starting at 3316
INFO:root:Processing smapi.cpc222734.ShepLoader_cert_002.01.15.11.00.00
INFO:root:Seen this file, starting at 3316
INFO:root:Processing smapi.cpc222734.Entex_SA_cert_001.01.15.11.00.00
INFO:root:Seen this file, starting at 5915
INFO:root:Processing smapi.cpc222734.ID_dime_smdata_cert_001.01.15.11.05.00
INFO:root:Seen this file, starting at 4908
INFO:root:Processing smapi.cpc222734.ChasmExec_cert_001.01.15.11.15.00
INFO:root:Seen this file, starting at 384
INFO:root:Processing smapi.cpc222734.Entex_SA_cert_002.01.15.11.05.00
INFO:root:Seen this file, starting at 4514
INFO:root:Processing smapi.cpc222734.Entex_SA_AU_cert_001.01.15.11.05.00
INFO:root:Seen this file, starting at 4388
INFO:root:Processing smapi.cpc222734.ID_web_collector_cert_001.01.15.11.00.00
INFO:root:Seen this file, starting at 5955
INFO:root:Processing smapi.cpc222734.DrsJCite_cert_001.01.15.11.07.04
INFO:root:Seen this file, starting at 806401
INFO:root:Processing smapi.cpc222734.DrsJCite_cert_002.01.15.11.08.33
INFO:root:Seen this file, starting at 689926
INFO:root:Processing smapi.cpc222734.Entex_SA_AU_cert_001.01.15.11.10.00
INFO:root:Seen this file, starting at 2926
INFO:root:Processing smapi.cpc222734.Citex_cert_001.01.15.11.10.00
INFO:root:Seen this file, starting at 7086
INFO:root:Total time was: 3.1329 seconds records: 1625  Kbytes: 1839 Files: 198
INFO:root:Total time was: 0.0522149 minutes
INFO:root:Started at: Wed Jan 15 11:21:57 2014
INFO:root:Ended at: Wed Jan 15 11:22:00 2014
INFO:root:State read value is 1
INFO:root:Going to sleep for 296.84237504 seconds
