INFO:root:Processing smapi.cpc22712.DrsShpd_cert_001.01.15.11.01.08
INFO:root:Seen this file, starting at 45347
INFO:root:Processing smapi.cpc22712.DrsJCite_cert_003.01.15.10.55.00
INFO:root:Seen this file, starting at 12126
INFO:root:Processing smapi.cpc22712.DrsRetr_cert_002.01.15.11.10.00
INFO:root:Seen this file, starting at 13550
INFO:root:Processing smapi.cpc22712.DrsToc_cert_001.01.15.11.05.00
INFO:root:Seen this file, starting at 5469
INFO:root:Processing smapi.cpc22712.DrsMprxy_cert_001.01.15.11.10.00
INFO:root:Seen this file, starting at 750
INFO:root:Processing smapi.cpc22712.DrsRetr_cert_003.01.15.11.20.00
INFO:root:New file
INFO:root:Processing smapi.cpc22712.ChasmExec_cert_001.01.15.10.55.00
INFO:root:Seen this file, starting at 1900
INFO:root:Processing smapi.cpc22712.DrsAnltx_cert_001.01.15.11.10.00
INFO:root:Seen this file, starting at 3842
INFO:root:Processing smapi.cpc22712.ID_dime_smdata_cert_001.01.15.11.10.00
INFO:root:Seen this file, starting at 3232
INFO:root:Processing smapi.cpc22712.DrsRetr_cert_001.01.15.11.15.00
INFO:root:Seen this file, starting at 7656
INFO:root:Processing smapi.cpc22712.DrsJCite_cert_001.01.15.10.50.00
INFO:root:Seen this file, starting at 13909
INFO:root:Processing smapi.cpc22712.DrsRetr_cert_003.01.15.10.50.00
INFO:root:Seen this file, starting at 40692
INFO:root:No new data, same size, skipping
INFO:root:Processing smapi.cpc22712.DrsLapi_cert_001.01.15.11.15.00
INFO:root:Seen this file, starting at 1383
INFO:root:Processing smapi.cpc22712.DrsJCite_cert_002.01.15.10.55.00
INFO:root:Seen this file, starting at 10790
INFO:root:Processing smapi.cpc22712.DrsMprxy_cert_001.01.15.11.15.00
INFO:root:Seen this file, starting at 375
INFO:root:Processing smapi.cpc22712.DrsInstr_cert_001.01.15.10.55.00
INFO:root:Seen this file, starting at 11974
INFO:root:Processing smapi.cpc22712.DrsRetr_cert_004.01.15.10.55.00
INFO:root:Seen this file, starting at 34060
INFO:root:Processing smapi.cpc22712.DrsLapi_cert_002.01.15.10.55.00
INFO:root:Seen this file, starting at 5690
INFO:root:Processing smapi.cpc22712.ChasmMonitor_cert_001.01.15.10.59.52
INFO:root:Seen this file, starting at 2835
INFO:root:Processing smapi.cpc22712.ID_web_collector_cert_001.01.15.11.00.00
INFO:root:Seen this file, starting at 5934
INFO:root:Processing smapi.cpc22712.DrsShpdCacheWarmup_cert_001.01.15.11.04.26
INFO:root:Seen this file, starting at 4587
INFO:root:Processing smapi.cpc2c215.Lexis360_Corp_cert_001.01.15.10.55.00
INFO:root:Seen this file, starting at 6260
INFO:root:Processing smapi.cpc2c215.Rosetta_US_News_cert_001.01.15.10.59.17
INFO:root:Seen this file, starting at 55869
INFO:root:Processing smapi.cpc2c215.Rosetta_UK_Legal_cert_001.01.15.11.10.00
INFO:root:Seen this file, starting at 11402
INFO:root:Processing smapi.cpc2c215.Lexis360_publicsector_cert_001.01.15.11.10.00
INFO:root:Seen this file, starting at 3630
INFO:root:Processing smapi.cpc2c215.Rosetta_FR_K4C_cert_001.01.15.11.15.00
INFO:root:Seen this file, starting at 1516
INFO:root:Processing smapi.cpc2c215.Rosetta_AT_Legal_cert_001.01.15.11.15.00
INFO:root:Seen this file, starting at 1741
INFO:root:Processing smapi.cpc2c215.ChasmMonitor_cert_001.01.15.11.20.00
INFO:root:New file
INFO:root:Processing smapi.cpc2c215.Rosetta_UK_News_cert_001.01.15.10.50.00
INFO:root:Seen this file, starting at 13146
INFO:root:Processing smapi.cpc2c215.lexispsl_cert_001.01.15.11.10.00
INFO:root:Seen this file, starting at 7708
INFO:root:Processing smapi.cpc2c215.Rosetta_AU_Legal_cert_001.01.15.10.55.00
INFO:root:Seen this file, starting at 32690
INFO:root:Processing smapi.cpc2c215.Wsapi_cert_001.01.15.10.55.00
INFO:root:Seen this file, starting at 2585
INFO:root:Processing smapi.cpc2c215.ChasmMonitor_cert_001.01.15.10.50.00
INFO:root:Seen this file, starting at 2352
INFO:root:No new data, same size, skipping
INFO:root:Processing smapi.cpc2c215.ID_dime_smdata_cert_001.01.15.10.50.00
INFO:root:Seen this file, starting at 9765
INFO:root:Processing smapi.cpc2c215.Rosetta_US_Academic_cert_001.01.15.10.50.00
INFO:root:Seen this file, starting at 42696
INFO:root:Processing smapi.cpc2c215.PSL_CA_Guidance_cert_001.01.15.11.00.00
INFO:root:Seen this file, starting at 5068
INFO:root:Processing smapi.cpc2c215.Know_Your_Customer_cert_001.01.15.11.00.00
INFO:root:Seen this file, starting at 18644
INFO:root:Processing smapi.cpc2c215.UK_Crawl_Lexispsl_cert_001.01.15.11.05.00
INFO:root:Seen this file, starting at 76419
INFO:root:Processing smapi.cpc2c215.Rosetta_NZ_Legal_cert_001.01.15.11.10.00
INFO:root:Seen this file, starting at 3010
INFO:root:Processing smapi.cpc2c215.Rosetta_UK_Nexisnx_cert_001.01.15.11.15.00
INFO:root:Seen this file, starting at 610
INFO:root:Processing smapi.cpc2c215.Rosetta_UK_TolleyLibrary_cert_001.01.15.11.15.00
INFO:root:Seen this file, starting at 4942
INFO:root:Processing smapi.cpc2c215.ChasmExec_cert_001.01.15.10.55.00
INFO:root:Seen this file, starting at 1900
INFO:root:Processing smapi.cpc2c215.Rosetta_FR_Legal_cert_001.01.15.11.00.00
INFO:root:Seen this file, starting at 3812
INFO:root:Processing smapi.cpc2c215.Rosetta_CA_Legal_cert_001.01.15.11.00.00
INFO:root:Seen this file, starting at 3100
INFO:root:Processing smapi.cpc2c215.Lexis360_notary_cert_001.01.15.11.00.00
INFO:root:Seen this file, starting at 5128
INFO:root:Processing smapi.cpc2c219.Rosetta_US_News_cert_001.01.15.11.15.00
INFO:root:Seen this file, starting at 2503
INFO:root:Processing smapi.cpc2c219.AP_lexispsl_cert_001.01.15.11.15.00
INFO:root:Seen this file, starting at 4252
INFO:root:Processing smapi.cpc2c219.ID_dime_smdata_cert_001.01.15.10.50.00
INFO:root:Seen this file, starting at 9705
INFO:root:Processing smapi.cpc2c219.ChasmMonitor_cert_001.01.15.10.55.00
INFO:root:Seen this file, starting at 1960
INFO:root:Processing smapi.cpc2c219.Lexis360_notary_cert_001.01.15.10.58.09
INFO:root:Seen this file, starting at 107882
INFO:root:Processing smapi.cpc2c219.Rosetta_UK_Legal_cert_001.01.15.11.05.00
INFO:root:Seen this file, starting at 8646
INFO:root:Processing smapi.cpc2c219.Rosetta_UK_TolleyLibrary_cert_001.01.15.11.05.00
INFO:root:Seen this file, starting at 4431
INFO:root:Processing smapi.cpc2c219.Rosetta_IN_Legal_cert_001.01.15.11.20.00
INFO:root:New file
INFO:root:Processing smapi.cpc2c219.ChasmExec_cert_001.01.15.10.50.00
INFO:root:Seen this file, starting at 2280
INFO:root:Processing smapi.cpc2c219.Rosetta_UK_News_cert_001.01.15.11.00.00
INFO:root:Seen this file, starting at 16548
INFO:root:Processing smapi.cpc2c219.Wsapi_cert_001.01.15.11.10.00
INFO:root:Seen this file, starting at 2692
INFO:root:Processing smapi.cpc2c219.Rosetta_CA_Legal_cert_001.01.15.11.10.00
INFO:root:Seen this file, starting at 1928
INFO:root:Processing smapi.cpc2c219.Rosetta_US_Academic_cert_001.01.15.11.10.00
INFO:root:Seen this file, starting at 2416
INFO:root:Processing smapi.cpc2c219.Know_Your_Customer_cert_001.01.15.10.50.00
INFO:root:Seen this file, starting at 11010
INFO:root:Processing smapi.cpc2c219.PSL_CA_Guidance_cert_001.01.15.11.00.00
INFO:root:Seen this file, starting at 4252
INFO:root:Processing smapi.cpc2c219.Lexis360_publicsector_cert_001.01.15.11.15.00
INFO:root:Seen this file, starting at 1910
INFO:root:Processing smapi.cpc2c219.Rosetta_FR_Legal_cert_001.01.15.11.00.00
INFO:root:Seen this file, starting at 6268
INFO:root:Processing smapi.cpc2c219.Lexis360_Corp_cert_001.01.15.11.15.00
INFO:root:Seen this file, starting at 1411
INFO:root:Processing smapi.cpc2c219.Rosetta_FR_K4C_cert_001.01.15.11.00.00
INFO:root:Seen this file, starting at 8532
INFO:root:Processing smapi.cpc2c219.Rosetta_UK_Nexisnx_cert_001.01.15.11.15.00
INFO:root:Seen this file, starting at 572
INFO:root:Processing smapi.cpc2c217.ChasmMonitor_cert_001.01.15.10.55.00
INFO:root:Seen this file, starting at 1960
INFO:root:Processing smapi.cpc2c217.lexispsl_cert_001.01.15.11.15.00
INFO:root:Seen this file, starting at 1679
INFO:root:Processing smapi.cpc2c217.Rosetta_AU_Legal_cert_001.01.15.11.15.00
INFO:root:Seen this file, starting at 4151
INFO:root:Processing smapi.cpc2c217.Rosetta_US_Academic_cert_001.01.15.11.15.12
INFO:root:Seen this file, starting at 97592
INFO:root:Processing smapi.cpc2c217.Rosetta_UK_TolleyLibrary_cert_001.01.15.11.05.00
INFO:root:Seen this file, starting at 7032
INFO:root:Processing smapi.cpc2c217.Rosetta_UK_Legal_cert_001.01.15.10.50.00
INFO:root:Seen this file, starting at 15689427
INFO:root:Processing smapi.cpc2c217.Rosetta_FR_Legal_cert_001.01.15.11.20.00
INFO:root:New file
INFO:root:Processing smapi.cpc2c217.ID_dime_smdata_cert_001.01.15.11.20.00
INFO:root:New file
INFO:root:Processing smapi.cpc2c217.ChasmExec_cert_001.01.15.11.20.00
INFO:root:New file
INFO:root:Processing smapi.cpc2c217.Rosetta_FR_Legal_cert_001.01.15.10.50.00
INFO:root:Seen this file, starting at 19413620
INFO:root:No new data, same size, skipping
INFO:root:Processing smapi.cpc2c217.Rosetta_UK_Nexisnx_cert_001.01.15.10.55.00
INFO:root:Seen this file, starting at 2860
INFO:root:Processing smapi.cpc2c217.Rosetta_CA_Legal_cert_001.01.15.10.55.00
INFO:root:Seen this file, starting at 4349609
INFO:root:Processing smapi.cpc2c217.Rosetta_US_News_cert_001.01.15.10.55.00
INFO:root:Seen this file, starting at 6638753
INFO:root:Processing smapi.cpc22728.DrsToc_cert_001.01.15.11.20.00
INFO:root:New file
INFO:root:Processing smapi.cpc22728.DrsSrch_cert_001.01.15.11.00.00
INFO:root:Seen this file, starting at 73434
INFO:root:Processing smapi.cpc22728.ID_web_collector_cert_001.01.15.11.00.00
INFO:root:Seen this file, starting at 5935
INFO:root:Processing smapi.cpc22728.DrsShpd_cert_001.01.15.11.08.51
INFO:root:Seen this file, starting at 12914
INFO:root:Processing smapi.cpc22728.DrsSrch_cert_002.01.15.11.10.00
INFO:root:Seen this file, starting at 20105
INFO:root:Processing smapi.cpc22728.DrsShpdCacheWarmup_cert_003.01.15.11.10.00
INFO:root:Seen this file, starting at 2118
INFO:root:Processing smapi.cpc22728.DrsLapi_cert_001.01.15.11.15.00
INFO:root:Seen this file, starting at 471
INFO:root:Processing smapi.cpc22728.DrsJCite_cert_002.01.15.11.18.03
INFO:root:Seen this file, starting at 2876
INFO:root:Processing smapi.cpc22728.DrsJCite_cert_001.01.15.10.53.02
INFO:root:Seen this file, starting at 23490
INFO:root:Processing smapi.cpc22728.DrsMprxy_cert_001.01.15.11.15.00
INFO:root:Seen this file, starting at 353
INFO:root:Processing smapi.cpc22728.DrsAnltx_cert_001.01.15.10.55.00
INFO:root:Seen this file, starting at 4793
INFO:root:Processing smapi.cpc22728.ID_dime_smdata_cert_001.01.15.10.55.00
INFO:root:Seen this file, starting at 8076
INFO:root:Processing smapi.cpc22728.ChasmMonitor_cert_001.01.15.10.55.00
INFO:root:Seen this file, starting at 1960
INFO:root:Processing smapi.cpc22728.ChasmExec_cert_001.01.15.11.00.00
INFO:root:Seen this file, starting at 1520
INFO:root:Processing smapi.cpc22728.DrsMprxy_cert_001.01.15.11.20.00
INFO:root:New file
INFO:root:Processing smapi.cpc22728.DrsInstr_cert_001.01.15.11.20.00
INFO:root:New file
INFO:root:Processing smapi.cpc22728.DrsShpdCacheWarmup_cert_001.01.15.10.50.00
INFO:root:Seen this file, starting at 17210
INFO:root:Processing smapi.cpc22728.DrsDsm_cert_001.01.15.10.50.00
INFO:root:Seen this file, starting at 2874
INFO:root:Processing smapi.cpc22728.DrsRetr_cert_001.01.15.11.13.10
INFO:root:Seen this file, starting at 5832
INFO:root:Processing smapi.cpc22728.DrsShpdCacheWarmup_cert_002.01.15.11.04.25
INFO:root:Seen this file, starting at 4805
INFO:root:Total time was: 1.47605 seconds records: 103  Kbytes: 254 Files: 95
INFO:root:Total time was: 0.0246009 minutes
INFO:root:Started at: Wed Jan 15 11:21:39 2014
INFO:root:Ended at: Wed Jan 15 11:21:40 2014
INFO:root:State read value is 1
INFO:root:Going to sleep for 298.512204885 seconds
