INFO:root:Processing smapi.CNTD3BWEB109B.LMO_LA.01.15.11.12.11
INFO:root:Seen this file, starting at 2402
INFO:root:Processing smapi.CNTD3BWEB92J.LexisAdvance_0.01.15.11.01.34
INFO:root:Seen this file, starting at 36123
INFO:root:Processing smapi.CNTD3BWEB92J.LexisAdvance_2.01.15.11.01.34
INFO:root:Seen this file, starting at 27810
INFO:root:Processing smapi.CNTD3BWEB92P.LexisAdvance_2.01.15.11.00.55
INFO:root:Seen this file, starting at 10243
INFO:root:Processing smapi.CNTD3BWEB92V.LexisAdvance_1.01.15.11.06.35
INFO:root:Seen this file, starting at 14529
INFO:root:Processing smapi.CNTD3BWEB92W.LexisAdvance_1.01.15.11.03.42
INFO:root:Seen this file, starting at 22127
INFO:root:Processing smapi.CNTD3BWEB109A.LMO_BIS.01.15.10.54.07
INFO:root:Seen this file, starting at 3680
INFO:root:Processing smapi.CNTD3BWEB92W.LexisAdvance_2.01.15.11.03.42
INFO:root:Seen this file, starting at 18069
INFO:root:Processing smapi.CNTD3BWEB92W.LexisAdvance_0.01.15.11.03.42
INFO:root:Seen this file, starting at 13833
INFO:root:Processing smapi.CNTD3BWEB92Q.LexisAdvance_2.01.15.11.04.09
INFO:root:Seen this file, starting at 6482
INFO:root:Processing smapi.CNTD3BWEB92P.LexisAdvance_1.01.15.11.00.55
INFO:root:Seen this file, starting at 8246
INFO:root:Processing smapi.CNTD3BWEB109D.LMO_LA.01.15.10.51.42
INFO:root:Seen this file, starting at 148742
INFO:root:Processing smapi.CNTD3BWEB109D.Lca_0.01.15.10.50.13
INFO:root:Seen this file, starting at 2105
INFO:root:Processing smapi.CNTD3BWEB92B.LexisAdvance_2.01.15.11.01.32
INFO:root:Seen this file, starting at 13958
INFO:root:Processing smapi.CNTD3BWEB92C.LexisAdvance_1.01.15.11.00.37
INFO:root:Seen this file, starting at 18424
INFO:root:Processing smapi.CNTD3BWEB92X.LexisAdvance_2.01.15.11.02.39
INFO:root:Seen this file, starting at 21880
INFO:root:Processing smapi.CNTD3BWEB92D.LexisAdvance_1.01.15.11.00.14
INFO:root:Seen this file, starting at 29566
INFO:root:Processing smapi.CNTD3BWEB92B.LexisAdvance_1.01.15.11.01.32
INFO:root:Seen this file, starting at 26258
INFO:root:Processing smapi.CNTD3BWEB92B.LexisAdvance_0.01.15.11.01.32
INFO:root:Seen this file, starting at 23309
INFO:root:Processing smapi.CNTD3BWEB92V.LexisAdvance_2.01.15.11.06.35
INFO:root:Seen this file, starting at 12094
INFO:root:Processing smapi.CNTD3BWEB92C.LexisAdvance_0.01.15.11.00.37
INFO:root:Seen this file, starting at 5380
INFO:root:Processing smapi.CNTD3BWEB92A.LexisAdvance_2.01.15.11.00.01
INFO:root:Seen this file, starting at 16603
INFO:root:Processing smapi.CNTD3BWEB92X.LexisAdvance_0.01.15.11.02.39
INFO:root:Seen this file, starting at 10522
INFO:root:Processing smapi.CNTD3BWEB92J.LexisAdvance_1.01.15.11.01.34
INFO:root:Seen this file, starting at 27454
INFO:root:Processing smapi.CNTD3BWEB109C.LMO_LA.01.15.11.14.04
INFO:root:Seen this file, starting at 4278
INFO:root:Processing smapi.CNTD3BWEB92Q.LexisAdvance_1.01.15.11.04.09
INFO:root:Seen this file, starting at 6388
INFO:root:Processing smapi.CNTD3BWEB92D.LexisAdvance_0.01.15.11.00.14
INFO:root:Seen this file, starting at 15776
INFO:root:Processing smapi.CNTD3BWEB92D.LexisAdvance_2.01.15.11.00.14
INFO:root:Seen this file, starting at 20881
INFO:root:Processing smapi.CNTD3BWEB106A.LexisAdvanceFirstConsult_0.01.15.11.03.35
INFO:root:Seen this file, starting at 4409
INFO:root:Processing smapi.CNTD3BWEB106I.LexisAdvanceAppFmtr_0.01.15.11.15.39
INFO:root:New file
INFO:root:Processing smapi.CNTD3BWEB100A.AssistedSearch.01.15.11.17.57
INFO:root:New file
INFO:root:Processing smapi.CNTD3BWEB100A.AssistedSearch.01.15.11.16.35
INFO:root:New file
INFO:root:Processing smapi.CNTD3BWEB92P.LexisAdvance_0.01.15.11.00.55
INFO:root:Seen this file, starting at 9483
INFO:root:Processing smapi.CNTD3BWEB92A.LexisAdvance_1.01.15.11.00.01
INFO:root:Seen this file, starting at 14635
INFO:root:Processing smapi.CNTD3BWEB106T.LexisAdvanceAppFmtr_0.01.15.11.05.18
INFO:root:Seen this file, starting at 1720
INFO:root:Processing smapi.CNTD3BWEB109A.LMO_LA.01.15.11.02.08
INFO:root:Seen this file, starting at 8059
INFO:root:Processing smapi.CNTD3BWEB100A.AssistedSearch.01.15.10.47.56
INFO:root:Seen this file, starting at 417318
INFO:root:No new data, same size, skipping
INFO:root:Processing smapi.CNTD3BWEB92A.LexisAdvance_0.01.15.11.00.01
INFO:root:Seen this file, starting at 24668
INFO:root:Processing smapi.CNTD3BWEB92X.LexisAdvance_1.01.15.11.02.39
INFO:root:Seen this file, starting at 13493
INFO:root:Processing smapi.CNTD3BWEB92Q.LexisAdvance_0.01.15.11.04.09
INFO:root:Seen this file, starting at 7172
INFO:root:Processing smapi.CNTD3BWEB92C.LexisAdvance_2.01.15.11.00.37
INFO:root:Seen this file, starting at 10344
INFO:root:Processing smapi.CNTD3BWEB92V.LexisAdvance_0.01.15.11.06.35
INFO:root:Seen this file, starting at 17763
INFO:root:Total time was: 0.571643 seconds records: 95  Kbytes: 109 Files: 41
INFO:root:Total time was: 0.00952738 minutes
INFO:root:Started at: Wed Jan 15 11:22:09 2014
INFO:root:Ended at: Wed Jan 15 11:22:09 2014
INFO:root:State read value is 1
INFO:root:Going to sleep for 299.419244051 seconds
